2024-07-14 13:48:51,898 : ################################################################################
2024-07-14 13:48:51,899 : angr: 9.2.102
2024-07-14 13:48:51,899 : angr: sys.version_info(major=3, minor=8, micro=10, releaselevel='final', serial=0)
2024-07-14 13:48:51,899 : ################################################################################
2024-07-14 13:48:51,899 : Start: 2024-07-14 13:48:51.899599
2024-07-14 13:48:51,899 : ********************************************************************************
2024-07-14 13:48:51,899 : Full Analysis: True
2024-07-14 13:48:51,899 : Functionality Analysis : dgaRamdo
2024-07-14 13:48:51,899 : ********************************************************************************
2024-07-14 13:48:51,900 : Starting analysis of ./samples/dgaramdo_tigress_vir_O0
2024-07-14 13:48:52,580 : dgaRamdo is a candidate
2024-07-14 13:48:52,582 : Processing argument struct sSelf at position 0
2024-07-14 13:48:52,582 : dgaRamdo has struct, reconstructing.
2024-07-14 13:48:52,582 : Struct value : {
  .seed = 876543,
  .nr = 0,
  .generateddomains = 0,
  .lastdomain = '',
  .domainhistory = ''
}
2024-07-14 13:48:52,583 : [1/118] Analyzing Function '_init', at 0x403000
2024-07-14 13:48:52,583 : Could not get get prototype of function _init at 0x403000
2024-07-14 13:48:52,583 : Could not check the args and return value but moving on because of self.analyze_if_unknown_prototype.
2024-07-14 13:48:53,553 : Function _init at 0x403000: Running angr callable with concrete arguments.
2024-07-14 13:48:54,508 : Function _init at 0x403000 has return value: <BV64 0x0>
2024-07-14 13:48:54,508 : Function '_init' with 'dgaRamdo', at 4206592 has return bytes: b''
2024-07-14 13:48:54,509 : Function '_init' with 'dgaRamdo', at 4206592 has return value: 
2024-07-14 13:48:54,509 : Not a candidate function: '_init' at 0x403000, has return vale: <BV64 0x0>
2024-07-14 13:48:54,509 : [2/118] Analyzing Function 'sub_403020', at 0x403020
2024-07-14 13:48:54,509 : Could not get get prototype of function sub_403020 at 0x403020
2024-07-14 13:48:54,509 : Could not check the args and return value but moving on because of self.analyze_if_unknown_prototype.
2024-07-14 13:48:55,390 : Function sub_403020 at 0x403020: Running angr callable with concrete arguments.
2024-07-14 13:48:56,373 : Exception: No paths returned from function
Traceback (most recent call last):
  File "simID_modified.py", line 474, in analyze_sample
    ret_val = check_func(*c_input)
  File "/home/analyst/.local/lib/python3.8/site-packages/angr/callable.py", line 74, in __call__
    self.perform_call(*args, prototype=prototype)
  File "/home/analyst/.local/lib/python3.8/site-packages/angr/callable.py", line 107, in perform_call
    raise AngrCallableError("No paths returned from function")
angr.errors.AngrCallableError: No paths returned from function
2024-07-14 13:48:56,374 : [3/118] Analyzing Function 'sub_40302d', at 0x40302d
2024-07-14 13:48:56,375 : Could not get get prototype of function sub_40302d at 0x40302d
2024-07-14 13:48:56,375 : Could not check the args and return value but moving on because of self.analyze_if_unknown_prototype.
2024-07-14 13:48:57,186 : Function sub_40302d at 0x40302d: Running angr callable with concrete arguments.
2024-07-14 13:48:58,161 : Exception: No paths returned from function
Traceback (most recent call last):
  File "simID_modified.py", line 474, in analyze_sample
    ret_val = check_func(*c_input)
  File "/home/analyst/.local/lib/python3.8/site-packages/angr/callable.py", line 74, in __call__
    self.perform_call(*args, prototype=prototype)
  File "/home/analyst/.local/lib/python3.8/site-packages/angr/callable.py", line 107, in perform_call
    raise AngrCallableError("No paths returned from function")
angr.errors.AngrCallableError: No paths returned from function
2024-07-14 13:48:58,162 : [4/118] Analyzing Function 'sub_403030', at 0x403030
2024-07-14 13:48:58,162 : Could not get get prototype of function sub_403030 at 0x403030
2024-07-14 13:48:58,162 : Could not check the args and return value but moving on because of self.analyze_if_unknown_prototype.
2024-07-14 13:48:59,329 : Function sub_403030 at 0x403030: Running angr callable with concrete arguments.
2024-07-14 13:49:00,535 : Exception: No paths returned from function
Traceback (most recent call last):
  File "simID_modified.py", line 474, in analyze_sample
    ret_val = check_func(*c_input)
  File "/home/analyst/.local/lib/python3.8/site-packages/angr/callable.py", line 74, in __call__
    self.perform_call(*args, prototype=prototype)
  File "/home/analyst/.local/lib/python3.8/site-packages/angr/callable.py", line 107, in perform_call
    raise AngrCallableError("No paths returned from function")
angr.errors.AngrCallableError: No paths returned from function
2024-07-14 13:49:00,536 : [5/118] Analyzing Function 'sub_40303f', at 0x40303f
2024-07-14 13:49:00,536 : Could not get get prototype of function sub_40303f at 0x40303f
2024-07-14 13:49:00,536 : Could not check the args and return value but moving on because of self.analyze_if_unknown_prototype.
2024-07-14 13:49:01,607 : Function sub_40303f at 0x40303f: Running angr callable with concrete arguments.
2024-07-14 13:49:02,686 : Exception: No paths returned from function
Traceback (most recent call last):
  File "simID_modified.py", line 474, in analyze_sample
    ret_val = check_func(*c_input)
  File "/home/analyst/.local/lib/python3.8/site-packages/angr/callable.py", line 74, in __call__
    self.perform_call(*args, prototype=prototype)
  File "/home/analyst/.local/lib/python3.8/site-packages/angr/callable.py", line 107, in perform_call
    raise AngrCallableError("No paths returned from function")
angr.errors.AngrCallableError: No paths returned from function
2024-07-14 13:49:02,686 : [6/118] Analyzing Function 'sub_403040', at 0x403040
2024-07-14 13:49:02,686 : Could not get get prototype of function sub_403040 at 0x403040
2024-07-14 13:49:02,686 : Could not check the args and return value but moving on because of self.analyze_if_unknown_prototype.
2024-07-14 13:49:03,524 : Function sub_403040 at 0x403040: Running angr callable with concrete arguments.
2024-07-14 13:49:04,389 : Exception: No paths returned from function
Traceback (most recent call last):
  File "simID_modified.py", line 474, in analyze_sample
    ret_val = check_func(*c_input)
  File "/home/analyst/.local/lib/python3.8/site-packages/angr/callable.py", line 74, in __call__
    self.perform_call(*args, prototype=prototype)
  File "/home/analyst/.local/lib/python3.8/site-packages/angr/callable.py", line 107, in perform_call
    raise AngrCallableError("No paths returned from function")
angr.errors.AngrCallableError: No paths returned from function
2024-07-14 13:49:04,391 : [7/118] Analyzing Function 'sub_40304f', at 0x40304f
2024-07-14 13:49:04,391 : Could not get get prototype of function sub_40304f at 0x40304f
2024-07-14 13:49:04,392 : Could not check the args and return value but moving on because of self.analyze_if_unknown_prototype.
2024-07-14 13:49:05,295 : Function sub_40304f at 0x40304f: Running angr callable with concrete arguments.
2024-07-14 13:49:06,172 : Exception: No paths returned from function
Traceback (most recent call last):
  File "simID_modified.py", line 474, in analyze_sample
    ret_val = check_func(*c_input)
  File "/home/analyst/.local/lib/python3.8/site-packages/angr/callable.py", line 74, in __call__
    self.perform_call(*args, prototype=prototype)
  File "/home/analyst/.local/lib/python3.8/site-packages/angr/callable.py", line 107, in perform_call
    raise AngrCallableError("No paths returned from function")
angr.errors.AngrCallableError: No paths returned from function
2024-07-14 13:49:06,173 : [8/118] Analyzing Function 'sub_403050', at 0x403050
2024-07-14 13:49:06,173 : Could not get get prototype of function sub_403050 at 0x403050
2024-07-14 13:49:06,173 : Could not check the args and return value but moving on because of self.analyze_if_unknown_prototype.
2024-07-14 13:49:07,023 : Function sub_403050 at 0x403050: Running angr callable with concrete arguments.
2024-07-14 13:49:07,969 : Exception: No paths returned from function
Traceback (most recent call last):
  File "simID_modified.py", line 474, in analyze_sample
    ret_val = check_func(*c_input)
  File "/home/analyst/.local/lib/python3.8/site-packages/angr/callable.py", line 74, in __call__
    self.perform_call(*args, prototype=prototype)
  File "/home/analyst/.local/lib/python3.8/site-packages/angr/callable.py", line 107, in perform_call
    raise AngrCallableError("No paths returned from function")
angr.errors.AngrCallableError: No paths returned from function
2024-07-14 13:49:07,970 : [9/118] Analyzing Function 'sub_40305f', at 0x40305f
2024-07-14 13:49:07,970 : Could not get get prototype of function sub_40305f at 0x40305f
2024-07-14 13:49:07,970 : Could not check the args and return value but moving on because of self.analyze_if_unknown_prototype.
2024-07-14 13:49:08,802 : Function sub_40305f at 0x40305f: Running angr callable with concrete arguments.
2024-07-14 13:49:09,679 : Exception: No paths returned from function
Traceback (most recent call last):
  File "simID_modified.py", line 474, in analyze_sample
    ret_val = check_func(*c_input)
  File "/home/analyst/.local/lib/python3.8/site-packages/angr/callable.py", line 74, in __call__
    self.perform_call(*args, prototype=prototype)
  File "/home/analyst/.local/lib/python3.8/site-packages/angr/callable.py", line 107, in perform_call
    raise AngrCallableError("No paths returned from function")
angr.errors.AngrCallableError: No paths returned from function
2024-07-14 13:49:09,680 : [10/118] Analyzing Function 'sub_403060', at 0x403060
2024-07-14 13:49:09,680 : Could not get get prototype of function sub_403060 at 0x403060
2024-07-14 13:49:09,681 : Could not check the args and return value but moving on because of self.analyze_if_unknown_prototype.
2024-07-14 13:49:10,507 : Function sub_403060 at 0x403060: Running angr callable with concrete arguments.
2024-07-14 13:49:11,358 : Exception: No paths returned from function
Traceback (most recent call last):
  File "simID_modified.py", line 474, in analyze_sample
    ret_val = check_func(*c_input)
  File "/home/analyst/.local/lib/python3.8/site-packages/angr/callable.py", line 74, in __call__
    self.perform_call(*args, prototype=prototype)
  File "/home/analyst/.local/lib/python3.8/site-packages/angr/callable.py", line 107, in perform_call
    raise AngrCallableError("No paths returned from function")
angr.errors.AngrCallableError: No paths returned from function
2024-07-14 13:49:11,359 : [11/118] Analyzing Function 'sub_40306f', at 0x40306f
2024-07-14 13:49:11,359 : Could not get get prototype of function sub_40306f at 0x40306f
2024-07-14 13:49:11,359 : Could not check the args and return value but moving on because of self.analyze_if_unknown_prototype.
2024-07-14 13:49:12,233 : Function sub_40306f at 0x40306f: Running angr callable with concrete arguments.
2024-07-14 13:49:13,085 : Exception: No paths returned from function
Traceback (most recent call last):
  File "simID_modified.py", line 474, in analyze_sample
    ret_val = check_func(*c_input)
  File "/home/analyst/.local/lib/python3.8/site-packages/angr/callable.py", line 74, in __call__
    self.perform_call(*args, prototype=prototype)
  File "/home/analyst/.local/lib/python3.8/site-packages/angr/callable.py", line 107, in perform_call
    raise AngrCallableError("No paths returned from function")
angr.errors.AngrCallableError: No paths returned from function
2024-07-14 13:49:13,086 : [12/118] Analyzing Function 'sub_403070', at 0x403070
2024-07-14 13:49:13,087 : Could not get get prototype of function sub_403070 at 0x403070
2024-07-14 13:49:13,087 : Could not check the args and return value but moving on because of self.analyze_if_unknown_prototype.
2024-07-14 13:49:13,911 : Function sub_403070 at 0x403070: Running angr callable with concrete arguments.
2024-07-14 13:49:14,826 : Exception: No paths returned from function
Traceback (most recent call last):
  File "simID_modified.py", line 474, in analyze_sample
    ret_val = check_func(*c_input)
  File "/home/analyst/.local/lib/python3.8/site-packages/angr/callable.py", line 74, in __call__
    self.perform_call(*args, prototype=prototype)
  File "/home/analyst/.local/lib/python3.8/site-packages/angr/callable.py", line 107, in perform_call
    raise AngrCallableError("No paths returned from function")
angr.errors.AngrCallableError: No paths returned from function
2024-07-14 13:49:14,829 : [13/118] Analyzing Function 'sub_40307f', at 0x40307f
2024-07-14 13:49:14,829 : Could not get get prototype of function sub_40307f at 0x40307f
2024-07-14 13:49:14,830 : Could not check the args and return value but moving on because of self.analyze_if_unknown_prototype.
2024-07-14 13:49:15,642 : Function sub_40307f at 0x40307f: Running angr callable with concrete arguments.
2024-07-14 13:49:16,488 : Exception: No paths returned from function
Traceback (most recent call last):
  File "simID_modified.py", line 474, in analyze_sample
    ret_val = check_func(*c_input)
  File "/home/analyst/.local/lib/python3.8/site-packages/angr/callable.py", line 74, in __call__
    self.perform_call(*args, prototype=prototype)
  File "/home/analyst/.local/lib/python3.8/site-packages/angr/callable.py", line 107, in perform_call
    raise AngrCallableError("No paths returned from function")
angr.errors.AngrCallableError: No paths returned from function
2024-07-14 13:49:16,488 : [14/118] Analyzing Function 'sub_403080', at 0x403080
2024-07-14 13:49:16,489 : Could not get get prototype of function sub_403080 at 0x403080
2024-07-14 13:49:16,489 : Could not check the args and return value but moving on because of self.analyze_if_unknown_prototype.
2024-07-14 13:49:17,393 : Function sub_403080 at 0x403080: Running angr callable with concrete arguments.
2024-07-14 13:49:18,225 : Exception: No paths returned from function
Traceback (most recent call last):
  File "simID_modified.py", line 474, in analyze_sample
    ret_val = check_func(*c_input)
  File "/home/analyst/.local/lib/python3.8/site-packages/angr/callable.py", line 74, in __call__
    self.perform_call(*args, prototype=prototype)
  File "/home/analyst/.local/lib/python3.8/site-packages/angr/callable.py", line 107, in perform_call
    raise AngrCallableError("No paths returned from function")
angr.errors.AngrCallableError: No paths returned from function
2024-07-14 13:49:18,226 : [15/118] Analyzing Function 'sub_40308f', at 0x40308f
2024-07-14 13:49:18,226 : Could not get get prototype of function sub_40308f at 0x40308f
2024-07-14 13:49:18,226 : Could not check the args and return value but moving on because of self.analyze_if_unknown_prototype.
2024-07-14 13:49:19,064 : Function sub_40308f at 0x40308f: Running angr callable with concrete arguments.
2024-07-14 13:49:19,980 : Exception: No paths returned from function
Traceback (most recent call last):
  File "simID_modified.py", line 474, in analyze_sample
    ret_val = check_func(*c_input)
  File "/home/analyst/.local/lib/python3.8/site-packages/angr/callable.py", line 74, in __call__
    self.perform_call(*args, prototype=prototype)
  File "/home/analyst/.local/lib/python3.8/site-packages/angr/callable.py", line 107, in perform_call
    raise AngrCallableError("No paths returned from function")
angr.errors.AngrCallableError: No paths returned from function
2024-07-14 13:49:19,981 : [16/118] Analyzing Function 'sub_403090', at 0x403090
2024-07-14 13:49:19,981 : Could not get get prototype of function sub_403090 at 0x403090
2024-07-14 13:49:19,981 : Could not check the args and return value but moving on because of self.analyze_if_unknown_prototype.
2024-07-14 13:49:20,805 : Function sub_403090 at 0x403090: Running angr callable with concrete arguments.
2024-07-14 13:49:21,693 : Exception: No paths returned from function
Traceback (most recent call last):
  File "simID_modified.py", line 474, in analyze_sample
    ret_val = check_func(*c_input)
  File "/home/analyst/.local/lib/python3.8/site-packages/angr/callable.py", line 74, in __call__
    self.perform_call(*args, prototype=prototype)
  File "/home/analyst/.local/lib/python3.8/site-packages/angr/callable.py", line 107, in perform_call
    raise AngrCallableError("No paths returned from function")
angr.errors.AngrCallableError: No paths returned from function
2024-07-14 13:49:21,693 : [17/118] Analyzing Function 'sub_40309f', at 0x40309f
2024-07-14 13:49:21,694 : Could not get get prototype of function sub_40309f at 0x40309f
2024-07-14 13:49:21,694 : Could not check the args and return value but moving on because of self.analyze_if_unknown_prototype.
2024-07-14 13:49:22,530 : Function sub_40309f at 0x40309f: Running angr callable with concrete arguments.
2024-07-14 13:49:23,380 : Exception: No paths returned from function
Traceback (most recent call last):
  File "simID_modified.py", line 474, in analyze_sample
    ret_val = check_func(*c_input)
  File "/home/analyst/.local/lib/python3.8/site-packages/angr/callable.py", line 74, in __call__
    self.perform_call(*args, prototype=prototype)
  File "/home/analyst/.local/lib/python3.8/site-packages/angr/callable.py", line 107, in perform_call
    raise AngrCallableError("No paths returned from function")
angr.errors.AngrCallableError: No paths returned from function
2024-07-14 13:49:23,381 : [18/118] Analyzing Function 'sub_4030a0', at 0x4030a0
2024-07-14 13:49:23,381 : Could not get get prototype of function sub_4030a0 at 0x4030a0
2024-07-14 13:49:23,381 : Could not check the args and return value but moving on because of self.analyze_if_unknown_prototype.
2024-07-14 13:49:24,249 : Function sub_4030a0 at 0x4030a0: Running angr callable with concrete arguments.
2024-07-14 13:49:25,061 : Exception: No paths returned from function
Traceback (most recent call last):
  File "simID_modified.py", line 474, in analyze_sample
    ret_val = check_func(*c_input)
  File "/home/analyst/.local/lib/python3.8/site-packages/angr/callable.py", line 74, in __call__
    self.perform_call(*args, prototype=prototype)
  File "/home/analyst/.local/lib/python3.8/site-packages/angr/callable.py", line 107, in perform_call
    raise AngrCallableError("No paths returned from function")
angr.errors.AngrCallableError: No paths returned from function
2024-07-14 13:49:25,064 : [19/118] Analyzing Function 'sub_4030af', at 0x4030af
2024-07-14 13:49:25,065 : Could not get get prototype of function sub_4030af at 0x4030af
2024-07-14 13:49:25,065 : Could not check the args and return value but moving on because of self.analyze_if_unknown_prototype.
2024-07-14 13:49:25,901 : Function sub_4030af at 0x4030af: Running angr callable with concrete arguments.
2024-07-14 13:49:26,790 : Exception: No paths returned from function
Traceback (most recent call last):
  File "simID_modified.py", line 474, in analyze_sample
    ret_val = check_func(*c_input)
  File "/home/analyst/.local/lib/python3.8/site-packages/angr/callable.py", line 74, in __call__
    self.perform_call(*args, prototype=prototype)
  File "/home/analyst/.local/lib/python3.8/site-packages/angr/callable.py", line 107, in perform_call
    raise AngrCallableError("No paths returned from function")
angr.errors.AngrCallableError: No paths returned from function
2024-07-14 13:49:26,791 : [20/118] Analyzing Function 'sub_4030b0', at 0x4030b0
2024-07-14 13:49:26,791 : Could not get get prototype of function sub_4030b0 at 0x4030b0
2024-07-14 13:49:26,791 : Could not check the args and return value but moving on because of self.analyze_if_unknown_prototype.
2024-07-14 13:49:27,622 : Function sub_4030b0 at 0x4030b0: Running angr callable with concrete arguments.
2024-07-14 13:49:28,457 : Exception: No paths returned from function
Traceback (most recent call last):
  File "simID_modified.py", line 474, in analyze_sample
    ret_val = check_func(*c_input)
  File "/home/analyst/.local/lib/python3.8/site-packages/angr/callable.py", line 74, in __call__
    self.perform_call(*args, prototype=prototype)
  File "/home/analyst/.local/lib/python3.8/site-packages/angr/callable.py", line 107, in perform_call
    raise AngrCallableError("No paths returned from function")
angr.errors.AngrCallableError: No paths returned from function
2024-07-14 13:49:28,457 : [21/118] Analyzing Function 'sub_4030bf', at 0x4030bf
2024-07-14 13:49:28,458 : Could not get get prototype of function sub_4030bf at 0x4030bf
2024-07-14 13:49:28,458 : Could not check the args and return value but moving on because of self.analyze_if_unknown_prototype.
2024-07-14 13:49:29,516 : Function sub_4030bf at 0x4030bf: Running angr callable with concrete arguments.
2024-07-14 13:49:30,585 : Exception: No paths returned from function
Traceback (most recent call last):
  File "simID_modified.py", line 474, in analyze_sample
    ret_val = check_func(*c_input)
  File "/home/analyst/.local/lib/python3.8/site-packages/angr/callable.py", line 74, in __call__
    self.perform_call(*args, prototype=prototype)
  File "/home/analyst/.local/lib/python3.8/site-packages/angr/callable.py", line 107, in perform_call
    raise AngrCallableError("No paths returned from function")
angr.errors.AngrCallableError: No paths returned from function
2024-07-14 13:49:30,586 : [22/118] Analyzing Function 'sub_4030c0', at 0x4030c0
2024-07-14 13:49:30,586 : Could not get get prototype of function sub_4030c0 at 0x4030c0
2024-07-14 13:49:30,586 : Could not check the args and return value but moving on because of self.analyze_if_unknown_prototype.
2024-07-14 13:49:31,443 : Function sub_4030c0 at 0x4030c0: Running angr callable with concrete arguments.
2024-07-14 13:49:32,755 : Exception: No paths returned from function
Traceback (most recent call last):
  File "simID_modified.py", line 474, in analyze_sample
    ret_val = check_func(*c_input)
  File "/home/analyst/.local/lib/python3.8/site-packages/angr/callable.py", line 74, in __call__
    self.perform_call(*args, prototype=prototype)
  File "/home/analyst/.local/lib/python3.8/site-packages/angr/callable.py", line 107, in perform_call
    raise AngrCallableError("No paths returned from function")
angr.errors.AngrCallableError: No paths returned from function
2024-07-14 13:49:32,756 : [23/118] Analyzing Function 'sub_4030cf', at 0x4030cf
2024-07-14 13:49:32,757 : Could not get get prototype of function sub_4030cf at 0x4030cf
2024-07-14 13:49:32,757 : Could not check the args and return value but moving on because of self.analyze_if_unknown_prototype.
2024-07-14 13:49:33,854 : Function sub_4030cf at 0x4030cf: Running angr callable with concrete arguments.
2024-07-14 13:49:34,765 : Exception: No paths returned from function
Traceback (most recent call last):
  File "simID_modified.py", line 474, in analyze_sample
    ret_val = check_func(*c_input)
  File "/home/analyst/.local/lib/python3.8/site-packages/angr/callable.py", line 74, in __call__
    self.perform_call(*args, prototype=prototype)
  File "/home/analyst/.local/lib/python3.8/site-packages/angr/callable.py", line 107, in perform_call
    raise AngrCallableError("No paths returned from function")
angr.errors.AngrCallableError: No paths returned from function
2024-07-14 13:49:34,765 : [24/118] Analyzing Function '__cxa_finalize', at 0x4030d0
2024-07-14 13:49:34,766 : [24/118] Skipping Function '__cxa_finalize', at 0x4030d0, because of arguments
2024-07-14 13:49:34,766 : [25/118] Analyzing Function 'free', at 0x4030e0
2024-07-14 13:49:34,767 : Function free at 0x4030e0 has args void*
2024-07-14 13:49:34,767 : Function free at 0x4030e0 has return type :  void
2024-07-14 13:49:35,723 : Function free at 0x4030e0: Running angr callable with concrete arguments.
2024-07-14 13:49:36,615 : Function free at 0x4030e0 has return value: <BV64 0x0>
2024-07-14 13:49:36,615 : Function 'free' with 'dgaRamdo', at 4206816 has return bytes: b''
2024-07-14 13:49:36,616 : Function 'free' with 'dgaRamdo', at 4206816 has return value: 
2024-07-14 13:49:36,616 : Not a candidate function: 'free' at 0x4030e0, has return vale: <BV64 0x0>
2024-07-14 13:49:36,616 : [26/118] Analyzing Function 'putchar', at 0x4030f0
2024-07-14 13:49:36,616 : Function putchar at 0x4030f0 has args int
2024-07-14 13:49:36,616 : Function putchar at 0x4030f0 has return type :  int (32 bits)
2024-07-14 13:49:37,523 : Function putchar at 0x4030f0: Running angr callable with concrete arguments.
2024-07-14 13:49:38,411 : Function putchar at 0x4030f0 has return value: <BV64 0x8a>
2024-07-14 13:49:38,412 : Function 'putchar' with 'dgaRamdo', at 4206832 has return bytes: b''
2024-07-14 13:49:38,412 : Function 'putchar' with 'dgaRamdo', at 4206832 has return value: 
2024-07-14 13:49:38,412 : Not a candidate function: 'putchar' at 0x4030f0, has return vale: <BV64 0x8a>
2024-07-14 13:49:38,412 : [27/118] Analyzing Function 'strcpy', at 0x403100
2024-07-14 13:49:38,412 : [27/118] Skipping Function 'strcpy', at 0x403100, because of arguments
2024-07-14 13:49:38,413 : [28/118] Analyzing Function 'puts', at 0x403110
2024-07-14 13:49:38,413 : Function puts at 0x403110 has args char *
2024-07-14 13:49:38,413 : Function puts at 0x403110 has return type :  int (32 bits)
2024-07-14 13:49:39,274 : Function puts at 0x403110: Running angr callable with concrete arguments.
2024-07-14 13:49:40,299 : Function puts at 0x403110 has return value: <BV64 0x4>
2024-07-14 13:49:40,301 : Function 'puts' with 'dgaRamdo', at 4206864 has return bytes: b''
2024-07-14 13:49:40,301 : Function 'puts' with 'dgaRamdo', at 4206864 has return value: 
2024-07-14 13:49:40,301 : Not a candidate function: 'puts' at 0x403110, has return vale: <BV64 0x4>
2024-07-14 13:49:40,301 : [29/118] Analyzing Function 'atof', at 0x403120
2024-07-14 13:49:40,301 : Function atof at 0x403120 has args char *
2024-07-14 13:49:40,301 : Function atof at 0x403120 has return type :  double
2024-07-14 13:49:41,145 : Function atof at 0x403120: Running angr callable with concrete arguments.
2024-07-14 13:49:41,994 : Function atof at 0x403120 has return value: <BV64 0x0>
2024-07-14 13:49:41,995 : Function 'atof' with 'dgaRamdo', at 4206880 has return bytes: b''
2024-07-14 13:49:41,995 : Function 'atof' with 'dgaRamdo', at 4206880 has return value: 
2024-07-14 13:49:41,995 : Not a candidate function: 'atof' at 0x403120, has return vale: <BV64 0x0>
2024-07-14 13:49:41,995 : [30/118] Analyzing Function '__stack_chk_fail', at 0x403130
2024-07-14 13:49:41,995 : [30/118] Skipping Function '__stack_chk_fail', at 0x403130, because of arguments
2024-07-14 13:49:41,995 : [31/118] Analyzing Function 'strcmp', at 0x403140
2024-07-14 13:49:41,995 : [31/118] Skipping Function 'strcmp', at 0x403140, because of arguments
2024-07-14 13:49:41,996 : [32/118] Analyzing Function 'malloc', at 0x403150
2024-07-14 13:49:41,996 : Function malloc at 0x403150 has args unsigned long
2024-07-14 13:49:41,996 : Function malloc at 0x403150 has return type :  void*
2024-07-14 13:49:42,891 : Function malloc at 0x403150: Running angr callable with concrete arguments.
2024-07-14 13:49:43,764 : Function malloc at 0x403150 has return value: <BV64 0xc0000000>
2024-07-14 13:49:43,764 : Function 'malloc' with 'dgaRamdo', at 4206928 has return bytes: b''
2024-07-14 13:49:43,765 : Function 'malloc' with 'dgaRamdo', at 4206928 has return value: 
2024-07-14 13:49:43,765 : Not a candidate function: 'malloc' at 0x403150, has return vale: <BV64 0xc0000000>
2024-07-14 13:49:43,765 : [33/118] Analyzing Function 'strcat', at 0x403160
2024-07-14 13:49:43,765 : [33/118] Skipping Function 'strcat', at 0x403160, because of arguments
2024-07-14 13:49:43,765 : [34/118] Analyzing Function 'fwrite', at 0x403170
2024-07-14 13:49:43,765 : [34/118] Skipping Function 'fwrite', at 0x403170, because of arguments
2024-07-14 13:49:43,765 : [35/118] Analyzing Function '_start', at 0x403180
2024-07-14 13:49:43,765 : Could not get get prototype of function _start at 0x403180
2024-07-14 13:49:43,766 : Could not check the args and return value but moving on because of self.analyze_if_unknown_prototype.
2024-07-14 13:49:44,696 : Function _start at 0x403180: Running angr callable with concrete arguments.
2024-07-14 13:49:45,703 : Exception: BVV() takes either an integer value and a size or a string of bytes
Traceback (most recent call last):
  File "simID_modified.py", line 474, in analyze_sample
    ret_val = check_func(*c_input)
  File "/home/analyst/.local/lib/python3.8/site-packages/angr/callable.py", line 74, in __call__
    self.perform_call(*args, prototype=prototype)
  File "/home/analyst/.local/lib/python3.8/site-packages/angr/callable.py", line 103, in perform_call
    caller.run(step_func=step_func if self._concrete_only else None).unstash(from_stash="deadended")
  File "/home/analyst/.local/lib/python3.8/site-packages/angr/sim_manager.py", line 360, in run
    self.step(stash=stash, **kwargs)
  File "/home/analyst/.local/lib/python3.8/site-packages/angr/misc/hookset.py", line 96, in __call__
    result = current_hook(self.func.__self__, *args, **kwargs)
  File "/home/analyst/.local/lib/python3.8/site-packages/angr/exploration_techniques/suggestions.py", line 43, in step
    simgr.step(stash=stash, **kwargs)
  File "/home/analyst/.local/lib/python3.8/site-packages/angr/misc/hookset.py", line 101, in __call__
    return self.func(*args, **kwargs)
  File "/home/analyst/.local/lib/python3.8/site-packages/angr/sim_manager.py", line 469, in step
    successors = self.step_state(state, successor_func=successor_func, error_list=error_list, **run_args)
  File "/home/analyst/.local/lib/python3.8/site-packages/angr/sim_manager.py", line 510, in step_state
    successors = self.successors(state, successor_func=successor_func, **run_args)
  File "/home/analyst/.local/lib/python3.8/site-packages/angr/sim_manager.py", line 560, in successors
    return self._project.factory.successors(state, **run_args)
  File "/home/analyst/.local/lib/python3.8/site-packages/angr/factory.py", line 79, in successors
    return self.default_engine.process(*args, **kwargs)
  File "/home/analyst/.local/lib/python3.8/site-packages/angr/engines/vex/light/slicing.py", line 20, in process
    return super().process(*args, **kwargs)
  File "/home/analyst/.local/lib/python3.8/site-packages/angr/engines/engine.py", line 163, in process
    self.process_successors(self.successors, **kwargs)
  File "/home/analyst/.local/lib/python3.8/site-packages/angr/engines/failure.py", line 24, in process_successors
    return super().process_successors(successors, **kwargs)
  File "/home/analyst/.local/lib/python3.8/site-packages/angr/engines/syscall.py", line 26, in process_successors
    return super().process_successors(successors, **kwargs)
  File "/home/analyst/.local/lib/python3.8/site-packages/angr/engines/hook.py", line 56, in process_successors
    return super().process_successors(successors, procedure=procedure, **kwargs)
  File "/home/analyst/.local/lib/python3.8/site-packages/angr/engines/unicorn.py", line 389, in process_successors
    return super().process_successors(successors, **kwargs)
  File "/home/analyst/.local/lib/python3.8/site-packages/angr/engines/soot/engine.py", line 68, in process_successors
    return super().process_successors(successors, **kwargs)
  File "/home/analyst/.local/lib/python3.8/site-packages/angr/engines/vex/heavy/heavy.py", line 174, in process_successors
    self.handle_vex_block(irsb)
  File "/home/analyst/.local/lib/python3.8/site-packages/angr/engines/vex/heavy/super_fastpath.py", line 25, in handle_vex_block
    super().handle_vex_block(irsb)
  File "/home/analyst/.local/lib/python3.8/site-packages/angr/engines/vex/light/slicing.py", line 26, in handle_vex_block
    super().handle_vex_block(irsb)
  File "/home/analyst/.local/lib/python3.8/site-packages/angr/engines/vex/heavy/actions.py", line 31, in handle_vex_block
    super().handle_vex_block(irsb)
  File "/home/analyst/.local/lib/python3.8/site-packages/angr/engines/vex/heavy/inspect.py", line 49, in handle_vex_block
    super().handle_vex_block(irsb)
  File "/home/analyst/.local/lib/python3.8/site-packages/angr/engines/vex/light/light.py", line 548, in handle_vex_block
    self._handle_vex_stmt(stmt)
  File "/home/analyst/.local/lib/python3.8/site-packages/angr/engines/vex/light/slicing.py", line 30, in _handle_vex_stmt
    super()._handle_vex_stmt(stmt)
  File "/home/analyst/.local/lib/python3.8/site-packages/angr/engines/vex/heavy/inspect.py", line 44, in _handle_vex_stmt
    super()._handle_vex_stmt(stmt)
  File "/home/analyst/.local/lib/python3.8/site-packages/angr/engines/vex/light/resilience.py", line 39, in inner
    return getattr(super(VEXResilienceMixin, self), func)(*iargs, **ikwargs)
  File "/home/analyst/.local/lib/python3.8/site-packages/angr/engines/vex/heavy/heavy.py", line 248, in _handle_vex_stmt
    super()._handle_vex_stmt(stmt)
  File "/home/analyst/.local/lib/python3.8/site-packages/angr/engines/vex/light/light.py", line 52, in _handle_vex_stmt
    handler(stmt)
  File "/home/analyst/.local/lib/python3.8/site-packages/angr/engines/vex/light/light.py", line 203, in _handle_vex_stmt_WrTmp
    self._perform_vex_stmt_WrTmp(stmt.tmp, self._analyze_vex_stmt_WrTmp_data(stmt.data))
  File "/home/analyst/.local/lib/python3.8/site-packages/angr/engines/vex/light/light.py", line 200, in _analyze_vex_stmt_WrTmp_data
    return self._handle_vex_expr(*a, **kw)
  File "/home/analyst/.local/lib/python3.8/site-packages/angr/engines/vex/heavy/inspect.py", line 35, in _handle_vex_expr
    return super()._handle_vex_expr(expr)
  File "/home/analyst/.local/lib/python3.8/site-packages/angr/engines/vex/light/light.py", line 57, in _handle_vex_expr
    return self._instrument_vex_expr(result)
  File "/home/analyst/.local/lib/python3.8/site-packages/angr/engines/vex/heavy/actions.py", line 46, in _instrument_vex_expr
    return super()._instrument_vex_expr(result[0]), result[1]
  File "/home/analyst/.local/lib/python3.8/site-packages/angr/engines/vex/heavy/inspect.py", line 38, in _instrument_vex_expr
    result = super()._instrument_vex_expr(result)
  File "/home/analyst/.local/lib/python3.8/site-packages/angr/engines/vex/heavy/heavy.py", line 343, in _instrument_vex_expr
    concrete_value = self.state.solver.BVV(self.state.solver.eval(result), len(result))
  File "/home/analyst/.local/lib/python3.8/site-packages/angr/state_plugins/solver.py", line 93, in wrapped_f
    return f(*args, **kwargs)
  File "/home/analyst/.local/lib/python3.8/site-packages/angr/state_plugins/sim_action_object.py", line 61, in ast_stripper
    return f(*new_args, **new_kwargs)
  File "/home/analyst/.local/lib/python3.8/site-packages/claripy/ast/bv.py", line 291, in BVV
    raise TypeError("BVV() takes either an integer value and a size or a string of bytes")
TypeError: BVV() takes either an integer value and a size or a string of bytes
2024-07-14 13:49:45,707 : [36/118] Analyzing Function 'sub_4031ae', at 0x4031ae
2024-07-14 13:49:45,707 : Could not get get prototype of function sub_4031ae at 0x4031ae
2024-07-14 13:49:45,707 : Could not check the args and return value but moving on because of self.analyze_if_unknown_prototype.
2024-07-14 13:49:46,584 : Function sub_4031ae at 0x4031ae: Running angr callable with concrete arguments.
2024-07-14 13:49:47,711 : Exception: No paths returned from function
Traceback (most recent call last):
  File "simID_modified.py", line 474, in analyze_sample
    ret_val = check_func(*c_input)
  File "/home/analyst/.local/lib/python3.8/site-packages/angr/callable.py", line 74, in __call__
    self.perform_call(*args, prototype=prototype)
  File "/home/analyst/.local/lib/python3.8/site-packages/angr/callable.py", line 107, in perform_call
    raise AngrCallableError("No paths returned from function")
angr.errors.AngrCallableError: No paths returned from function
2024-07-14 13:49:47,712 : [37/118] Analyzing Function 'sub_4031af', at 0x4031af
2024-07-14 13:49:47,712 : Could not get get prototype of function sub_4031af at 0x4031af
2024-07-14 13:49:47,712 : Could not check the args and return value but moving on because of self.analyze_if_unknown_prototype.
2024-07-14 13:49:48,660 : Function sub_4031af at 0x4031af: Running angr callable with concrete arguments.
2024-07-14 13:49:49,575 : Function sub_4031af at 0x4031af has return value: <BV64 0x407e70>
2024-07-14 13:49:49,578 : Function 'sub_4031af' with 'dgaRamdo', at 4207023 has return bytes: b''
2024-07-14 13:49:49,578 : Function 'sub_4031af' with 'dgaRamdo', at 4207023 has return value: 
2024-07-14 13:49:49,579 : Not a candidate function: 'sub_4031af' at 0x4031af, has return vale: <BV64 0x407e70>
2024-07-14 13:49:49,579 : [38/118] Analyzing Function 'deregister_tm_clones', at 0x4031b0
2024-07-14 13:49:49,579 : Could not get get prototype of function deregister_tm_clones at 0x4031b0
2024-07-14 13:49:49,579 : Could not check the args and return value but moving on because of self.analyze_if_unknown_prototype.
2024-07-14 13:49:50,568 : Function deregister_tm_clones at 0x4031b0: Running angr callable with concrete arguments.
2024-07-14 13:49:51,433 : Function deregister_tm_clones at 0x4031b0 has return value: <BV64 0x407e70>
2024-07-14 13:49:51,436 : Function 'deregister_tm_clones' with 'dgaRamdo', at 4207024 has return bytes: b''
2024-07-14 13:49:51,436 : Function 'deregister_tm_clones' with 'dgaRamdo', at 4207024 has return value: 
2024-07-14 13:49:51,436 : Not a candidate function: 'deregister_tm_clones' at 0x4031b0, has return vale: <BV64 0x407e70>
2024-07-14 13:49:51,436 : [39/118] Analyzing Function 'sub_4031d9', at 0x4031d9
2024-07-14 13:49:51,436 : Could not get get prototype of function sub_4031d9 at 0x4031d9
2024-07-14 13:49:51,436 : Could not check the args and return value but moving on because of self.analyze_if_unknown_prototype.
2024-07-14 13:49:52,275 : Function sub_4031d9 at 0x4031d9: Running angr callable with concrete arguments.
2024-07-14 13:49:53,231 : Function sub_4031d9 at 0x4031d9 has return value: <BV64 0x0>
2024-07-14 13:49:53,232 : Function 'sub_4031d9' with 'dgaRamdo', at 4207065 has return bytes: b''
2024-07-14 13:49:53,233 : Function 'sub_4031d9' with 'dgaRamdo', at 4207065 has return value: 
2024-07-14 13:49:53,233 : Not a candidate function: 'sub_4031d9' at 0x4031d9, has return vale: <BV64 0x0>
2024-07-14 13:49:53,233 : [40/118] Analyzing Function 'register_tm_clones', at 0x4031e0
2024-07-14 13:49:53,234 : Could not get get prototype of function register_tm_clones at 0x4031e0
2024-07-14 13:49:53,234 : Could not check the args and return value but moving on because of self.analyze_if_unknown_prototype.
2024-07-14 13:49:54,075 : Function register_tm_clones at 0x4031e0: Running angr callable with concrete arguments.
2024-07-14 13:49:54,937 : Function register_tm_clones at 0x4031e0 has return value: <BV64 0x0>
2024-07-14 13:49:54,937 : Function 'register_tm_clones' with 'dgaRamdo', at 4207072 has return bytes: b''
2024-07-14 13:49:54,937 : Function 'register_tm_clones' with 'dgaRamdo', at 4207072 has return value: 
2024-07-14 13:49:54,937 : Not a candidate function: 'register_tm_clones' at 0x4031e0, has return vale: <BV64 0x0>
2024-07-14 13:49:54,937 : [41/118] Analyzing Function 'sub_403219', at 0x403219
2024-07-14 13:49:54,938 : Could not get get prototype of function sub_403219 at 0x403219
2024-07-14 13:49:54,938 : Could not check the args and return value but moving on because of self.analyze_if_unknown_prototype.
2024-07-14 13:49:55,871 : Function sub_403219 at 0x403219: Running angr callable with concrete arguments.
2024-07-14 13:49:56,773 : Function sub_403219 at 0x403219 has return value: <BV64 0x407e70>
2024-07-14 13:49:56,774 : Function 'sub_403219' with 'dgaRamdo', at 4207129 has return bytes: b''
2024-07-14 13:49:56,774 : Function 'sub_403219' with 'dgaRamdo', at 4207129 has return value: 
2024-07-14 13:49:56,775 : Not a candidate function: 'sub_403219' at 0x403219, has return vale: <BV64 0x407e70>
2024-07-14 13:49:56,775 : [42/118] Analyzing Function '__do_global_dtors_aux', at 0x403220
2024-07-14 13:49:56,775 : Could not get get prototype of function __do_global_dtors_aux at 0x403220
2024-07-14 13:49:56,775 : Could not check the args and return value but moving on because of self.analyze_if_unknown_prototype.
2024-07-14 13:49:57,614 : Function __do_global_dtors_aux at 0x403220: Running angr callable with concrete arguments.
2024-07-14 13:49:58,556 : Function __do_global_dtors_aux at 0x403220 has return value: <BV64 0x407e70>
2024-07-14 13:49:58,557 : Function '__do_global_dtors_aux' with 'dgaRamdo', at 4207136 has return bytes: b''
2024-07-14 13:49:58,557 : Function '__do_global_dtors_aux' with 'dgaRamdo', at 4207136 has return value: 
2024-07-14 13:49:58,557 : Not a candidate function: '__do_global_dtors_aux' at 0x403220, has return vale: <BV64 0x407e70>
2024-07-14 13:49:58,558 : [43/118] Analyzing Function 'sub_403255', at 0x403255
2024-07-14 13:49:58,558 : Could not get get prototype of function sub_403255 at 0x403255
2024-07-14 13:49:58,558 : Could not check the args and return value but moving on because of self.analyze_if_unknown_prototype.
2024-07-14 13:49:59,380 : Function sub_403255 at 0x403255: Running angr callable with concrete arguments.
2024-07-14 13:50:00,234 : Function sub_403255 at 0x403255 has return value: <BV64 0x0>
2024-07-14 13:50:00,235 : Function 'sub_403255' with 'dgaRamdo', at 4207189 has return bytes: b''
2024-07-14 13:50:00,236 : Function 'sub_403255' with 'dgaRamdo', at 4207189 has return value: 
2024-07-14 13:50:00,236 : Not a candidate function: 'sub_403255' at 0x403255, has return vale: <BV64 0x0>
2024-07-14 13:50:00,236 : [44/118] Analyzing Function 'sub_403259', at 0x403259
2024-07-14 13:50:00,236 : Could not get get prototype of function sub_403259 at 0x403259
2024-07-14 13:50:00,236 : Could not check the args and return value but moving on because of self.analyze_if_unknown_prototype.
2024-07-14 13:50:01,168 : Function sub_403259 at 0x403259: Running angr callable with concrete arguments.
2024-07-14 13:50:02,012 : Function sub_403259 at 0x403259 has return value: <BV64 0x0>
2024-07-14 13:50:02,012 : Function 'sub_403259' with 'dgaRamdo', at 4207193 has return bytes: b''
2024-07-14 13:50:02,013 : Function 'sub_403259' with 'dgaRamdo', at 4207193 has return value: 
2024-07-14 13:50:02,013 : Not a candidate function: 'sub_403259' at 0x403259, has return vale: <BV64 0x0>
2024-07-14 13:50:02,013 : [45/118] Analyzing Function 'frame_dummy', at 0x403260
2024-07-14 13:50:02,013 : Could not get get prototype of function frame_dummy at 0x403260
2024-07-14 13:50:02,013 : Could not check the args and return value but moving on because of self.analyze_if_unknown_prototype.
2024-07-14 13:50:03,082 : Function frame_dummy at 0x403260: Running angr callable with concrete arguments.
2024-07-14 13:50:04,085 : Function frame_dummy at 0x403260 has return value: <BV64 0x0>
2024-07-14 13:50:04,086 : Function 'frame_dummy' with 'dgaRamdo', at 4207200 has return bytes: b''
2024-07-14 13:50:04,086 : Function 'frame_dummy' with 'dgaRamdo', at 4207200 has return value: 
2024-07-14 13:50:04,086 : Not a candidate function: 'frame_dummy' at 0x403260, has return vale: <BV64 0x0>
2024-07-14 13:50:04,086 : [46/118] Analyzing Function 'llist_append', at 0x403269
2024-07-14 13:50:04,086 : Could not get get prototype of function llist_append at 0x403269
2024-07-14 13:50:04,086 : Could not check the args and return value but moving on because of self.analyze_if_unknown_prototype.
2024-07-14 13:50:04,998 : Function llist_append at 0x403269: Running angr callable with concrete arguments.
2024-07-14 13:50:05,987 : Function llist_append at 0x403269 has return value: <BV64 0x1>
2024-07-14 13:50:05,988 : Function 'llist_append' with 'dgaRamdo', at 4207209 has return bytes: b''
2024-07-14 13:50:05,988 : Function 'llist_append' with 'dgaRamdo', at 4207209 has return value: 
2024-07-14 13:50:05,988 : Not a candidate function: 'llist_append' at 0x403269, has return vale: <BV64 0x1>
2024-07-14 13:50:05,988 : [47/118] Analyzing Function 'llist_create', at 0x403396
2024-07-14 13:50:05,988 : Could not get get prototype of function llist_create at 0x403396
2024-07-14 13:50:05,988 : Could not check the args and return value but moving on because of self.analyze_if_unknown_prototype.
2024-07-14 13:50:06,909 : Function llist_create at 0x403396: Running angr callable with concrete arguments.
2024-07-14 13:50:07,818 : Function llist_create at 0x403396 has return value: <BV64 0xc0000000>
2024-07-14 13:50:07,820 : Function 'llist_create' with 'dgaRamdo', at 4207510 has return bytes: b'\x10'
2024-07-14 13:50:07,821 : Function 'llist_create' with 'dgaRamdo', at 4207510 has return value: 
2024-07-14 13:50:07,821 : Not a candidate function: 'llist_create' at 0x403396, has return vale: <BV64 0xc0000000>
2024-07-14 13:50:07,822 : [48/118] Analyzing Function 'llist_getIndex', at 0x4033fd
2024-07-14 13:50:07,822 : Could not get get prototype of function llist_getIndex at 0x4033fd
2024-07-14 13:50:07,823 : Could not check the args and return value but moving on because of self.analyze_if_unknown_prototype.
2024-07-14 13:50:08,892 : Function llist_getIndex at 0x4033fd: Running angr callable with concrete arguments.
2024-07-14 13:50:09,872 : Function llist_getIndex at 0x4033fd has return value: <BV64 0x0>
2024-07-14 13:50:09,873 : Function 'llist_getIndex' with 'dgaRamdo', at 4207613 has return bytes: b''
2024-07-14 13:50:09,873 : Function 'llist_getIndex' with 'dgaRamdo', at 4207613 has return value: 
2024-07-14 13:50:09,873 : Not a candidate function: 'llist_getIndex' at 0x4033fd, has return vale: <BV64 0x0>
2024-07-14 13:50:09,873 : [49/118] Analyzing Function 'ord', at 0x403514
2024-07-14 13:50:09,873 : Could not get get prototype of function ord at 0x403514
2024-07-14 13:50:09,874 : Could not check the args and return value but moving on because of self.analyze_if_unknown_prototype.
2024-07-14 13:50:10,726 : Function ord at 0x403514: Running angr callable with concrete arguments.
2024-07-14 13:50:11,671 : Function ord at 0x403514 has return value: <BV64 0xffffffff>
2024-07-14 13:50:11,672 : Function 'ord' with 'dgaRamdo', at 4207892 has return bytes: b''
2024-07-14 13:50:11,672 : Function 'ord' with 'dgaRamdo', at 4207892 has return value: 
2024-07-14 13:50:11,672 : Not a candidate function: 'ord' at 0x403514, has return vale: <BV64 0xffffffff>
2024-07-14 13:50:11,672 : [50/118] Analyzing Function 'llist_getLast', at 0x40352c
2024-07-14 13:50:11,672 : Could not get get prototype of function llist_getLast at 0x40352c
2024-07-14 13:50:11,672 : Could not check the args and return value but moving on because of self.analyze_if_unknown_prototype.
2024-07-14 13:50:12,526 : Function llist_getLast at 0x40352c: Running angr callable with concrete arguments.
2024-07-14 13:50:13,421 : Function llist_getLast at 0x40352c has return value: <BV64 0x0>
2024-07-14 13:50:13,423 : Function 'llist_getLast' with 'dgaRamdo', at 4207916 has return bytes: b''
2024-07-14 13:50:13,423 : Function 'llist_getLast' with 'dgaRamdo', at 4207916 has return value: 
2024-07-14 13:50:13,423 : Not a candidate function: 'llist_getLast' at 0x40352c, has return vale: <BV64 0x0>
2024-07-14 13:50:13,423 : [51/118] Analyzing Function 'init', at 0x40361c
2024-07-14 13:50:13,423 : Could not get get prototype of function init at 0x40361c
2024-07-14 13:50:13,423 : Could not check the args and return value but moving on because of self.analyze_if_unknown_prototype.
2024-07-14 13:50:14,340 : Function init at 0x40361c: Running angr callable with concrete arguments.
2024-07-14 13:50:15,260 : Function init at 0x40361c has return value: <BV64 0xc0000000>
2024-07-14 13:50:15,261 : Function 'init' with 'dgaRamdo', at 4208156 has return bytes: b'\x10'
2024-07-14 13:50:15,261 : Function 'init' with 'dgaRamdo', at 4208156 has return value: 
2024-07-14 13:50:15,261 : Not a candidate function: 'init' at 0x40361c, has return vale: <BV64 0xc0000000>
2024-07-14 13:50:15,261 : [52/118] Analyzing Function 'init_program', at 0x40367a
2024-07-14 13:50:15,261 : Could not get get prototype of function init_program at 0x40367a
2024-07-14 13:50:15,261 : Could not check the args and return value but moving on because of self.analyze_if_unknown_prototype.
2024-07-14 13:50:16,172 : Function init_program at 0x40367a: Running angr callable with concrete arguments.
2024-07-14 13:50:17,127 : Function init_program at 0x40367a has return value: <BV64 0x0>
2024-07-14 13:50:17,128 : Function 'init_program' with 'dgaRamdo', at 4208250 has return bytes: b''
2024-07-14 13:50:17,128 : Function 'init_program' with 'dgaRamdo', at 4208250 has return value: 
2024-07-14 13:50:17,128 : Not a candidate function: 'init_program' at 0x40367a, has return vale: <BV64 0x0>
2024-07-14 13:50:17,129 : [53/118] Analyzing Function 'get_nextdomain', at 0x403685
2024-07-14 13:50:17,129 : Could not get get prototype of function get_nextdomain at 0x403685
2024-07-14 13:50:17,129 : Could not check the args and return value but moving on because of self.analyze_if_unknown_prototype.
2024-07-14 13:50:17,978 : Function get_nextdomain at 0x403685: Running angr callable with concrete arguments.
2024-07-14 14:09:37,083 : Function get_nextdomain at 0x403685 has return value: <BV64 0x0>
2024-07-14 14:09:37,084 : Function 'get_nextdomain' with 'dgaRamdo', at 4208261 has return bytes: b''
2024-07-14 14:09:37,084 : Function 'get_nextdomain' with 'dgaRamdo', at 4208261 has return value: 
2024-07-14 14:09:37,084 : Not a candidate function: 'get_nextdomain' at 0x403685, has return vale: <BV64 0x0>
2024-07-14 14:09:37,084 : [54/118] Analyzing Function 'joinChr', at 0x4036f0
2024-07-14 14:09:37,085 : Could not get get prototype of function joinChr at 0x4036f0
2024-07-14 14:09:37,085 : Could not check the args and return value but moving on because of self.analyze_if_unknown_prototype.
2024-07-14 14:09:37,841 : Function joinChr at 0x4036f0: Running angr callable with concrete arguments.
2024-07-14 14:09:38,637 : Function joinChr at 0x4036f0 has return value: <BV64 0xc0000000>
2024-07-14 14:09:38,638 : Function 'joinChr' with 'dgaRamdo', at 4208368 has return bytes: b''
2024-07-14 14:09:38,639 : Function 'joinChr' with 'dgaRamdo', at 4208368 has return value: 
2024-07-14 14:09:38,639 : Not a candidate function: 'joinChr' at 0x4036f0, has return vale: <BV64 0xc0000000>
2024-07-14 14:09:38,639 : [55/118] Analyzing Function 'chr', at 0x403763
2024-07-14 14:09:38,639 : Could not get get prototype of function chr at 0x403763
2024-07-14 14:09:38,640 : Could not check the args and return value but moving on because of self.analyze_if_unknown_prototype.
2024-07-14 14:09:39,406 : Function chr at 0x403763: Running angr callable with concrete arguments.
2024-07-14 14:09:40,209 : Function chr at 0x403763 has return value: <BV64 0xc0000000>
2024-07-14 14:09:40,210 : Function 'chr' with 'dgaRamdo', at 4208483 has return bytes: b'\x8a'
2024-07-14 14:09:40,211 : Could not decode the return value <BV64 0xc0000000> of function chr at 0x403763. Because of 'utf-8' codec can't decode byte 0x8a in position 0: invalid start byte
Traceback (most recent call last):
  File "simID_modified.py", line 478, in analyze_sample
    comparison = self.output_comparison(expected_output, db_data[str(arg_nb)][arg_str][func_name]['output_type'], ret_val, func_name, func.name, func.addr, check_func.result_state)
  File "simID_modified.py", line 286, in output_comparison
    ret_val = ret_bytes.decode("utf-8")
UnicodeDecodeError: 'utf-8' codec can't decode byte 0x8a in position 0: invalid start byte
2024-07-14 14:09:40,211 : [56/118] Analyzing Function 'generate_domain', at 0x4037a4
2024-07-14 14:09:40,211 : Could not get get prototype of function generate_domain at 0x4037a4
2024-07-14 14:09:40,211 : Could not check the args and return value but moving on because of self.analyze_if_unknown_prototype.
2024-07-14 14:09:40,968 : Function generate_domain at 0x4037a4: Running angr callable with concrete arguments.
2024-07-14 14:26:29,220 : Function generate_domain at 0x4037a4 has return value: <BV64 0x7fffffffffe9ba2>
2024-07-14 14:26:29,223 : Function 'generate_domain' with 'dgaRamdo', at 4208548 has return bytes: b'kusumyekqaaskcqw.org'
2024-07-14 14:26:29,224 : Function 'generate_domain' with 'dgaRamdo', at 4208548 has return value: kusumyekqaaskcqw.org
2024-07-14 14:26:29,224 : Starting analysis of ./samples/dgaramdo_tigress_vir_O1
2024-07-14 14:26:29,538 : dgaRamdo is a candidate
2024-07-14 14:26:29,539 : Processing argument struct sSelf at position 0
2024-07-14 14:26:29,539 : dgaRamdo has struct, reconstructing.
2024-07-14 14:26:29,539 : Struct value : {
  .seed = 876543,
  .nr = 0,
  .generateddomains = 0,
  .lastdomain = '',
  .domainhistory = ''
}
2024-07-14 14:26:29,539 : [1/98] Analyzing Function '_init', at 0x403000
2024-07-14 14:26:29,539 : Could not get get prototype of function _init at 0x403000
2024-07-14 14:26:29,540 : Could not check the args and return value but moving on because of self.analyze_if_unknown_prototype.
2024-07-14 14:26:30,314 : Function _init at 0x403000: Running angr callable with concrete arguments.
2024-07-14 14:26:31,103 : Function _init at 0x403000 has return value: <BV64 0x0>
2024-07-14 14:26:31,104 : Function '_init' with 'dgaRamdo', at 4206592 has return bytes: b''
2024-07-14 14:26:31,104 : Function '_init' with 'dgaRamdo', at 4206592 has return value: 
2024-07-14 14:26:31,104 : Not a candidate function: '_init' at 0x403000, has return vale: <BV64 0x0>
2024-07-14 14:26:31,104 : [2/98] Analyzing Function 'sub_403010', at 0x403010
2024-07-14 14:26:31,105 : Could not get get prototype of function sub_403010 at 0x403010
2024-07-14 14:26:31,105 : Could not check the args and return value but moving on because of self.analyze_if_unknown_prototype.
2024-07-14 14:26:31,863 : Function sub_403010 at 0x403010: Running angr callable with concrete arguments.
2024-07-14 14:26:32,677 : Exception: No paths returned from function
Traceback (most recent call last):
  File "simID_modified.py", line 474, in analyze_sample
    ret_val = check_func(*c_input)
  File "/home/analyst/.local/lib/python3.8/site-packages/angr/callable.py", line 74, in __call__
    self.perform_call(*args, prototype=prototype)
  File "/home/analyst/.local/lib/python3.8/site-packages/angr/callable.py", line 107, in perform_call
    raise AngrCallableError("No paths returned from function")
angr.errors.AngrCallableError: No paths returned from function
2024-07-14 14:26:32,677 : [3/98] Analyzing Function 'sub_40301c', at 0x40301c
2024-07-14 14:26:32,677 : Could not get get prototype of function sub_40301c at 0x40301c
2024-07-14 14:26:32,678 : Could not check the args and return value but moving on because of self.analyze_if_unknown_prototype.
2024-07-14 14:26:33,449 : Function sub_40301c at 0x40301c: Running angr callable with concrete arguments.
2024-07-14 14:26:34,247 : Function sub_40301c at 0x40301c has return value: <BV64 0x8a>
2024-07-14 14:26:34,249 : Function 'sub_40301c' with 'dgaRamdo', at 4206620 has return bytes: b''
2024-07-14 14:26:34,249 : Function 'sub_40301c' with 'dgaRamdo', at 4206620 has return value: 
2024-07-14 14:26:34,249 : Not a candidate function: 'sub_40301c' at 0x40301c, has return vale: <BV64 0x8a>
2024-07-14 14:26:34,249 : [4/98] Analyzing Function 'putchar', at 0x403020
2024-07-14 14:26:34,250 : Function putchar at 0x403020 has args int
2024-07-14 14:26:34,250 : Function putchar at 0x403020 has return type :  int (32 bits)
2024-07-14 14:26:35,018 : Function putchar at 0x403020: Running angr callable with concrete arguments.
2024-07-14 14:26:35,809 : Function putchar at 0x403020 has return value: <BV64 0x8a>
2024-07-14 14:26:35,811 : Function 'putchar' with 'dgaRamdo', at 4206624 has return bytes: b''
2024-07-14 14:26:35,811 : Function 'putchar' with 'dgaRamdo', at 4206624 has return value: 
2024-07-14 14:26:35,812 : Not a candidate function: 'putchar' at 0x403020, has return vale: <BV64 0x8a>
2024-07-14 14:26:35,812 : [5/98] Analyzing Function 'strcpy', at 0x403030
2024-07-14 14:26:35,812 : [5/98] Skipping Function 'strcpy', at 0x403030, because of arguments
2024-07-14 14:26:35,813 : [6/98] Analyzing Function 'puts', at 0x403040
2024-07-14 14:26:35,813 : Function puts at 0x403040 has args char *
2024-07-14 14:26:35,813 : Function puts at 0x403040 has return type :  int (32 bits)
2024-07-14 14:26:36,581 : Function puts at 0x403040: Running angr callable with concrete arguments.
2024-07-14 14:26:37,349 : Function puts at 0x403040 has return value: <BV64 0x4>
2024-07-14 14:26:37,349 : Function 'puts' with 'dgaRamdo', at 4206656 has return bytes: b''
2024-07-14 14:26:37,349 : Function 'puts' with 'dgaRamdo', at 4206656 has return value: 
2024-07-14 14:26:37,349 : Not a candidate function: 'puts' at 0x403040, has return vale: <BV64 0x4>
2024-07-14 14:26:37,349 : [7/98] Analyzing Function 'malloc', at 0x403050
2024-07-14 14:26:37,350 : Function malloc at 0x403050 has args unsigned long
2024-07-14 14:26:37,350 : Function malloc at 0x403050 has return type :  void*
2024-07-14 14:26:38,106 : Function malloc at 0x403050: Running angr callable with concrete arguments.
2024-07-14 14:26:38,861 : Function malloc at 0x403050 has return value: <BV64 0xc0000000>
2024-07-14 14:26:38,862 : Function 'malloc' with 'dgaRamdo', at 4206672 has return bytes: b''
2024-07-14 14:26:38,862 : Function 'malloc' with 'dgaRamdo', at 4206672 has return value: 
2024-07-14 14:26:38,862 : Not a candidate function: 'malloc' at 0x403050, has return vale: <BV64 0xc0000000>
2024-07-14 14:26:38,862 : [8/98] Analyzing Function '__stack_chk_fail', at 0x403060
2024-07-14 14:26:38,862 : [8/98] Skipping Function '__stack_chk_fail', at 0x403060, because of arguments
2024-07-14 14:26:38,862 : [9/98] Analyzing Function 'atof', at 0x403070
2024-07-14 14:26:38,862 : Function atof at 0x403070 has args char *
2024-07-14 14:26:38,862 : Function atof at 0x403070 has return type :  double
2024-07-14 14:26:39,606 : Function atof at 0x403070: Running angr callable with concrete arguments.
2024-07-14 14:26:40,362 : Function atof at 0x403070 has return value: <BV64 0x0>
2024-07-14 14:26:40,363 : Function 'atof' with 'dgaRamdo', at 4206704 has return bytes: b''
2024-07-14 14:26:40,363 : Function 'atof' with 'dgaRamdo', at 4206704 has return value: 
2024-07-14 14:26:40,364 : Not a candidate function: 'atof' at 0x403070, has return vale: <BV64 0x0>
2024-07-14 14:26:40,364 : [10/98] Analyzing Function 'strcat', at 0x403080
2024-07-14 14:26:40,364 : [10/98] Skipping Function 'strcat', at 0x403080, because of arguments
2024-07-14 14:26:40,364 : [11/98] Analyzing Function 'fwrite', at 0x403090
2024-07-14 14:26:40,364 : [11/98] Skipping Function 'fwrite', at 0x403090, because of arguments
2024-07-14 14:26:40,364 : [12/98] Analyzing Function '__libc_start_main', at 0x4030a0
2024-07-14 14:26:40,364 : [12/98] Skipping Function '__libc_start_main', at 0x4030a0, because of arguments
2024-07-14 14:26:40,364 : [13/98] Analyzing Function 'free', at 0x4030b0
2024-07-14 14:26:40,364 : Function free at 0x4030b0 has args void*
2024-07-14 14:26:40,364 : Function free at 0x4030b0 has return type :  void
2024-07-14 14:26:41,115 : Function free at 0x4030b0: Running angr callable with concrete arguments.
2024-07-14 14:26:41,887 : Function free at 0x4030b0 has return value: <BV64 0x0>
2024-07-14 14:26:41,888 : Function 'free' with 'dgaRamdo', at 4206768 has return bytes: b''
2024-07-14 14:26:41,888 : Function 'free' with 'dgaRamdo', at 4206768 has return value: 
2024-07-14 14:26:41,889 : Not a candidate function: 'free' at 0x4030b0, has return vale: <BV64 0x0>
2024-07-14 14:26:41,889 : [14/98] Analyzing Function '__cxa_finalize', at 0x4030c0
2024-07-14 14:26:41,889 : [14/98] Skipping Function '__cxa_finalize', at 0x4030c0, because of arguments
2024-07-14 14:26:41,889 : [15/98] Analyzing Function '_start', at 0x4030d0
2024-07-14 14:26:41,889 : Could not get get prototype of function _start at 0x4030d0
2024-07-14 14:26:41,889 : Could not check the args and return value but moving on because of self.analyze_if_unknown_prototype.
2024-07-14 14:26:42,628 : Function _start at 0x4030d0: Running angr callable with concrete arguments.
2024-07-14 14:26:43,467 : Exception: BVV() takes either an integer value and a size or a string of bytes
Traceback (most recent call last):
  File "simID_modified.py", line 474, in analyze_sample
    ret_val = check_func(*c_input)
  File "/home/analyst/.local/lib/python3.8/site-packages/angr/callable.py", line 74, in __call__
    self.perform_call(*args, prototype=prototype)
  File "/home/analyst/.local/lib/python3.8/site-packages/angr/callable.py", line 103, in perform_call
    caller.run(step_func=step_func if self._concrete_only else None).unstash(from_stash="deadended")
  File "/home/analyst/.local/lib/python3.8/site-packages/angr/sim_manager.py", line 360, in run
    self.step(stash=stash, **kwargs)
  File "/home/analyst/.local/lib/python3.8/site-packages/angr/misc/hookset.py", line 96, in __call__
    result = current_hook(self.func.__self__, *args, **kwargs)
  File "/home/analyst/.local/lib/python3.8/site-packages/angr/exploration_techniques/suggestions.py", line 43, in step
    simgr.step(stash=stash, **kwargs)
  File "/home/analyst/.local/lib/python3.8/site-packages/angr/misc/hookset.py", line 101, in __call__
    return self.func(*args, **kwargs)
  File "/home/analyst/.local/lib/python3.8/site-packages/angr/sim_manager.py", line 469, in step
    successors = self.step_state(state, successor_func=successor_func, error_list=error_list, **run_args)
  File "/home/analyst/.local/lib/python3.8/site-packages/angr/sim_manager.py", line 510, in step_state
    successors = self.successors(state, successor_func=successor_func, **run_args)
  File "/home/analyst/.local/lib/python3.8/site-packages/angr/sim_manager.py", line 560, in successors
    return self._project.factory.successors(state, **run_args)
  File "/home/analyst/.local/lib/python3.8/site-packages/angr/factory.py", line 79, in successors
    return self.default_engine.process(*args, **kwargs)
  File "/home/analyst/.local/lib/python3.8/site-packages/angr/engines/vex/light/slicing.py", line 20, in process
    return super().process(*args, **kwargs)
  File "/home/analyst/.local/lib/python3.8/site-packages/angr/engines/engine.py", line 163, in process
    self.process_successors(self.successors, **kwargs)
  File "/home/analyst/.local/lib/python3.8/site-packages/angr/engines/failure.py", line 24, in process_successors
    return super().process_successors(successors, **kwargs)
  File "/home/analyst/.local/lib/python3.8/site-packages/angr/engines/syscall.py", line 26, in process_successors
    return super().process_successors(successors, **kwargs)
  File "/home/analyst/.local/lib/python3.8/site-packages/angr/engines/hook.py", line 56, in process_successors
    return super().process_successors(successors, procedure=procedure, **kwargs)
  File "/home/analyst/.local/lib/python3.8/site-packages/angr/engines/unicorn.py", line 389, in process_successors
    return super().process_successors(successors, **kwargs)
  File "/home/analyst/.local/lib/python3.8/site-packages/angr/engines/soot/engine.py", line 68, in process_successors
    return super().process_successors(successors, **kwargs)
  File "/home/analyst/.local/lib/python3.8/site-packages/angr/engines/vex/heavy/heavy.py", line 174, in process_successors
    self.handle_vex_block(irsb)
  File "/home/analyst/.local/lib/python3.8/site-packages/angr/engines/vex/heavy/super_fastpath.py", line 25, in handle_vex_block
    super().handle_vex_block(irsb)
  File "/home/analyst/.local/lib/python3.8/site-packages/angr/engines/vex/light/slicing.py", line 26, in handle_vex_block
    super().handle_vex_block(irsb)
  File "/home/analyst/.local/lib/python3.8/site-packages/angr/engines/vex/heavy/actions.py", line 31, in handle_vex_block
    super().handle_vex_block(irsb)
  File "/home/analyst/.local/lib/python3.8/site-packages/angr/engines/vex/heavy/inspect.py", line 49, in handle_vex_block
    super().handle_vex_block(irsb)
  File "/home/analyst/.local/lib/python3.8/site-packages/angr/engines/vex/light/light.py", line 548, in handle_vex_block
    self._handle_vex_stmt(stmt)
  File "/home/analyst/.local/lib/python3.8/site-packages/angr/engines/vex/light/slicing.py", line 30, in _handle_vex_stmt
    super()._handle_vex_stmt(stmt)
  File "/home/analyst/.local/lib/python3.8/site-packages/angr/engines/vex/heavy/inspect.py", line 44, in _handle_vex_stmt
    super()._handle_vex_stmt(stmt)
  File "/home/analyst/.local/lib/python3.8/site-packages/angr/engines/vex/light/resilience.py", line 39, in inner
    return getattr(super(VEXResilienceMixin, self), func)(*iargs, **ikwargs)
  File "/home/analyst/.local/lib/python3.8/site-packages/angr/engines/vex/heavy/heavy.py", line 248, in _handle_vex_stmt
    super()._handle_vex_stmt(stmt)
  File "/home/analyst/.local/lib/python3.8/site-packages/angr/engines/vex/light/light.py", line 52, in _handle_vex_stmt
    handler(stmt)
  File "/home/analyst/.local/lib/python3.8/site-packages/angr/engines/vex/light/light.py", line 203, in _handle_vex_stmt_WrTmp
    self._perform_vex_stmt_WrTmp(stmt.tmp, self._analyze_vex_stmt_WrTmp_data(stmt.data))
  File "/home/analyst/.local/lib/python3.8/site-packages/angr/engines/vex/light/light.py", line 200, in _analyze_vex_stmt_WrTmp_data
    return self._handle_vex_expr(*a, **kw)
  File "/home/analyst/.local/lib/python3.8/site-packages/angr/engines/vex/heavy/inspect.py", line 35, in _handle_vex_expr
    return super()._handle_vex_expr(expr)
  File "/home/analyst/.local/lib/python3.8/site-packages/angr/engines/vex/light/light.py", line 57, in _handle_vex_expr
    return self._instrument_vex_expr(result)
  File "/home/analyst/.local/lib/python3.8/site-packages/angr/engines/vex/heavy/actions.py", line 46, in _instrument_vex_expr
    return super()._instrument_vex_expr(result[0]), result[1]
  File "/home/analyst/.local/lib/python3.8/site-packages/angr/engines/vex/heavy/inspect.py", line 38, in _instrument_vex_expr
    result = super()._instrument_vex_expr(result)
  File "/home/analyst/.local/lib/python3.8/site-packages/angr/engines/vex/heavy/heavy.py", line 343, in _instrument_vex_expr
    concrete_value = self.state.solver.BVV(self.state.solver.eval(result), len(result))
  File "/home/analyst/.local/lib/python3.8/site-packages/angr/state_plugins/solver.py", line 93, in wrapped_f
    return f(*args, **kwargs)
  File "/home/analyst/.local/lib/python3.8/site-packages/angr/state_plugins/sim_action_object.py", line 61, in ast_stripper
    return f(*new_args, **new_kwargs)
  File "/home/analyst/.local/lib/python3.8/site-packages/claripy/ast/bv.py", line 291, in BVV
    raise TypeError("BVV() takes either an integer value and a size or a string of bytes")
TypeError: BVV() takes either an integer value and a size or a string of bytes
2024-07-14 14:26:43,468 : [16/98] Analyzing Function 'sub_4030e6', at 0x4030e6
2024-07-14 14:26:43,468 : Could not get get prototype of function sub_4030e6 at 0x4030e6
2024-07-14 14:26:43,468 : Could not check the args and return value but moving on because of self.analyze_if_unknown_prototype.
2024-07-14 14:26:44,225 : Function sub_4030e6 at 0x4030e6: Running angr callable with concrete arguments.
2024-07-14 14:26:45,057 : Exception: BVV() takes either an integer value and a size or a string of bytes
Traceback (most recent call last):
  File "simID_modified.py", line 474, in analyze_sample
    ret_val = check_func(*c_input)
  File "/home/analyst/.local/lib/python3.8/site-packages/angr/callable.py", line 74, in __call__
    self.perform_call(*args, prototype=prototype)
  File "/home/analyst/.local/lib/python3.8/site-packages/angr/callable.py", line 103, in perform_call
    caller.run(step_func=step_func if self._concrete_only else None).unstash(from_stash="deadended")
  File "/home/analyst/.local/lib/python3.8/site-packages/angr/sim_manager.py", line 360, in run
    self.step(stash=stash, **kwargs)
  File "/home/analyst/.local/lib/python3.8/site-packages/angr/misc/hookset.py", line 96, in __call__
    result = current_hook(self.func.__self__, *args, **kwargs)
  File "/home/analyst/.local/lib/python3.8/site-packages/angr/exploration_techniques/suggestions.py", line 43, in step
    simgr.step(stash=stash, **kwargs)
  File "/home/analyst/.local/lib/python3.8/site-packages/angr/misc/hookset.py", line 101, in __call__
    return self.func(*args, **kwargs)
  File "/home/analyst/.local/lib/python3.8/site-packages/angr/sim_manager.py", line 469, in step
    successors = self.step_state(state, successor_func=successor_func, error_list=error_list, **run_args)
  File "/home/analyst/.local/lib/python3.8/site-packages/angr/sim_manager.py", line 510, in step_state
    successors = self.successors(state, successor_func=successor_func, **run_args)
  File "/home/analyst/.local/lib/python3.8/site-packages/angr/sim_manager.py", line 560, in successors
    return self._project.factory.successors(state, **run_args)
  File "/home/analyst/.local/lib/python3.8/site-packages/angr/factory.py", line 79, in successors
    return self.default_engine.process(*args, **kwargs)
  File "/home/analyst/.local/lib/python3.8/site-packages/angr/engines/vex/light/slicing.py", line 20, in process
    return super().process(*args, **kwargs)
  File "/home/analyst/.local/lib/python3.8/site-packages/angr/engines/engine.py", line 163, in process
    self.process_successors(self.successors, **kwargs)
  File "/home/analyst/.local/lib/python3.8/site-packages/angr/engines/failure.py", line 24, in process_successors
    return super().process_successors(successors, **kwargs)
  File "/home/analyst/.local/lib/python3.8/site-packages/angr/engines/syscall.py", line 26, in process_successors
    return super().process_successors(successors, **kwargs)
  File "/home/analyst/.local/lib/python3.8/site-packages/angr/engines/hook.py", line 56, in process_successors
    return super().process_successors(successors, procedure=procedure, **kwargs)
  File "/home/analyst/.local/lib/python3.8/site-packages/angr/engines/unicorn.py", line 389, in process_successors
    return super().process_successors(successors, **kwargs)
  File "/home/analyst/.local/lib/python3.8/site-packages/angr/engines/soot/engine.py", line 68, in process_successors
    return super().process_successors(successors, **kwargs)
  File "/home/analyst/.local/lib/python3.8/site-packages/angr/engines/vex/heavy/heavy.py", line 174, in process_successors
    self.handle_vex_block(irsb)
  File "/home/analyst/.local/lib/python3.8/site-packages/angr/engines/vex/heavy/super_fastpath.py", line 25, in handle_vex_block
    super().handle_vex_block(irsb)
  File "/home/analyst/.local/lib/python3.8/site-packages/angr/engines/vex/light/slicing.py", line 26, in handle_vex_block
    super().handle_vex_block(irsb)
  File "/home/analyst/.local/lib/python3.8/site-packages/angr/engines/vex/heavy/actions.py", line 31, in handle_vex_block
    super().handle_vex_block(irsb)
  File "/home/analyst/.local/lib/python3.8/site-packages/angr/engines/vex/heavy/inspect.py", line 49, in handle_vex_block
    super().handle_vex_block(irsb)
  File "/home/analyst/.local/lib/python3.8/site-packages/angr/engines/vex/light/light.py", line 548, in handle_vex_block
    self._handle_vex_stmt(stmt)
  File "/home/analyst/.local/lib/python3.8/site-packages/angr/engines/vex/light/slicing.py", line 30, in _handle_vex_stmt
    super()._handle_vex_stmt(stmt)
  File "/home/analyst/.local/lib/python3.8/site-packages/angr/engines/vex/heavy/inspect.py", line 44, in _handle_vex_stmt
    super()._handle_vex_stmt(stmt)
  File "/home/analyst/.local/lib/python3.8/site-packages/angr/engines/vex/light/resilience.py", line 39, in inner
    return getattr(super(VEXResilienceMixin, self), func)(*iargs, **ikwargs)
  File "/home/analyst/.local/lib/python3.8/site-packages/angr/engines/vex/heavy/heavy.py", line 248, in _handle_vex_stmt
    super()._handle_vex_stmt(stmt)
  File "/home/analyst/.local/lib/python3.8/site-packages/angr/engines/vex/light/light.py", line 52, in _handle_vex_stmt
    handler(stmt)
  File "/home/analyst/.local/lib/python3.8/site-packages/angr/engines/vex/light/light.py", line 203, in _handle_vex_stmt_WrTmp
    self._perform_vex_stmt_WrTmp(stmt.tmp, self._analyze_vex_stmt_WrTmp_data(stmt.data))
  File "/home/analyst/.local/lib/python3.8/site-packages/angr/engines/vex/light/light.py", line 200, in _analyze_vex_stmt_WrTmp_data
    return self._handle_vex_expr(*a, **kw)
  File "/home/analyst/.local/lib/python3.8/site-packages/angr/engines/vex/heavy/inspect.py", line 35, in _handle_vex_expr
    return super()._handle_vex_expr(expr)
  File "/home/analyst/.local/lib/python3.8/site-packages/angr/engines/vex/light/light.py", line 57, in _handle_vex_expr
    return self._instrument_vex_expr(result)
  File "/home/analyst/.local/lib/python3.8/site-packages/angr/engines/vex/heavy/actions.py", line 46, in _instrument_vex_expr
    return super()._instrument_vex_expr(result[0]), result[1]
  File "/home/analyst/.local/lib/python3.8/site-packages/angr/engines/vex/heavy/inspect.py", line 38, in _instrument_vex_expr
    result = super()._instrument_vex_expr(result)
  File "/home/analyst/.local/lib/python3.8/site-packages/angr/engines/vex/heavy/heavy.py", line 343, in _instrument_vex_expr
    concrete_value = self.state.solver.BVV(self.state.solver.eval(result), len(result))
  File "/home/analyst/.local/lib/python3.8/site-packages/angr/state_plugins/solver.py", line 93, in wrapped_f
    return f(*args, **kwargs)
  File "/home/analyst/.local/lib/python3.8/site-packages/angr/state_plugins/sim_action_object.py", line 61, in ast_stripper
    return f(*new_args, **new_kwargs)
  File "/home/analyst/.local/lib/python3.8/site-packages/claripy/ast/bv.py", line 291, in BVV
    raise TypeError("BVV() takes either an integer value and a size or a string of bytes")
TypeError: BVV() takes either an integer value and a size or a string of bytes
2024-07-14 14:26:45,059 : [17/98] Analyzing Function '_start_c', at 0x4030f0
2024-07-14 14:26:45,059 : Could not get get prototype of function _start_c at 0x4030f0
2024-07-14 14:26:45,059 : Could not check the args and return value but moving on because of self.analyze_if_unknown_prototype.
2024-07-14 14:26:45,817 : Function _start_c at 0x4030f0: Running angr callable with concrete arguments.
2024-07-14 14:26:46,661 : Exception: BVV() takes either an integer value and a size or a string of bytes
Traceback (most recent call last):
  File "simID_modified.py", line 474, in analyze_sample
    ret_val = check_func(*c_input)
  File "/home/analyst/.local/lib/python3.8/site-packages/angr/callable.py", line 74, in __call__
    self.perform_call(*args, prototype=prototype)
  File "/home/analyst/.local/lib/python3.8/site-packages/angr/callable.py", line 103, in perform_call
    caller.run(step_func=step_func if self._concrete_only else None).unstash(from_stash="deadended")
  File "/home/analyst/.local/lib/python3.8/site-packages/angr/sim_manager.py", line 360, in run
    self.step(stash=stash, **kwargs)
  File "/home/analyst/.local/lib/python3.8/site-packages/angr/misc/hookset.py", line 96, in __call__
    result = current_hook(self.func.__self__, *args, **kwargs)
  File "/home/analyst/.local/lib/python3.8/site-packages/angr/exploration_techniques/suggestions.py", line 43, in step
    simgr.step(stash=stash, **kwargs)
  File "/home/analyst/.local/lib/python3.8/site-packages/angr/misc/hookset.py", line 101, in __call__
    return self.func(*args, **kwargs)
  File "/home/analyst/.local/lib/python3.8/site-packages/angr/sim_manager.py", line 469, in step
    successors = self.step_state(state, successor_func=successor_func, error_list=error_list, **run_args)
  File "/home/analyst/.local/lib/python3.8/site-packages/angr/sim_manager.py", line 510, in step_state
    successors = self.successors(state, successor_func=successor_func, **run_args)
  File "/home/analyst/.local/lib/python3.8/site-packages/angr/sim_manager.py", line 560, in successors
    return self._project.factory.successors(state, **run_args)
  File "/home/analyst/.local/lib/python3.8/site-packages/angr/factory.py", line 79, in successors
    return self.default_engine.process(*args, **kwargs)
  File "/home/analyst/.local/lib/python3.8/site-packages/angr/engines/vex/light/slicing.py", line 20, in process
    return super().process(*args, **kwargs)
  File "/home/analyst/.local/lib/python3.8/site-packages/angr/engines/engine.py", line 163, in process
    self.process_successors(self.successors, **kwargs)
  File "/home/analyst/.local/lib/python3.8/site-packages/angr/engines/failure.py", line 24, in process_successors
    return super().process_successors(successors, **kwargs)
  File "/home/analyst/.local/lib/python3.8/site-packages/angr/engines/syscall.py", line 26, in process_successors
    return super().process_successors(successors, **kwargs)
  File "/home/analyst/.local/lib/python3.8/site-packages/angr/engines/hook.py", line 56, in process_successors
    return super().process_successors(successors, procedure=procedure, **kwargs)
  File "/home/analyst/.local/lib/python3.8/site-packages/angr/engines/unicorn.py", line 389, in process_successors
    return super().process_successors(successors, **kwargs)
  File "/home/analyst/.local/lib/python3.8/site-packages/angr/engines/soot/engine.py", line 68, in process_successors
    return super().process_successors(successors, **kwargs)
  File "/home/analyst/.local/lib/python3.8/site-packages/angr/engines/vex/heavy/heavy.py", line 174, in process_successors
    self.handle_vex_block(irsb)
  File "/home/analyst/.local/lib/python3.8/site-packages/angr/engines/vex/heavy/super_fastpath.py", line 25, in handle_vex_block
    super().handle_vex_block(irsb)
  File "/home/analyst/.local/lib/python3.8/site-packages/angr/engines/vex/light/slicing.py", line 26, in handle_vex_block
    super().handle_vex_block(irsb)
  File "/home/analyst/.local/lib/python3.8/site-packages/angr/engines/vex/heavy/actions.py", line 31, in handle_vex_block
    super().handle_vex_block(irsb)
  File "/home/analyst/.local/lib/python3.8/site-packages/angr/engines/vex/heavy/inspect.py", line 49, in handle_vex_block
    super().handle_vex_block(irsb)
  File "/home/analyst/.local/lib/python3.8/site-packages/angr/engines/vex/light/light.py", line 548, in handle_vex_block
    self._handle_vex_stmt(stmt)
  File "/home/analyst/.local/lib/python3.8/site-packages/angr/engines/vex/light/slicing.py", line 30, in _handle_vex_stmt
    super()._handle_vex_stmt(stmt)
  File "/home/analyst/.local/lib/python3.8/site-packages/angr/engines/vex/heavy/inspect.py", line 44, in _handle_vex_stmt
    super()._handle_vex_stmt(stmt)
  File "/home/analyst/.local/lib/python3.8/site-packages/angr/engines/vex/light/resilience.py", line 39, in inner
    return getattr(super(VEXResilienceMixin, self), func)(*iargs, **ikwargs)
  File "/home/analyst/.local/lib/python3.8/site-packages/angr/engines/vex/heavy/heavy.py", line 248, in _handle_vex_stmt
    super()._handle_vex_stmt(stmt)
  File "/home/analyst/.local/lib/python3.8/site-packages/angr/engines/vex/light/light.py", line 52, in _handle_vex_stmt
    handler(stmt)
  File "/home/analyst/.local/lib/python3.8/site-packages/angr/engines/vex/light/light.py", line 203, in _handle_vex_stmt_WrTmp
    self._perform_vex_stmt_WrTmp(stmt.tmp, self._analyze_vex_stmt_WrTmp_data(stmt.data))
  File "/home/analyst/.local/lib/python3.8/site-packages/angr/engines/vex/light/light.py", line 200, in _analyze_vex_stmt_WrTmp_data
    return self._handle_vex_expr(*a, **kw)
  File "/home/analyst/.local/lib/python3.8/site-packages/angr/engines/vex/heavy/inspect.py", line 35, in _handle_vex_expr
    return super()._handle_vex_expr(expr)
  File "/home/analyst/.local/lib/python3.8/site-packages/angr/engines/vex/light/light.py", line 57, in _handle_vex_expr
    return self._instrument_vex_expr(result)
  File "/home/analyst/.local/lib/python3.8/site-packages/angr/engines/vex/heavy/actions.py", line 46, in _instrument_vex_expr
    return super()._instrument_vex_expr(result[0]), result[1]
  File "/home/analyst/.local/lib/python3.8/site-packages/angr/engines/vex/heavy/inspect.py", line 38, in _instrument_vex_expr
    result = super()._instrument_vex_expr(result)
  File "/home/analyst/.local/lib/python3.8/site-packages/angr/engines/vex/heavy/heavy.py", line 343, in _instrument_vex_expr
    concrete_value = self.state.solver.BVV(self.state.solver.eval(result), len(result))
  File "/home/analyst/.local/lib/python3.8/site-packages/angr/state_plugins/solver.py", line 93, in wrapped_f
    return f(*args, **kwargs)
  File "/home/analyst/.local/lib/python3.8/site-packages/angr/state_plugins/sim_action_object.py", line 61, in ast_stripper
    return f(*new_args, **new_kwargs)
  File "/home/analyst/.local/lib/python3.8/site-packages/claripy/ast/bv.py", line 291, in BVV
    raise TypeError("BVV() takes either an integer value and a size or a string of bytes")
TypeError: BVV() takes either an integer value and a size or a string of bytes
2024-07-14 14:26:46,662 : [18/98] Analyzing Function 'sub_403118', at 0x403118
2024-07-14 14:26:46,663 : Could not get get prototype of function sub_403118 at 0x403118
2024-07-14 14:26:46,663 : Could not check the args and return value but moving on because of self.analyze_if_unknown_prototype.
2024-07-14 14:26:47,410 : Function sub_403118 at 0x403118: Running angr callable with concrete arguments.
2024-07-14 14:26:48,166 : Function sub_403118 at 0x403118 has return value: <BV64 0x406e70>
2024-07-14 14:26:48,168 : Function 'sub_403118' with 'dgaRamdo', at 4206872 has return bytes: b''
2024-07-14 14:26:48,169 : Function 'sub_403118' with 'dgaRamdo', at 4206872 has return value: 
2024-07-14 14:26:48,169 : Not a candidate function: 'sub_403118' at 0x403118, has return vale: <BV64 0x406e70>
2024-07-14 14:26:48,169 : [19/98] Analyzing Function 'deregister_tm_clones', at 0x403120
2024-07-14 14:26:48,169 : Could not get get prototype of function deregister_tm_clones at 0x403120
2024-07-14 14:26:48,169 : Could not check the args and return value but moving on because of self.analyze_if_unknown_prototype.
2024-07-14 14:26:48,932 : Function deregister_tm_clones at 0x403120: Running angr callable with concrete arguments.
2024-07-14 14:26:49,710 : Function deregister_tm_clones at 0x403120 has return value: <BV64 0x406e70>
2024-07-14 14:26:49,714 : Function 'deregister_tm_clones' with 'dgaRamdo', at 4206880 has return bytes: b''
2024-07-14 14:26:49,714 : Function 'deregister_tm_clones' with 'dgaRamdo', at 4206880 has return value: 
2024-07-14 14:26:49,714 : Not a candidate function: 'deregister_tm_clones' at 0x403120, has return vale: <BV64 0x406e70>
2024-07-14 14:26:49,714 : [20/98] Analyzing Function 'sub_403149', at 0x403149
2024-07-14 14:26:49,714 : Could not get get prototype of function sub_403149 at 0x403149
2024-07-14 14:26:49,715 : Could not check the args and return value but moving on because of self.analyze_if_unknown_prototype.
2024-07-14 14:26:50,460 : Function sub_403149 at 0x403149: Running angr callable with concrete arguments.
2024-07-14 14:26:51,240 : Function sub_403149 at 0x403149 has return value: <BV64 0x0>
2024-07-14 14:26:51,241 : Function 'sub_403149' with 'dgaRamdo', at 4206921 has return bytes: b''
2024-07-14 14:26:51,241 : Function 'sub_403149' with 'dgaRamdo', at 4206921 has return value: 
2024-07-14 14:26:51,241 : Not a candidate function: 'sub_403149' at 0x403149, has return vale: <BV64 0x0>
2024-07-14 14:26:51,241 : [21/98] Analyzing Function 'register_tm_clones', at 0x403150
2024-07-14 14:26:51,241 : Could not get get prototype of function register_tm_clones at 0x403150
2024-07-14 14:26:51,242 : Could not check the args and return value but moving on because of self.analyze_if_unknown_prototype.
2024-07-14 14:26:51,988 : Function register_tm_clones at 0x403150: Running angr callable with concrete arguments.
2024-07-14 14:26:52,761 : Function register_tm_clones at 0x403150 has return value: <BV64 0x0>
2024-07-14 14:26:52,761 : Function 'register_tm_clones' with 'dgaRamdo', at 4206928 has return bytes: b''
2024-07-14 14:26:52,761 : Function 'register_tm_clones' with 'dgaRamdo', at 4206928 has return value: 
2024-07-14 14:26:52,761 : Not a candidate function: 'register_tm_clones' at 0x403150, has return vale: <BV64 0x0>
2024-07-14 14:26:52,761 : [22/98] Analyzing Function 'sub_403189', at 0x403189
2024-07-14 14:26:52,762 : Could not get get prototype of function sub_403189 at 0x403189
2024-07-14 14:26:52,762 : Could not check the args and return value but moving on because of self.analyze_if_unknown_prototype.
2024-07-14 14:26:53,510 : Function sub_403189 at 0x403189: Running angr callable with concrete arguments.
2024-07-14 14:26:54,306 : Function sub_403189 at 0x403189 has return value: <BV64 0x406e70>
2024-07-14 14:26:54,307 : Function 'sub_403189' with 'dgaRamdo', at 4206985 has return bytes: b'\x01'
2024-07-14 14:26:54,307 : Function 'sub_403189' with 'dgaRamdo', at 4206985 has return value: 
2024-07-14 14:26:54,308 : Not a candidate function: 'sub_403189' at 0x403189, has return vale: <BV64 0x406e70>
2024-07-14 14:26:54,308 : [23/98] Analyzing Function '__do_global_dtors_aux', at 0x403190
2024-07-14 14:26:54,308 : Could not get get prototype of function __do_global_dtors_aux at 0x403190
2024-07-14 14:26:54,308 : Could not check the args and return value but moving on because of self.analyze_if_unknown_prototype.
2024-07-14 14:26:55,076 : Function __do_global_dtors_aux at 0x403190: Running angr callable with concrete arguments.
2024-07-14 14:26:55,873 : Function __do_global_dtors_aux at 0x403190 has return value: <BV64 0x406e70>
2024-07-14 14:26:55,874 : Function '__do_global_dtors_aux' with 'dgaRamdo', at 4206992 has return bytes: b'\x01'
2024-07-14 14:26:55,875 : Function '__do_global_dtors_aux' with 'dgaRamdo', at 4206992 has return value: 
2024-07-14 14:26:55,875 : Not a candidate function: '__do_global_dtors_aux' at 0x403190, has return vale: <BV64 0x406e70>
2024-07-14 14:26:55,876 : [24/98] Analyzing Function 'sub_4031c5', at 0x4031c5
2024-07-14 14:26:55,876 : Could not get get prototype of function sub_4031c5 at 0x4031c5
2024-07-14 14:26:55,877 : Could not check the args and return value but moving on because of self.analyze_if_unknown_prototype.
2024-07-14 14:26:56,642 : Function sub_4031c5 at 0x4031c5: Running angr callable with concrete arguments.
2024-07-14 14:26:57,424 : Function sub_4031c5 at 0x4031c5 has return value: <BV64 0x0>
2024-07-14 14:26:57,425 : Function 'sub_4031c5' with 'dgaRamdo', at 4207045 has return bytes: b''
2024-07-14 14:26:57,426 : Function 'sub_4031c5' with 'dgaRamdo', at 4207045 has return value: 
2024-07-14 14:26:57,426 : Not a candidate function: 'sub_4031c5' at 0x4031c5, has return vale: <BV64 0x0>
2024-07-14 14:26:57,426 : [25/98] Analyzing Function 'sub_4031c9', at 0x4031c9
2024-07-14 14:26:57,427 : Could not get get prototype of function sub_4031c9 at 0x4031c9
2024-07-14 14:26:57,427 : Could not check the args and return value but moving on because of self.analyze_if_unknown_prototype.
2024-07-14 14:26:58,199 : Function sub_4031c9 at 0x4031c9: Running angr callable with concrete arguments.
2024-07-14 14:26:58,972 : Function sub_4031c9 at 0x4031c9 has return value: <BV64 0x0>
2024-07-14 14:26:58,973 : Function 'sub_4031c9' with 'dgaRamdo', at 4207049 has return bytes: b''
2024-07-14 14:26:58,973 : Function 'sub_4031c9' with 'dgaRamdo', at 4207049 has return value: 
2024-07-14 14:26:58,973 : Not a candidate function: 'sub_4031c9' at 0x4031c9, has return vale: <BV64 0x0>
2024-07-14 14:26:58,974 : [26/98] Analyzing Function 'frame_dummy', at 0x4031d0
2024-07-14 14:26:58,974 : Could not get get prototype of function frame_dummy at 0x4031d0
2024-07-14 14:26:58,974 : Could not check the args and return value but moving on because of self.analyze_if_unknown_prototype.
2024-07-14 14:26:59,738 : Function frame_dummy at 0x4031d0: Running angr callable with concrete arguments.
2024-07-14 14:27:00,516 : Function frame_dummy at 0x4031d0 has return value: <BV64 0x0>
2024-07-14 14:27:00,516 : Function 'frame_dummy' with 'dgaRamdo', at 4207056 has return bytes: b''
2024-07-14 14:27:00,517 : Function 'frame_dummy' with 'dgaRamdo', at 4207056 has return value: 
2024-07-14 14:27:00,517 : Not a candidate function: 'frame_dummy' at 0x4031d0, has return vale: <BV64 0x0>
2024-07-14 14:27:00,517 : [27/98] Analyzing Function 'llist_append', at 0x4031d9
2024-07-14 14:27:00,517 : Could not get get prototype of function llist_append at 0x4031d9
2024-07-14 14:27:00,517 : Could not check the args and return value but moving on because of self.analyze_if_unknown_prototype.
2024-07-14 14:27:01,273 : Function llist_append at 0x4031d9: Running angr callable with concrete arguments.
2024-07-14 14:27:06,404 : Function llist_append at 0x4031d9 has return value: <BV64 0x1>
2024-07-14 14:27:06,406 : Function 'llist_append' with 'dgaRamdo', at 4207065 has return bytes: b''
2024-07-14 14:27:06,406 : Function 'llist_append' with 'dgaRamdo', at 4207065 has return value: 
2024-07-14 14:27:06,406 : Not a candidate function: 'llist_append' at 0x4031d9, has return vale: <BV64 0x1>
2024-07-14 14:27:06,406 : [28/98] Analyzing Function 'llist_create', at 0x40329f
2024-07-14 14:27:06,406 : Could not get get prototype of function llist_create at 0x40329f
2024-07-14 14:27:06,406 : Could not check the args and return value but moving on because of self.analyze_if_unknown_prototype.
2024-07-14 14:27:07,164 : Function llist_create at 0x40329f: Running angr callable with concrete arguments.
2024-07-14 14:27:07,951 : Function llist_create at 0x40329f has return value: <BV64 0xc0000000>
2024-07-14 14:27:07,951 : Function 'llist_create' with 'dgaRamdo', at 4207263 has return bytes: b'\x10'
2024-07-14 14:27:07,952 : Function 'llist_create' with 'dgaRamdo', at 4207263 has return value: 
2024-07-14 14:27:07,952 : Not a candidate function: 'llist_create' at 0x40329f, has return vale: <BV64 0xc0000000>
2024-07-14 14:27:07,952 : [29/98] Analyzing Function 'llist_getIndex', at 0x4032db
2024-07-14 14:27:07,952 : Could not get get prototype of function llist_getIndex at 0x4032db
2024-07-14 14:27:07,952 : Could not check the args and return value but moving on because of self.analyze_if_unknown_prototype.
2024-07-14 14:27:08,744 : Function llist_getIndex at 0x4032db: Running angr callable with concrete arguments.
2024-07-14 14:27:09,535 : Function llist_getIndex at 0x4032db has return value: <BV64 0x0>
2024-07-14 14:27:09,536 : Function 'llist_getIndex' with 'dgaRamdo', at 4207323 has return bytes: b''
2024-07-14 14:27:09,536 : Function 'llist_getIndex' with 'dgaRamdo', at 4207323 has return value: 
2024-07-14 14:27:09,536 : Not a candidate function: 'llist_getIndex' at 0x4032db, has return vale: <BV64 0x0>
2024-07-14 14:27:09,536 : [30/98] Analyzing Function 'ord', at 0x403390
2024-07-14 14:27:09,537 : Could not get get prototype of function ord at 0x403390
2024-07-14 14:27:09,537 : Could not check the args and return value but moving on because of self.analyze_if_unknown_prototype.
2024-07-14 14:27:10,321 : Function ord at 0x403390: Running angr callable with concrete arguments.
2024-07-14 14:27:11,083 : Function ord at 0x403390 has return value: <BV64 0xffffffff>
2024-07-14 14:27:11,084 : Function 'ord' with 'dgaRamdo', at 4207504 has return bytes: b''
2024-07-14 14:27:11,084 : Function 'ord' with 'dgaRamdo', at 4207504 has return value: 
2024-07-14 14:27:11,084 : Not a candidate function: 'ord' at 0x403390, has return vale: <BV64 0xffffffff>
2024-07-14 14:27:11,084 : [31/98] Analyzing Function 'llist_getLast', at 0x403398
2024-07-14 14:27:11,084 : Could not get get prototype of function llist_getLast at 0x403398
2024-07-14 14:27:11,084 : Could not check the args and return value but moving on because of self.analyze_if_unknown_prototype.
2024-07-14 14:27:11,826 : Function llist_getLast at 0x403398: Running angr callable with concrete arguments.
2024-07-14 14:27:12,672 : Function llist_getLast at 0x403398 has return value: <BV64 0x0>
2024-07-14 14:27:12,672 : Function 'llist_getLast' with 'dgaRamdo', at 4207512 has return bytes: b''
2024-07-14 14:27:12,673 : Function 'llist_getLast' with 'dgaRamdo', at 4207512 has return value: 
2024-07-14 14:27:12,673 : Not a candidate function: 'llist_getLast' at 0x403398, has return vale: <BV64 0x0>
2024-07-14 14:27:12,673 : [32/98] Analyzing Function 'init', at 0x403439
2024-07-14 14:27:12,673 : Could not get get prototype of function init at 0x403439
2024-07-14 14:27:12,673 : Could not check the args and return value but moving on because of self.analyze_if_unknown_prototype.
2024-07-14 14:27:13,440 : Function init at 0x403439: Running angr callable with concrete arguments.
2024-07-14 14:27:14,254 : Function init at 0x403439 has return value: <BV64 0xc0000000>
2024-07-14 14:27:14,256 : Function 'init' with 'dgaRamdo', at 4207673 has return bytes: b'\x10'
2024-07-14 14:27:14,256 : Function 'init' with 'dgaRamdo', at 4207673 has return value: 
2024-07-14 14:27:14,256 : Not a candidate function: 'init' at 0x403439, has return vale: <BV64 0xc0000000>
2024-07-14 14:27:14,257 : [33/98] Analyzing Function 'init_program', at 0x40346f
2024-07-14 14:27:14,258 : Could not get get prototype of function init_program at 0x40346f
2024-07-14 14:27:14,258 : Could not check the args and return value but moving on because of self.analyze_if_unknown_prototype.
2024-07-14 14:27:15,059 : Function init_program at 0x40346f: Running angr callable with concrete arguments.
2024-07-14 14:27:15,840 : Function init_program at 0x40346f has return value: <BV64 0x0>
2024-07-14 14:27:15,841 : Function 'init_program' with 'dgaRamdo', at 4207727 has return bytes: b''
2024-07-14 14:27:15,841 : Function 'init_program' with 'dgaRamdo', at 4207727 has return value: 
2024-07-14 14:27:15,841 : Not a candidate function: 'init_program' at 0x40346f, has return vale: <BV64 0x0>
2024-07-14 14:27:15,841 : [34/98] Analyzing Function 'chr', at 0x403474
2024-07-14 14:27:15,841 : Could not get get prototype of function chr at 0x403474
2024-07-14 14:27:15,842 : Could not check the args and return value but moving on because of self.analyze_if_unknown_prototype.
2024-07-14 14:27:16,638 : Function chr at 0x403474: Running angr callable with concrete arguments.
2024-07-14 14:27:17,430 : Function chr at 0x403474 has return value: <BV64 0xc0000000>
2024-07-14 14:27:17,431 : Function 'chr' with 'dgaRamdo', at 4207732 has return bytes: b'\x8a'
2024-07-14 14:27:17,432 : Could not decode the return value <BV64 0xc0000000> of function chr at 0x403474. Because of 'utf-8' codec can't decode byte 0x8a in position 0: invalid start byte
Traceback (most recent call last):
  File "simID_modified.py", line 478, in analyze_sample
    comparison = self.output_comparison(expected_output, db_data[str(arg_nb)][arg_str][func_name]['output_type'], ret_val, func_name, func.name, func.addr, check_func.result_state)
  File "simID_modified.py", line 286, in output_comparison
    ret_val = ret_bytes.decode("utf-8")
UnicodeDecodeError: 'utf-8' codec can't decode byte 0x8a in position 0: invalid start byte
2024-07-14 14:27:17,432 : [35/98] Analyzing Function 'joinChr', at 0x40348d
2024-07-14 14:27:17,432 : Could not get get prototype of function joinChr at 0x40348d
2024-07-14 14:27:17,432 : Could not check the args and return value but moving on because of self.analyze_if_unknown_prototype.
2024-07-14 14:27:18,204 : Function joinChr at 0x40348d: Running angr callable with concrete arguments.
2024-07-14 14:27:19,044 : Function joinChr at 0x40348d has return value: <BV64 0xc0000000>
2024-07-14 14:27:19,044 : Function 'joinChr' with 'dgaRamdo', at 4207757 has return bytes: b''
2024-07-14 14:27:19,044 : Function 'joinChr' with 'dgaRamdo', at 4207757 has return value: 
2024-07-14 14:27:19,045 : Not a candidate function: 'joinChr' at 0x40348d, has return vale: <BV64 0xc0000000>
2024-07-14 14:27:19,045 : [36/98] Analyzing Function 'generate_domain', at 0x4034d7
2024-07-14 14:27:19,045 : Could not get get prototype of function generate_domain at 0x4034d7
2024-07-14 14:27:19,046 : Could not check the args and return value but moving on because of self.analyze_if_unknown_prototype.
2024-07-14 14:27:19,819 : Function generate_domain at 0x4034d7: Running angr callable with concrete arguments.
2024-07-14 14:48:58,427 : Function generate_domain at 0x4034d7 has return value: <BV64 0x7fffffffffe9ba2>
2024-07-14 14:48:58,437 : Function 'generate_domain' with 'dgaRamdo', at 4207831 has return bytes: b'kusumyekqaaskcqw.org'
2024-07-14 14:48:58,441 : Function 'generate_domain' with 'dgaRamdo', at 4207831 has return value: kusumyekqaaskcqw.org
2024-07-14 14:48:58,446 : Starting analysis of ./samples/dgaramdo_tigress_vir_O2
2024-07-14 14:49:00,384 : dgaRamdo is a candidate
2024-07-14 14:49:00,385 : Processing argument struct sSelf at position 0
2024-07-14 14:49:00,385 : dgaRamdo has struct, reconstructing.
2024-07-14 14:49:00,385 : Struct value : {
  .seed = 876543,
  .nr = 0,
  .generateddomains = 0,
  .lastdomain = '',
  .domainhistory = ''
}
2024-07-14 14:49:00,386 : [1/147] Analyzing Function '_init', at 0x403000
2024-07-14 14:49:00,387 : Could not get get prototype of function _init at 0x403000
2024-07-14 14:49:00,387 : Could not check the args and return value but moving on because of self.analyze_if_unknown_prototype.
2024-07-14 14:49:01,905 : Function _init at 0x403000: Running angr callable with concrete arguments.
2024-07-14 14:49:03,349 : Function _init at 0x403000 has return value: <BV64 0x0>
2024-07-14 14:49:03,352 : Function '_init' with 'dgaRamdo', at 4206592 has return bytes: b''
2024-07-14 14:49:03,353 : Function '_init' with 'dgaRamdo', at 4206592 has return value: 
2024-07-14 14:49:03,353 : Not a candidate function: '_init' at 0x403000, has return vale: <BV64 0x0>
2024-07-14 14:49:03,353 : [2/147] Analyzing Function 'sub_403010', at 0x403010
2024-07-14 14:49:03,353 : Could not get get prototype of function sub_403010 at 0x403010
2024-07-14 14:49:03,354 : Could not check the args and return value but moving on because of self.analyze_if_unknown_prototype.
2024-07-14 14:49:04,717 : Function sub_403010 at 0x403010: Running angr callable with concrete arguments.
2024-07-14 14:49:06,233 : Exception: No paths returned from function
Traceback (most recent call last):
  File "simID_modified.py", line 474, in analyze_sample
    ret_val = check_func(*c_input)
  File "/home/analyst/.local/lib/python3.8/site-packages/angr/callable.py", line 74, in __call__
    self.perform_call(*args, prototype=prototype)
  File "/home/analyst/.local/lib/python3.8/site-packages/angr/callable.py", line 107, in perform_call
    raise AngrCallableError("No paths returned from function")
angr.errors.AngrCallableError: No paths returned from function
2024-07-14 14:49:06,237 : [3/147] Analyzing Function 'sub_40301c', at 0x40301c
2024-07-14 14:49:06,238 : Could not get get prototype of function sub_40301c at 0x40301c
2024-07-14 14:49:06,239 : Could not check the args and return value but moving on because of self.analyze_if_unknown_prototype.
2024-07-14 14:49:07,782 : Function sub_40301c at 0x40301c: Running angr callable with concrete arguments.
2024-07-14 14:49:09,381 : Function sub_40301c at 0x40301c has return value: <BV64 0x8a>
2024-07-14 14:49:09,383 : Function 'sub_40301c' with 'dgaRamdo', at 4206620 has return bytes: b''
2024-07-14 14:49:09,384 : Function 'sub_40301c' with 'dgaRamdo', at 4206620 has return value: 
2024-07-14 14:49:09,384 : Not a candidate function: 'sub_40301c' at 0x40301c, has return vale: <BV64 0x8a>
2024-07-14 14:49:09,384 : [4/147] Analyzing Function 'putchar', at 0x403020
2024-07-14 14:49:09,387 : Function putchar at 0x403020 has args int
2024-07-14 14:49:09,388 : Function putchar at 0x403020 has return type :  int (32 bits)
2024-07-14 14:49:10,777 : Function putchar at 0x403020: Running angr callable with concrete arguments.
2024-07-14 14:49:12,262 : Function putchar at 0x403020 has return value: <BV64 0x8a>
2024-07-14 14:49:12,268 : Function 'putchar' with 'dgaRamdo', at 4206624 has return bytes: b''
2024-07-14 14:49:12,270 : Function 'putchar' with 'dgaRamdo', at 4206624 has return value: 
2024-07-14 14:49:12,271 : Not a candidate function: 'putchar' at 0x403020, has return vale: <BV64 0x8a>
2024-07-14 14:49:12,271 : [5/147] Analyzing Function 'strcpy', at 0x403030
2024-07-14 14:49:12,272 : [5/147] Skipping Function 'strcpy', at 0x403030, because of arguments
2024-07-14 14:49:12,272 : [6/147] Analyzing Function 'puts', at 0x403040
2024-07-14 14:49:12,274 : Function puts at 0x403040 has args char *
2024-07-14 14:49:12,275 : Function puts at 0x403040 has return type :  int (32 bits)
2024-07-14 14:49:13,834 : Function puts at 0x403040: Running angr callable with concrete arguments.
2024-07-14 14:49:15,373 : Function puts at 0x403040 has return value: <BV64 0x4>
2024-07-14 14:49:15,375 : Function 'puts' with 'dgaRamdo', at 4206656 has return bytes: b''
2024-07-14 14:49:15,375 : Function 'puts' with 'dgaRamdo', at 4206656 has return value: 
2024-07-14 14:49:15,375 : Not a candidate function: 'puts' at 0x403040, has return vale: <BV64 0x4>
2024-07-14 14:49:15,375 : [7/147] Analyzing Function 'malloc', at 0x403050
2024-07-14 14:49:15,376 : Function malloc at 0x403050 has args unsigned long
2024-07-14 14:49:15,377 : Function malloc at 0x403050 has return type :  void*
2024-07-14 14:49:16,808 : Function malloc at 0x403050: Running angr callable with concrete arguments.
2024-07-14 14:49:18,298 : Function malloc at 0x403050 has return value: <BV64 0xc0000000>
2024-07-14 14:49:18,299 : Function 'malloc' with 'dgaRamdo', at 4206672 has return bytes: b''
2024-07-14 14:49:18,299 : Function 'malloc' with 'dgaRamdo', at 4206672 has return value: 
2024-07-14 14:49:18,299 : Not a candidate function: 'malloc' at 0x403050, has return vale: <BV64 0xc0000000>
2024-07-14 14:49:18,299 : [8/147] Analyzing Function '__stack_chk_fail', at 0x403060
2024-07-14 14:49:18,300 : [8/147] Skipping Function '__stack_chk_fail', at 0x403060, because of arguments
2024-07-14 14:49:18,300 : [9/147] Analyzing Function 'atof', at 0x403070
2024-07-14 14:49:18,300 : Function atof at 0x403070 has args char *
2024-07-14 14:49:18,301 : Function atof at 0x403070 has return type :  double
2024-07-14 14:49:19,634 : Function atof at 0x403070: Running angr callable with concrete arguments.
2024-07-14 14:49:21,041 : Function atof at 0x403070 has return value: <BV64 0x0>
2024-07-14 14:49:21,043 : Function 'atof' with 'dgaRamdo', at 4206704 has return bytes: b''
2024-07-14 14:49:21,043 : Function 'atof' with 'dgaRamdo', at 4206704 has return value: 
2024-07-14 14:49:21,043 : Not a candidate function: 'atof' at 0x403070, has return vale: <BV64 0x0>
2024-07-14 14:49:21,043 : [10/147] Analyzing Function 'strcat', at 0x403080
2024-07-14 14:49:21,043 : [10/147] Skipping Function 'strcat', at 0x403080, because of arguments
2024-07-14 14:49:21,044 : [11/147] Analyzing Function 'fwrite', at 0x403090
2024-07-14 14:49:21,044 : [11/147] Skipping Function 'fwrite', at 0x403090, because of arguments
2024-07-14 14:49:21,044 : [12/147] Analyzing Function '__libc_start_main', at 0x4030a0
2024-07-14 14:49:21,045 : [12/147] Skipping Function '__libc_start_main', at 0x4030a0, because of arguments
2024-07-14 14:49:21,045 : [13/147] Analyzing Function 'free', at 0x4030b0
2024-07-14 14:49:21,046 : Function free at 0x4030b0 has args void*
2024-07-14 14:49:21,046 : Function free at 0x4030b0 has return type :  void
2024-07-14 14:49:22,472 : Function free at 0x4030b0: Running angr callable with concrete arguments.
2024-07-14 14:49:23,892 : Function free at 0x4030b0 has return value: <BV64 0x0>
2024-07-14 14:49:23,893 : Function 'free' with 'dgaRamdo', at 4206768 has return bytes: b''
2024-07-14 14:49:23,894 : Function 'free' with 'dgaRamdo', at 4206768 has return value: 
2024-07-14 14:49:23,895 : Not a candidate function: 'free' at 0x4030b0, has return vale: <BV64 0x0>
2024-07-14 14:49:23,895 : [14/147] Analyzing Function '__cxa_finalize', at 0x4030c0
2024-07-14 14:49:23,895 : [14/147] Skipping Function '__cxa_finalize', at 0x4030c0, because of arguments
2024-07-14 14:49:23,895 : [15/147] Analyzing Function 'main', at 0x4030d0
2024-07-14 14:49:23,896 : Could not get get prototype of function main at 0x4030d0
2024-07-14 14:49:23,896 : Could not check the args and return value but moving on because of self.analyze_if_unknown_prototype.
2024-07-14 14:49:25,345 : Function main at 0x4030d0: Running angr callable with concrete arguments.
2024-07-14 14:49:26,786 : Exception: BVV() takes either an integer value and a size or a string of bytes
Traceback (most recent call last):
  File "simID_modified.py", line 474, in analyze_sample
    ret_val = check_func(*c_input)
  File "/home/analyst/.local/lib/python3.8/site-packages/angr/callable.py", line 74, in __call__
    self.perform_call(*args, prototype=prototype)
  File "/home/analyst/.local/lib/python3.8/site-packages/angr/callable.py", line 103, in perform_call
    caller.run(step_func=step_func if self._concrete_only else None).unstash(from_stash="deadended")
  File "/home/analyst/.local/lib/python3.8/site-packages/angr/sim_manager.py", line 360, in run
    self.step(stash=stash, **kwargs)
  File "/home/analyst/.local/lib/python3.8/site-packages/angr/misc/hookset.py", line 96, in __call__
    result = current_hook(self.func.__self__, *args, **kwargs)
  File "/home/analyst/.local/lib/python3.8/site-packages/angr/exploration_techniques/suggestions.py", line 43, in step
    simgr.step(stash=stash, **kwargs)
  File "/home/analyst/.local/lib/python3.8/site-packages/angr/misc/hookset.py", line 101, in __call__
    return self.func(*args, **kwargs)
  File "/home/analyst/.local/lib/python3.8/site-packages/angr/sim_manager.py", line 469, in step
    successors = self.step_state(state, successor_func=successor_func, error_list=error_list, **run_args)
  File "/home/analyst/.local/lib/python3.8/site-packages/angr/sim_manager.py", line 510, in step_state
    successors = self.successors(state, successor_func=successor_func, **run_args)
  File "/home/analyst/.local/lib/python3.8/site-packages/angr/sim_manager.py", line 560, in successors
    return self._project.factory.successors(state, **run_args)
  File "/home/analyst/.local/lib/python3.8/site-packages/angr/factory.py", line 79, in successors
    return self.default_engine.process(*args, **kwargs)
  File "/home/analyst/.local/lib/python3.8/site-packages/angr/engines/vex/light/slicing.py", line 20, in process
    return super().process(*args, **kwargs)
  File "/home/analyst/.local/lib/python3.8/site-packages/angr/engines/engine.py", line 163, in process
    self.process_successors(self.successors, **kwargs)
  File "/home/analyst/.local/lib/python3.8/site-packages/angr/engines/failure.py", line 24, in process_successors
    return super().process_successors(successors, **kwargs)
  File "/home/analyst/.local/lib/python3.8/site-packages/angr/engines/syscall.py", line 26, in process_successors
    return super().process_successors(successors, **kwargs)
  File "/home/analyst/.local/lib/python3.8/site-packages/angr/engines/hook.py", line 56, in process_successors
    return super().process_successors(successors, procedure=procedure, **kwargs)
  File "/home/analyst/.local/lib/python3.8/site-packages/angr/engines/unicorn.py", line 389, in process_successors
    return super().process_successors(successors, **kwargs)
  File "/home/analyst/.local/lib/python3.8/site-packages/angr/engines/soot/engine.py", line 68, in process_successors
    return super().process_successors(successors, **kwargs)
  File "/home/analyst/.local/lib/python3.8/site-packages/angr/engines/vex/heavy/heavy.py", line 174, in process_successors
    self.handle_vex_block(irsb)
  File "/home/analyst/.local/lib/python3.8/site-packages/angr/engines/vex/heavy/super_fastpath.py", line 25, in handle_vex_block
    super().handle_vex_block(irsb)
  File "/home/analyst/.local/lib/python3.8/site-packages/angr/engines/vex/light/slicing.py", line 26, in handle_vex_block
    super().handle_vex_block(irsb)
  File "/home/analyst/.local/lib/python3.8/site-packages/angr/engines/vex/heavy/actions.py", line 31, in handle_vex_block
    super().handle_vex_block(irsb)
  File "/home/analyst/.local/lib/python3.8/site-packages/angr/engines/vex/heavy/inspect.py", line 49, in handle_vex_block
    super().handle_vex_block(irsb)
  File "/home/analyst/.local/lib/python3.8/site-packages/angr/engines/vex/light/light.py", line 548, in handle_vex_block
    self._handle_vex_stmt(stmt)
  File "/home/analyst/.local/lib/python3.8/site-packages/angr/engines/vex/light/slicing.py", line 30, in _handle_vex_stmt
    super()._handle_vex_stmt(stmt)
  File "/home/analyst/.local/lib/python3.8/site-packages/angr/engines/vex/heavy/inspect.py", line 44, in _handle_vex_stmt
    super()._handle_vex_stmt(stmt)
  File "/home/analyst/.local/lib/python3.8/site-packages/angr/engines/vex/light/resilience.py", line 39, in inner
    return getattr(super(VEXResilienceMixin, self), func)(*iargs, **ikwargs)
  File "/home/analyst/.local/lib/python3.8/site-packages/angr/engines/vex/heavy/heavy.py", line 248, in _handle_vex_stmt
    super()._handle_vex_stmt(stmt)
  File "/home/analyst/.local/lib/python3.8/site-packages/angr/engines/vex/light/light.py", line 52, in _handle_vex_stmt
    handler(stmt)
  File "/home/analyst/.local/lib/python3.8/site-packages/angr/engines/vex/light/light.py", line 203, in _handle_vex_stmt_WrTmp
    self._perform_vex_stmt_WrTmp(stmt.tmp, self._analyze_vex_stmt_WrTmp_data(stmt.data))
  File "/home/analyst/.local/lib/python3.8/site-packages/angr/engines/vex/light/light.py", line 200, in _analyze_vex_stmt_WrTmp_data
    return self._handle_vex_expr(*a, **kw)
  File "/home/analyst/.local/lib/python3.8/site-packages/angr/engines/vex/heavy/inspect.py", line 35, in _handle_vex_expr
    return super()._handle_vex_expr(expr)
  File "/home/analyst/.local/lib/python3.8/site-packages/angr/engines/vex/light/light.py", line 57, in _handle_vex_expr
    return self._instrument_vex_expr(result)
  File "/home/analyst/.local/lib/python3.8/site-packages/angr/engines/vex/heavy/actions.py", line 46, in _instrument_vex_expr
    return super()._instrument_vex_expr(result[0]), result[1]
  File "/home/analyst/.local/lib/python3.8/site-packages/angr/engines/vex/heavy/inspect.py", line 38, in _instrument_vex_expr
    result = super()._instrument_vex_expr(result)
  File "/home/analyst/.local/lib/python3.8/site-packages/angr/engines/vex/heavy/heavy.py", line 343, in _instrument_vex_expr
    concrete_value = self.state.solver.BVV(self.state.solver.eval(result), len(result))
  File "/home/analyst/.local/lib/python3.8/site-packages/angr/state_plugins/solver.py", line 93, in wrapped_f
    return f(*args, **kwargs)
  File "/home/analyst/.local/lib/python3.8/site-packages/angr/state_plugins/sim_action_object.py", line 61, in ast_stripper
    return f(*new_args, **new_kwargs)
  File "/home/analyst/.local/lib/python3.8/site-packages/claripy/ast/bv.py", line 291, in BVV
    raise TypeError("BVV() takes either an integer value and a size or a string of bytes")
TypeError: BVV() takes either an integer value and a size or a string of bytes
2024-07-14 14:49:26,790 : [16/147] Analyzing Function '_start', at 0x403200
2024-07-14 14:49:26,790 : Could not get get prototype of function _start at 0x403200
2024-07-14 14:49:26,791 : Could not check the args and return value but moving on because of self.analyze_if_unknown_prototype.
2024-07-14 14:49:28,097 : Function _start at 0x403200: Running angr callable with concrete arguments.
2024-07-14 14:49:29,618 : Exception: BVV() takes either an integer value and a size or a string of bytes
Traceback (most recent call last):
  File "simID_modified.py", line 474, in analyze_sample
    ret_val = check_func(*c_input)
  File "/home/analyst/.local/lib/python3.8/site-packages/angr/callable.py", line 74, in __call__
    self.perform_call(*args, prototype=prototype)
  File "/home/analyst/.local/lib/python3.8/site-packages/angr/callable.py", line 103, in perform_call
    caller.run(step_func=step_func if self._concrete_only else None).unstash(from_stash="deadended")
  File "/home/analyst/.local/lib/python3.8/site-packages/angr/sim_manager.py", line 360, in run
    self.step(stash=stash, **kwargs)
  File "/home/analyst/.local/lib/python3.8/site-packages/angr/misc/hookset.py", line 96, in __call__
    result = current_hook(self.func.__self__, *args, **kwargs)
  File "/home/analyst/.local/lib/python3.8/site-packages/angr/exploration_techniques/suggestions.py", line 43, in step
    simgr.step(stash=stash, **kwargs)
  File "/home/analyst/.local/lib/python3.8/site-packages/angr/misc/hookset.py", line 101, in __call__
    return self.func(*args, **kwargs)
  File "/home/analyst/.local/lib/python3.8/site-packages/angr/sim_manager.py", line 469, in step
    successors = self.step_state(state, successor_func=successor_func, error_list=error_list, **run_args)
  File "/home/analyst/.local/lib/python3.8/site-packages/angr/sim_manager.py", line 510, in step_state
    successors = self.successors(state, successor_func=successor_func, **run_args)
  File "/home/analyst/.local/lib/python3.8/site-packages/angr/sim_manager.py", line 560, in successors
    return self._project.factory.successors(state, **run_args)
  File "/home/analyst/.local/lib/python3.8/site-packages/angr/factory.py", line 79, in successors
    return self.default_engine.process(*args, **kwargs)
  File "/home/analyst/.local/lib/python3.8/site-packages/angr/engines/vex/light/slicing.py", line 20, in process
    return super().process(*args, **kwargs)
  File "/home/analyst/.local/lib/python3.8/site-packages/angr/engines/engine.py", line 163, in process
    self.process_successors(self.successors, **kwargs)
  File "/home/analyst/.local/lib/python3.8/site-packages/angr/engines/failure.py", line 24, in process_successors
    return super().process_successors(successors, **kwargs)
  File "/home/analyst/.local/lib/python3.8/site-packages/angr/engines/syscall.py", line 26, in process_successors
    return super().process_successors(successors, **kwargs)
  File "/home/analyst/.local/lib/python3.8/site-packages/angr/engines/hook.py", line 56, in process_successors
    return super().process_successors(successors, procedure=procedure, **kwargs)
  File "/home/analyst/.local/lib/python3.8/site-packages/angr/engines/unicorn.py", line 389, in process_successors
    return super().process_successors(successors, **kwargs)
  File "/home/analyst/.local/lib/python3.8/site-packages/angr/engines/soot/engine.py", line 68, in process_successors
    return super().process_successors(successors, **kwargs)
  File "/home/analyst/.local/lib/python3.8/site-packages/angr/engines/vex/heavy/heavy.py", line 174, in process_successors
    self.handle_vex_block(irsb)
  File "/home/analyst/.local/lib/python3.8/site-packages/angr/engines/vex/heavy/super_fastpath.py", line 25, in handle_vex_block
    super().handle_vex_block(irsb)
  File "/home/analyst/.local/lib/python3.8/site-packages/angr/engines/vex/light/slicing.py", line 26, in handle_vex_block
    super().handle_vex_block(irsb)
  File "/home/analyst/.local/lib/python3.8/site-packages/angr/engines/vex/heavy/actions.py", line 31, in handle_vex_block
    super().handle_vex_block(irsb)
  File "/home/analyst/.local/lib/python3.8/site-packages/angr/engines/vex/heavy/inspect.py", line 49, in handle_vex_block
    super().handle_vex_block(irsb)
  File "/home/analyst/.local/lib/python3.8/site-packages/angr/engines/vex/light/light.py", line 548, in handle_vex_block
    self._handle_vex_stmt(stmt)
  File "/home/analyst/.local/lib/python3.8/site-packages/angr/engines/vex/light/slicing.py", line 30, in _handle_vex_stmt
    super()._handle_vex_stmt(stmt)
  File "/home/analyst/.local/lib/python3.8/site-packages/angr/engines/vex/heavy/inspect.py", line 44, in _handle_vex_stmt
    super()._handle_vex_stmt(stmt)
  File "/home/analyst/.local/lib/python3.8/site-packages/angr/engines/vex/light/resilience.py", line 39, in inner
    return getattr(super(VEXResilienceMixin, self), func)(*iargs, **ikwargs)
  File "/home/analyst/.local/lib/python3.8/site-packages/angr/engines/vex/heavy/heavy.py", line 248, in _handle_vex_stmt
    super()._handle_vex_stmt(stmt)
  File "/home/analyst/.local/lib/python3.8/site-packages/angr/engines/vex/light/light.py", line 52, in _handle_vex_stmt
    handler(stmt)
  File "/home/analyst/.local/lib/python3.8/site-packages/angr/engines/vex/light/light.py", line 203, in _handle_vex_stmt_WrTmp
    self._perform_vex_stmt_WrTmp(stmt.tmp, self._analyze_vex_stmt_WrTmp_data(stmt.data))
  File "/home/analyst/.local/lib/python3.8/site-packages/angr/engines/vex/light/light.py", line 200, in _analyze_vex_stmt_WrTmp_data
    return self._handle_vex_expr(*a, **kw)
  File "/home/analyst/.local/lib/python3.8/site-packages/angr/engines/vex/heavy/inspect.py", line 35, in _handle_vex_expr
    return super()._handle_vex_expr(expr)
  File "/home/analyst/.local/lib/python3.8/site-packages/angr/engines/vex/light/light.py", line 57, in _handle_vex_expr
    return self._instrument_vex_expr(result)
  File "/home/analyst/.local/lib/python3.8/site-packages/angr/engines/vex/heavy/actions.py", line 46, in _instrument_vex_expr
    return super()._instrument_vex_expr(result[0]), result[1]
  File "/home/analyst/.local/lib/python3.8/site-packages/angr/engines/vex/heavy/inspect.py", line 38, in _instrument_vex_expr
    result = super()._instrument_vex_expr(result)
  File "/home/analyst/.local/lib/python3.8/site-packages/angr/engines/vex/heavy/heavy.py", line 343, in _instrument_vex_expr
    concrete_value = self.state.solver.BVV(self.state.solver.eval(result), len(result))
  File "/home/analyst/.local/lib/python3.8/site-packages/angr/state_plugins/solver.py", line 93, in wrapped_f
    return f(*args, **kwargs)
  File "/home/analyst/.local/lib/python3.8/site-packages/angr/state_plugins/sim_action_object.py", line 61, in ast_stripper
    return f(*new_args, **new_kwargs)
  File "/home/analyst/.local/lib/python3.8/site-packages/claripy/ast/bv.py", line 291, in BVV
    raise TypeError("BVV() takes either an integer value and a size or a string of bytes")
TypeError: BVV() takes either an integer value and a size or a string of bytes
2024-07-14 14:49:29,620 : [17/147] Analyzing Function 'sub_403216', at 0x403216
2024-07-14 14:49:29,620 : Could not get get prototype of function sub_403216 at 0x403216
2024-07-14 14:49:29,620 : Could not check the args and return value but moving on because of self.analyze_if_unknown_prototype.
2024-07-14 14:49:30,971 : Function sub_403216 at 0x403216: Running angr callable with concrete arguments.
2024-07-14 14:49:32,534 : Exception: BVV() takes either an integer value and a size or a string of bytes
Traceback (most recent call last):
  File "simID_modified.py", line 474, in analyze_sample
    ret_val = check_func(*c_input)
  File "/home/analyst/.local/lib/python3.8/site-packages/angr/callable.py", line 74, in __call__
    self.perform_call(*args, prototype=prototype)
  File "/home/analyst/.local/lib/python3.8/site-packages/angr/callable.py", line 103, in perform_call
    caller.run(step_func=step_func if self._concrete_only else None).unstash(from_stash="deadended")
  File "/home/analyst/.local/lib/python3.8/site-packages/angr/sim_manager.py", line 360, in run
    self.step(stash=stash, **kwargs)
  File "/home/analyst/.local/lib/python3.8/site-packages/angr/misc/hookset.py", line 96, in __call__
    result = current_hook(self.func.__self__, *args, **kwargs)
  File "/home/analyst/.local/lib/python3.8/site-packages/angr/exploration_techniques/suggestions.py", line 43, in step
    simgr.step(stash=stash, **kwargs)
  File "/home/analyst/.local/lib/python3.8/site-packages/angr/misc/hookset.py", line 101, in __call__
    return self.func(*args, **kwargs)
  File "/home/analyst/.local/lib/python3.8/site-packages/angr/sim_manager.py", line 469, in step
    successors = self.step_state(state, successor_func=successor_func, error_list=error_list, **run_args)
  File "/home/analyst/.local/lib/python3.8/site-packages/angr/sim_manager.py", line 510, in step_state
    successors = self.successors(state, successor_func=successor_func, **run_args)
  File "/home/analyst/.local/lib/python3.8/site-packages/angr/sim_manager.py", line 560, in successors
    return self._project.factory.successors(state, **run_args)
  File "/home/analyst/.local/lib/python3.8/site-packages/angr/factory.py", line 79, in successors
    return self.default_engine.process(*args, **kwargs)
  File "/home/analyst/.local/lib/python3.8/site-packages/angr/engines/vex/light/slicing.py", line 20, in process
    return super().process(*args, **kwargs)
  File "/home/analyst/.local/lib/python3.8/site-packages/angr/engines/engine.py", line 163, in process
    self.process_successors(self.successors, **kwargs)
  File "/home/analyst/.local/lib/python3.8/site-packages/angr/engines/failure.py", line 24, in process_successors
    return super().process_successors(successors, **kwargs)
  File "/home/analyst/.local/lib/python3.8/site-packages/angr/engines/syscall.py", line 26, in process_successors
    return super().process_successors(successors, **kwargs)
  File "/home/analyst/.local/lib/python3.8/site-packages/angr/engines/hook.py", line 56, in process_successors
    return super().process_successors(successors, procedure=procedure, **kwargs)
  File "/home/analyst/.local/lib/python3.8/site-packages/angr/engines/unicorn.py", line 389, in process_successors
    return super().process_successors(successors, **kwargs)
  File "/home/analyst/.local/lib/python3.8/site-packages/angr/engines/soot/engine.py", line 68, in process_successors
    return super().process_successors(successors, **kwargs)
  File "/home/analyst/.local/lib/python3.8/site-packages/angr/engines/vex/heavy/heavy.py", line 174, in process_successors
    self.handle_vex_block(irsb)
  File "/home/analyst/.local/lib/python3.8/site-packages/angr/engines/vex/heavy/super_fastpath.py", line 25, in handle_vex_block
    super().handle_vex_block(irsb)
  File "/home/analyst/.local/lib/python3.8/site-packages/angr/engines/vex/light/slicing.py", line 26, in handle_vex_block
    super().handle_vex_block(irsb)
  File "/home/analyst/.local/lib/python3.8/site-packages/angr/engines/vex/heavy/actions.py", line 31, in handle_vex_block
    super().handle_vex_block(irsb)
  File "/home/analyst/.local/lib/python3.8/site-packages/angr/engines/vex/heavy/inspect.py", line 49, in handle_vex_block
    super().handle_vex_block(irsb)
  File "/home/analyst/.local/lib/python3.8/site-packages/angr/engines/vex/light/light.py", line 548, in handle_vex_block
    self._handle_vex_stmt(stmt)
  File "/home/analyst/.local/lib/python3.8/site-packages/angr/engines/vex/light/slicing.py", line 30, in _handle_vex_stmt
    super()._handle_vex_stmt(stmt)
  File "/home/analyst/.local/lib/python3.8/site-packages/angr/engines/vex/heavy/inspect.py", line 44, in _handle_vex_stmt
    super()._handle_vex_stmt(stmt)
  File "/home/analyst/.local/lib/python3.8/site-packages/angr/engines/vex/light/resilience.py", line 39, in inner
    return getattr(super(VEXResilienceMixin, self), func)(*iargs, **ikwargs)
  File "/home/analyst/.local/lib/python3.8/site-packages/angr/engines/vex/heavy/heavy.py", line 248, in _handle_vex_stmt
    super()._handle_vex_stmt(stmt)
  File "/home/analyst/.local/lib/python3.8/site-packages/angr/engines/vex/light/light.py", line 52, in _handle_vex_stmt
    handler(stmt)
  File "/home/analyst/.local/lib/python3.8/site-packages/angr/engines/vex/light/light.py", line 203, in _handle_vex_stmt_WrTmp
    self._perform_vex_stmt_WrTmp(stmt.tmp, self._analyze_vex_stmt_WrTmp_data(stmt.data))
  File "/home/analyst/.local/lib/python3.8/site-packages/angr/engines/vex/light/light.py", line 200, in _analyze_vex_stmt_WrTmp_data
    return self._handle_vex_expr(*a, **kw)
  File "/home/analyst/.local/lib/python3.8/site-packages/angr/engines/vex/heavy/inspect.py", line 35, in _handle_vex_expr
    return super()._handle_vex_expr(expr)
  File "/home/analyst/.local/lib/python3.8/site-packages/angr/engines/vex/light/light.py", line 57, in _handle_vex_expr
    return self._instrument_vex_expr(result)
  File "/home/analyst/.local/lib/python3.8/site-packages/angr/engines/vex/heavy/actions.py", line 46, in _instrument_vex_expr
    return super()._instrument_vex_expr(result[0]), result[1]
  File "/home/analyst/.local/lib/python3.8/site-packages/angr/engines/vex/heavy/inspect.py", line 38, in _instrument_vex_expr
    result = super()._instrument_vex_expr(result)
  File "/home/analyst/.local/lib/python3.8/site-packages/angr/engines/vex/heavy/heavy.py", line 343, in _instrument_vex_expr
    concrete_value = self.state.solver.BVV(self.state.solver.eval(result), len(result))
  File "/home/analyst/.local/lib/python3.8/site-packages/angr/state_plugins/solver.py", line 93, in wrapped_f
    return f(*args, **kwargs)
  File "/home/analyst/.local/lib/python3.8/site-packages/angr/state_plugins/sim_action_object.py", line 61, in ast_stripper
    return f(*new_args, **new_kwargs)
  File "/home/analyst/.local/lib/python3.8/site-packages/claripy/ast/bv.py", line 291, in BVV
    raise TypeError("BVV() takes either an integer value and a size or a string of bytes")
TypeError: BVV() takes either an integer value and a size or a string of bytes
2024-07-14 14:49:32,535 : [18/147] Analyzing Function '_start_c', at 0x403220
2024-07-14 14:49:32,536 : Could not get get prototype of function _start_c at 0x403220
2024-07-14 14:49:32,536 : Could not check the args and return value but moving on because of self.analyze_if_unknown_prototype.
2024-07-14 14:49:33,942 : Function _start_c at 0x403220: Running angr callable with concrete arguments.
2024-07-14 14:49:35,525 : Exception: BVV() takes either an integer value and a size or a string of bytes
Traceback (most recent call last):
  File "simID_modified.py", line 474, in analyze_sample
    ret_val = check_func(*c_input)
  File "/home/analyst/.local/lib/python3.8/site-packages/angr/callable.py", line 74, in __call__
    self.perform_call(*args, prototype=prototype)
  File "/home/analyst/.local/lib/python3.8/site-packages/angr/callable.py", line 103, in perform_call
    caller.run(step_func=step_func if self._concrete_only else None).unstash(from_stash="deadended")
  File "/home/analyst/.local/lib/python3.8/site-packages/angr/sim_manager.py", line 360, in run
    self.step(stash=stash, **kwargs)
  File "/home/analyst/.local/lib/python3.8/site-packages/angr/misc/hookset.py", line 96, in __call__
    result = current_hook(self.func.__self__, *args, **kwargs)
  File "/home/analyst/.local/lib/python3.8/site-packages/angr/exploration_techniques/suggestions.py", line 43, in step
    simgr.step(stash=stash, **kwargs)
  File "/home/analyst/.local/lib/python3.8/site-packages/angr/misc/hookset.py", line 101, in __call__
    return self.func(*args, **kwargs)
  File "/home/analyst/.local/lib/python3.8/site-packages/angr/sim_manager.py", line 469, in step
    successors = self.step_state(state, successor_func=successor_func, error_list=error_list, **run_args)
  File "/home/analyst/.local/lib/python3.8/site-packages/angr/sim_manager.py", line 510, in step_state
    successors = self.successors(state, successor_func=successor_func, **run_args)
  File "/home/analyst/.local/lib/python3.8/site-packages/angr/sim_manager.py", line 560, in successors
    return self._project.factory.successors(state, **run_args)
  File "/home/analyst/.local/lib/python3.8/site-packages/angr/factory.py", line 79, in successors
    return self.default_engine.process(*args, **kwargs)
  File "/home/analyst/.local/lib/python3.8/site-packages/angr/engines/vex/light/slicing.py", line 20, in process
    return super().process(*args, **kwargs)
  File "/home/analyst/.local/lib/python3.8/site-packages/angr/engines/engine.py", line 163, in process
    self.process_successors(self.successors, **kwargs)
  File "/home/analyst/.local/lib/python3.8/site-packages/angr/engines/failure.py", line 24, in process_successors
    return super().process_successors(successors, **kwargs)
  File "/home/analyst/.local/lib/python3.8/site-packages/angr/engines/syscall.py", line 26, in process_successors
    return super().process_successors(successors, **kwargs)
  File "/home/analyst/.local/lib/python3.8/site-packages/angr/engines/hook.py", line 56, in process_successors
    return super().process_successors(successors, procedure=procedure, **kwargs)
  File "/home/analyst/.local/lib/python3.8/site-packages/angr/engines/unicorn.py", line 389, in process_successors
    return super().process_successors(successors, **kwargs)
  File "/home/analyst/.local/lib/python3.8/site-packages/angr/engines/soot/engine.py", line 68, in process_successors
    return super().process_successors(successors, **kwargs)
  File "/home/analyst/.local/lib/python3.8/site-packages/angr/engines/vex/heavy/heavy.py", line 174, in process_successors
    self.handle_vex_block(irsb)
  File "/home/analyst/.local/lib/python3.8/site-packages/angr/engines/vex/heavy/super_fastpath.py", line 25, in handle_vex_block
    super().handle_vex_block(irsb)
  File "/home/analyst/.local/lib/python3.8/site-packages/angr/engines/vex/light/slicing.py", line 26, in handle_vex_block
    super().handle_vex_block(irsb)
  File "/home/analyst/.local/lib/python3.8/site-packages/angr/engines/vex/heavy/actions.py", line 31, in handle_vex_block
    super().handle_vex_block(irsb)
  File "/home/analyst/.local/lib/python3.8/site-packages/angr/engines/vex/heavy/inspect.py", line 49, in handle_vex_block
    super().handle_vex_block(irsb)
  File "/home/analyst/.local/lib/python3.8/site-packages/angr/engines/vex/light/light.py", line 548, in handle_vex_block
    self._handle_vex_stmt(stmt)
  File "/home/analyst/.local/lib/python3.8/site-packages/angr/engines/vex/light/slicing.py", line 30, in _handle_vex_stmt
    super()._handle_vex_stmt(stmt)
  File "/home/analyst/.local/lib/python3.8/site-packages/angr/engines/vex/heavy/inspect.py", line 44, in _handle_vex_stmt
    super()._handle_vex_stmt(stmt)
  File "/home/analyst/.local/lib/python3.8/site-packages/angr/engines/vex/light/resilience.py", line 39, in inner
    return getattr(super(VEXResilienceMixin, self), func)(*iargs, **ikwargs)
  File "/home/analyst/.local/lib/python3.8/site-packages/angr/engines/vex/heavy/heavy.py", line 248, in _handle_vex_stmt
    super()._handle_vex_stmt(stmt)
  File "/home/analyst/.local/lib/python3.8/site-packages/angr/engines/vex/light/light.py", line 52, in _handle_vex_stmt
    handler(stmt)
  File "/home/analyst/.local/lib/python3.8/site-packages/angr/engines/vex/light/light.py", line 203, in _handle_vex_stmt_WrTmp
    self._perform_vex_stmt_WrTmp(stmt.tmp, self._analyze_vex_stmt_WrTmp_data(stmt.data))
  File "/home/analyst/.local/lib/python3.8/site-packages/angr/engines/vex/light/light.py", line 200, in _analyze_vex_stmt_WrTmp_data
    return self._handle_vex_expr(*a, **kw)
  File "/home/analyst/.local/lib/python3.8/site-packages/angr/engines/vex/heavy/inspect.py", line 35, in _handle_vex_expr
    return super()._handle_vex_expr(expr)
  File "/home/analyst/.local/lib/python3.8/site-packages/angr/engines/vex/light/light.py", line 57, in _handle_vex_expr
    return self._instrument_vex_expr(result)
  File "/home/analyst/.local/lib/python3.8/site-packages/angr/engines/vex/heavy/actions.py", line 46, in _instrument_vex_expr
    return super()._instrument_vex_expr(result[0]), result[1]
  File "/home/analyst/.local/lib/python3.8/site-packages/angr/engines/vex/heavy/inspect.py", line 38, in _instrument_vex_expr
    result = super()._instrument_vex_expr(result)
  File "/home/analyst/.local/lib/python3.8/site-packages/angr/engines/vex/heavy/heavy.py", line 343, in _instrument_vex_expr
    concrete_value = self.state.solver.BVV(self.state.solver.eval(result), len(result))
  File "/home/analyst/.local/lib/python3.8/site-packages/angr/state_plugins/solver.py", line 93, in wrapped_f
    return f(*args, **kwargs)
  File "/home/analyst/.local/lib/python3.8/site-packages/angr/state_plugins/sim_action_object.py", line 61, in ast_stripper
    return f(*new_args, **new_kwargs)
  File "/home/analyst/.local/lib/python3.8/site-packages/claripy/ast/bv.py", line 291, in BVV
    raise TypeError("BVV() takes either an integer value and a size or a string of bytes")
TypeError: BVV() takes either an integer value and a size or a string of bytes
2024-07-14 14:49:35,530 : [19/147] Analyzing Function 'sub_403248', at 0x403248
2024-07-14 14:49:35,531 : Could not get get prototype of function sub_403248 at 0x403248
2024-07-14 14:49:35,531 : Could not check the args and return value but moving on because of self.analyze_if_unknown_prototype.
2024-07-14 14:49:36,933 : Function sub_403248 at 0x403248: Running angr callable with concrete arguments.
2024-07-14 14:49:38,425 : Function sub_403248 at 0x403248 has return value: <BV64 0x406e70>
2024-07-14 14:49:38,432 : Function 'sub_403248' with 'dgaRamdo', at 4207176 has return bytes: b''
2024-07-14 14:49:38,433 : Function 'sub_403248' with 'dgaRamdo', at 4207176 has return value: 
2024-07-14 14:49:38,433 : Not a candidate function: 'sub_403248' at 0x403248, has return vale: <BV64 0x406e70>
2024-07-14 14:49:38,434 : [20/147] Analyzing Function 'deregister_tm_clones', at 0x403250
2024-07-14 14:49:38,435 : Could not get get prototype of function deregister_tm_clones at 0x403250
2024-07-14 14:49:38,435 : Could not check the args and return value but moving on because of self.analyze_if_unknown_prototype.
2024-07-14 14:49:56,780 : Function deregister_tm_clones at 0x403250: Running angr callable with concrete arguments.
2024-07-14 14:49:58,246 : Function deregister_tm_clones at 0x403250 has return value: <BV64 0x406e70>
2024-07-14 14:49:58,250 : Function 'deregister_tm_clones' with 'dgaRamdo', at 4207184 has return bytes: b''
2024-07-14 14:49:58,250 : Function 'deregister_tm_clones' with 'dgaRamdo', at 4207184 has return value: 
2024-07-14 14:49:58,251 : Not a candidate function: 'deregister_tm_clones' at 0x403250, has return vale: <BV64 0x406e70>
2024-07-14 14:49:58,251 : [21/147] Analyzing Function 'sub_403279', at 0x403279
2024-07-14 14:49:58,251 : Could not get get prototype of function sub_403279 at 0x403279
2024-07-14 14:49:58,251 : Could not check the args and return value but moving on because of self.analyze_if_unknown_prototype.
2024-07-14 14:49:59,623 : Function sub_403279 at 0x403279: Running angr callable with concrete arguments.
2024-07-14 14:50:01,288 : Function sub_403279 at 0x403279 has return value: <BV64 0x0>
2024-07-14 14:50:01,290 : Function 'sub_403279' with 'dgaRamdo', at 4207225 has return bytes: b''
2024-07-14 14:50:01,291 : Function 'sub_403279' with 'dgaRamdo', at 4207225 has return value: 
2024-07-14 14:50:01,292 : Not a candidate function: 'sub_403279' at 0x403279, has return vale: <BV64 0x0>
2024-07-14 14:50:01,293 : [22/147] Analyzing Function 'register_tm_clones', at 0x403280
2024-07-14 14:50:01,294 : Could not get get prototype of function register_tm_clones at 0x403280
2024-07-14 14:50:01,296 : Could not check the args and return value but moving on because of self.analyze_if_unknown_prototype.
2024-07-14 14:50:02,743 : Function register_tm_clones at 0x403280: Running angr callable with concrete arguments.
2024-07-14 14:50:04,143 : Function register_tm_clones at 0x403280 has return value: <BV64 0x0>
2024-07-14 14:50:04,145 : Function 'register_tm_clones' with 'dgaRamdo', at 4207232 has return bytes: b''
2024-07-14 14:50:04,156 : Function 'register_tm_clones' with 'dgaRamdo', at 4207232 has return value: 
2024-07-14 14:50:04,157 : Not a candidate function: 'register_tm_clones' at 0x403280, has return vale: <BV64 0x0>
2024-07-14 14:50:04,157 : [23/147] Analyzing Function 'sub_4032b9', at 0x4032b9
2024-07-14 14:50:04,157 : Could not get get prototype of function sub_4032b9 at 0x4032b9
2024-07-14 14:50:04,161 : Could not check the args and return value but moving on because of self.analyze_if_unknown_prototype.
2024-07-14 14:50:05,774 : Function sub_4032b9 at 0x4032b9: Running angr callable with concrete arguments.
2024-07-14 14:50:07,186 : Function sub_4032b9 at 0x4032b9 has return value: <BV64 0x406e70>
2024-07-14 14:50:07,187 : Function 'sub_4032b9' with 'dgaRamdo', at 4207289 has return bytes: b'\x01'
2024-07-14 14:50:07,187 : Function 'sub_4032b9' with 'dgaRamdo', at 4207289 has return value: 
2024-07-14 14:50:07,187 : Not a candidate function: 'sub_4032b9' at 0x4032b9, has return vale: <BV64 0x406e70>
2024-07-14 14:50:07,187 : [24/147] Analyzing Function '__do_global_dtors_aux', at 0x4032c0
2024-07-14 14:50:07,187 : Could not get get prototype of function __do_global_dtors_aux at 0x4032c0
2024-07-14 14:50:07,188 : Could not check the args and return value but moving on because of self.analyze_if_unknown_prototype.
2024-07-14 14:50:08,561 : Function __do_global_dtors_aux at 0x4032c0: Running angr callable with concrete arguments.
2024-07-14 14:50:10,232 : Function __do_global_dtors_aux at 0x4032c0 has return value: <BV64 0x406e70>
2024-07-14 14:50:10,233 : Function '__do_global_dtors_aux' with 'dgaRamdo', at 4207296 has return bytes: b'\x01'
2024-07-14 14:50:10,233 : Function '__do_global_dtors_aux' with 'dgaRamdo', at 4207296 has return value: 
2024-07-14 14:50:10,234 : Not a candidate function: '__do_global_dtors_aux' at 0x4032c0, has return vale: <BV64 0x406e70>
2024-07-14 14:50:10,234 : [25/147] Analyzing Function 'sub_4032f5', at 0x4032f5
2024-07-14 14:50:10,234 : Could not get get prototype of function sub_4032f5 at 0x4032f5
2024-07-14 14:50:10,235 : Could not check the args and return value but moving on because of self.analyze_if_unknown_prototype.
2024-07-14 14:50:11,771 : Function sub_4032f5 at 0x4032f5: Running angr callable with concrete arguments.
2024-07-14 14:50:13,321 : Function sub_4032f5 at 0x4032f5 has return value: <BV64 0x0>
2024-07-14 14:50:13,324 : Function 'sub_4032f5' with 'dgaRamdo', at 4207349 has return bytes: b''
2024-07-14 14:50:13,325 : Function 'sub_4032f5' with 'dgaRamdo', at 4207349 has return value: 
2024-07-14 14:50:13,325 : Not a candidate function: 'sub_4032f5' at 0x4032f5, has return vale: <BV64 0x0>
2024-07-14 14:50:13,325 : [26/147] Analyzing Function 'sub_4032f9', at 0x4032f9
2024-07-14 14:50:13,325 : Could not get get prototype of function sub_4032f9 at 0x4032f9
2024-07-14 14:50:13,326 : Could not check the args and return value but moving on because of self.analyze_if_unknown_prototype.
2024-07-14 14:50:14,932 : Function sub_4032f9 at 0x4032f9: Running angr callable with concrete arguments.
2024-07-14 14:50:16,355 : Function sub_4032f9 at 0x4032f9 has return value: <BV64 0x0>
2024-07-14 14:50:16,356 : Function 'sub_4032f9' with 'dgaRamdo', at 4207353 has return bytes: b''
2024-07-14 14:50:16,356 : Function 'sub_4032f9' with 'dgaRamdo', at 4207353 has return value: 
2024-07-14 14:50:16,356 : Not a candidate function: 'sub_4032f9' at 0x4032f9, has return vale: <BV64 0x0>
2024-07-14 14:50:16,356 : [27/147] Analyzing Function 'frame_dummy', at 0x403300
2024-07-14 14:50:16,356 : Could not get get prototype of function frame_dummy at 0x403300
2024-07-14 14:50:16,356 : Could not check the args and return value but moving on because of self.analyze_if_unknown_prototype.
2024-07-14 14:50:17,959 : Function frame_dummy at 0x403300: Running angr callable with concrete arguments.
2024-07-14 14:50:19,470 : Function frame_dummy at 0x403300 has return value: <BV64 0x0>
2024-07-14 14:50:19,478 : Function 'frame_dummy' with 'dgaRamdo', at 4207360 has return bytes: b''
2024-07-14 14:50:19,479 : Function 'frame_dummy' with 'dgaRamdo', at 4207360 has return value: 
2024-07-14 14:50:19,480 : Not a candidate function: 'frame_dummy' at 0x403300, has return vale: <BV64 0x0>
2024-07-14 14:50:19,481 : [28/147] Analyzing Function 'sub_403309', at 0x403309
2024-07-14 14:50:19,481 : Could not get get prototype of function sub_403309 at 0x403309
2024-07-14 14:50:19,482 : Could not check the args and return value but moving on because of self.analyze_if_unknown_prototype.
2024-07-14 14:50:20,837 : Function sub_403309 at 0x403309: Running angr callable with concrete arguments.
2024-07-14 14:50:22,595 : Function sub_403309 at 0x403309 has return value: <BV64 0x1>
2024-07-14 14:50:22,596 : Function 'sub_403309' with 'dgaRamdo', at 4207369 has return bytes: b''
2024-07-14 14:50:22,596 : Function 'sub_403309' with 'dgaRamdo', at 4207369 has return value: 
2024-07-14 14:50:22,596 : Not a candidate function: 'sub_403309' at 0x403309, has return vale: <BV64 0x1>
2024-07-14 14:50:22,596 : [29/147] Analyzing Function 'llist_append', at 0x403310
2024-07-14 14:50:22,596 : Could not get get prototype of function llist_append at 0x403310
2024-07-14 14:50:22,597 : Could not check the args and return value but moving on because of self.analyze_if_unknown_prototype.
2024-07-14 14:50:23,945 : Function llist_append at 0x403310: Running angr callable with concrete arguments.
2024-07-14 14:50:25,553 : Function llist_append at 0x403310 has return value: <BV64 0x1>
2024-07-14 14:50:25,556 : Function 'llist_append' with 'dgaRamdo', at 4207376 has return bytes: b''
2024-07-14 14:50:25,556 : Function 'llist_append' with 'dgaRamdo', at 4207376 has return value: 
2024-07-14 14:50:25,556 : Not a candidate function: 'llist_append' at 0x403310, has return vale: <BV64 0x1>
2024-07-14 14:50:25,556 : [30/147] Analyzing Function 'sub_40334a', at 0x40334a
2024-07-14 14:50:25,557 : Could not get get prototype of function sub_40334a at 0x40334a
2024-07-14 14:50:25,558 : Could not check the args and return value but moving on because of self.analyze_if_unknown_prototype.
2024-07-14 14:50:27,148 : Function sub_40334a at 0x40334a: Running angr callable with concrete arguments.
2024-07-14 14:50:28,606 : Exception: No paths returned from function
Traceback (most recent call last):
  File "simID_modified.py", line 474, in analyze_sample
    ret_val = check_func(*c_input)
  File "/home/analyst/.local/lib/python3.8/site-packages/angr/callable.py", line 74, in __call__
    self.perform_call(*args, prototype=prototype)
  File "/home/analyst/.local/lib/python3.8/site-packages/angr/callable.py", line 107, in perform_call
    raise AngrCallableError("No paths returned from function")
angr.errors.AngrCallableError: No paths returned from function
2024-07-14 14:50:28,608 : [31/147] Analyzing Function 'sub_40337b', at 0x40337b
2024-07-14 14:50:28,609 : Could not get get prototype of function sub_40337b at 0x40337b
2024-07-14 14:50:28,609 : Could not check the args and return value but moving on because of self.analyze_if_unknown_prototype.
2024-07-14 14:50:29,950 : Function sub_40337b at 0x40337b: Running angr callable with concrete arguments.
2024-07-14 14:50:31,469 : Exception: No paths returned from function
Traceback (most recent call last):
  File "simID_modified.py", line 474, in analyze_sample
    ret_val = check_func(*c_input)
  File "/home/analyst/.local/lib/python3.8/site-packages/angr/callable.py", line 74, in __call__
    self.perform_call(*args, prototype=prototype)
  File "/home/analyst/.local/lib/python3.8/site-packages/angr/callable.py", line 107, in perform_call
    raise AngrCallableError("No paths returned from function")
angr.errors.AngrCallableError: No paths returned from function
2024-07-14 14:50:31,470 : [32/147] Analyzing Function 'sub_403397', at 0x403397
2024-07-14 14:50:31,471 : Could not get get prototype of function sub_403397 at 0x403397
2024-07-14 14:50:31,471 : Could not check the args and return value but moving on because of self.analyze_if_unknown_prototype.
2024-07-14 14:50:32,778 : Function sub_403397 at 0x403397: Running angr callable with concrete arguments.
2024-07-14 14:50:34,244 : Exception: No paths returned from function
Traceback (most recent call last):
  File "simID_modified.py", line 474, in analyze_sample
    ret_val = check_func(*c_input)
  File "/home/analyst/.local/lib/python3.8/site-packages/angr/callable.py", line 74, in __call__
    self.perform_call(*args, prototype=prototype)
  File "/home/analyst/.local/lib/python3.8/site-packages/angr/callable.py", line 107, in perform_call
    raise AngrCallableError("No paths returned from function")
angr.errors.AngrCallableError: No paths returned from function
2024-07-14 14:50:34,246 : [33/147] Analyzing Function 'sub_4033ad', at 0x4033ad
2024-07-14 14:50:34,246 : Could not get get prototype of function sub_4033ad at 0x4033ad
2024-07-14 14:50:34,249 : Could not check the args and return value but moving on because of self.analyze_if_unknown_prototype.
2024-07-14 14:50:35,834 : Function sub_4033ad at 0x4033ad: Running angr callable with concrete arguments.
2024-07-14 14:50:37,309 : Exception: No paths returned from function
Traceback (most recent call last):
  File "simID_modified.py", line 474, in analyze_sample
    ret_val = check_func(*c_input)
  File "/home/analyst/.local/lib/python3.8/site-packages/angr/callable.py", line 74, in __call__
    self.perform_call(*args, prototype=prototype)
  File "/home/analyst/.local/lib/python3.8/site-packages/angr/callable.py", line 107, in perform_call
    raise AngrCallableError("No paths returned from function")
angr.errors.AngrCallableError: No paths returned from function
2024-07-14 14:50:37,311 : [34/147] Analyzing Function 'sub_4033b5', at 0x4033b5
2024-07-14 14:50:37,319 : Could not get get prototype of function sub_4033b5 at 0x4033b5
2024-07-14 14:50:37,319 : Could not check the args and return value but moving on because of self.analyze_if_unknown_prototype.
2024-07-14 14:50:38,907 : Function sub_4033b5 at 0x4033b5: Running angr callable with concrete arguments.
2024-07-14 14:50:40,293 : Exception: No paths returned from function
Traceback (most recent call last):
  File "simID_modified.py", line 474, in analyze_sample
    ret_val = check_func(*c_input)
  File "/home/analyst/.local/lib/python3.8/site-packages/angr/callable.py", line 74, in __call__
    self.perform_call(*args, prototype=prototype)
  File "/home/analyst/.local/lib/python3.8/site-packages/angr/callable.py", line 107, in perform_call
    raise AngrCallableError("No paths returned from function")
angr.errors.AngrCallableError: No paths returned from function
2024-07-14 14:50:40,296 : [35/147] Analyzing Function 'sub_4033dc', at 0x4033dc
2024-07-14 14:50:40,296 : Could not get get prototype of function sub_4033dc at 0x4033dc
2024-07-14 14:50:40,296 : Could not check the args and return value but moving on because of self.analyze_if_unknown_prototype.
2024-07-14 14:50:41,623 : Function sub_4033dc at 0x4033dc: Running angr callable with concrete arguments.
2024-07-14 14:50:43,336 : Function sub_4033dc at 0x4033dc has return value: <BV64 0xc0000000>
2024-07-14 14:50:43,337 : Function 'sub_4033dc' with 'dgaRamdo', at 4207580 has return bytes: b'\x10'
2024-07-14 14:50:43,338 : Function 'sub_4033dc' with 'dgaRamdo', at 4207580 has return value: 
2024-07-14 14:50:43,338 : Not a candidate function: 'sub_4033dc' at 0x4033dc, has return vale: <BV64 0xc0000000>
2024-07-14 14:50:43,339 : [36/147] Analyzing Function 'llist_create', at 0x4033e0
2024-07-14 14:50:43,339 : Could not get get prototype of function llist_create at 0x4033e0
2024-07-14 14:50:43,339 : Could not check the args and return value but moving on because of self.analyze_if_unknown_prototype.
2024-07-14 14:50:44,843 : Function llist_create at 0x4033e0: Running angr callable with concrete arguments.
2024-07-14 14:50:46,330 : Function llist_create at 0x4033e0 has return value: <BV64 0xc0000000>
2024-07-14 14:50:46,331 : Function 'llist_create' with 'dgaRamdo', at 4207584 has return bytes: b'\x10'
2024-07-14 14:50:46,332 : Function 'llist_create' with 'dgaRamdo', at 4207584 has return value: 
2024-07-14 14:50:46,332 : Not a candidate function: 'llist_create' at 0x4033e0, has return vale: <BV64 0xc0000000>
2024-07-14 14:50:46,332 : [37/147] Analyzing Function 'sub_40341f', at 0x40341f
2024-07-14 14:50:46,333 : Could not get get prototype of function sub_40341f at 0x40341f
2024-07-14 14:50:46,335 : Could not check the args and return value but moving on because of self.analyze_if_unknown_prototype.
2024-07-14 14:50:47,933 : Function sub_40341f at 0x40341f: Running angr callable with concrete arguments.
2024-07-14 14:50:49,333 : Function sub_40341f at 0x40341f has return value: <BV64 0x0>
2024-07-14 14:50:49,333 : Function 'sub_40341f' with 'dgaRamdo', at 4207647 has return bytes: b''
2024-07-14 14:50:49,334 : Function 'sub_40341f' with 'dgaRamdo', at 4207647 has return value: 
2024-07-14 14:50:49,334 : Not a candidate function: 'sub_40341f' at 0x40341f, has return vale: <BV64 0x0>
2024-07-14 14:50:49,334 : [38/147] Analyzing Function 'llist_getIndex', at 0x403420
2024-07-14 14:50:49,334 : Could not get get prototype of function llist_getIndex at 0x403420
2024-07-14 14:50:49,334 : Could not check the args and return value but moving on because of self.analyze_if_unknown_prototype.
2024-07-14 14:50:50,713 : Function llist_getIndex at 0x403420: Running angr callable with concrete arguments.
2024-07-14 14:50:52,392 : Function llist_getIndex at 0x403420 has return value: <BV64 0x0>
2024-07-14 14:50:52,394 : Function 'llist_getIndex' with 'dgaRamdo', at 4207648 has return bytes: b''
2024-07-14 14:50:52,394 : Function 'llist_getIndex' with 'dgaRamdo', at 4207648 has return value: 
2024-07-14 14:50:52,394 : Not a candidate function: 'llist_getIndex' at 0x403420, has return vale: <BV64 0x0>
2024-07-14 14:50:52,395 : [39/147] Analyzing Function 'sub_40343f', at 0x40343f
2024-07-14 14:50:52,395 : Could not get get prototype of function sub_40343f at 0x40343f
2024-07-14 14:50:52,395 : Could not check the args and return value but moving on because of self.analyze_if_unknown_prototype.
2024-07-14 14:50:53,777 : Function sub_40343f at 0x40343f: Running angr callable with concrete arguments.
2024-07-14 14:50:55,286 : Exception: No paths returned from function
Traceback (most recent call last):
  File "simID_modified.py", line 474, in analyze_sample
    ret_val = check_func(*c_input)
  File "/home/analyst/.local/lib/python3.8/site-packages/angr/callable.py", line 74, in __call__
    self.perform_call(*args, prototype=prototype)
  File "/home/analyst/.local/lib/python3.8/site-packages/angr/callable.py", line 107, in perform_call
    raise AngrCallableError("No paths returned from function")
angr.errors.AngrCallableError: No paths returned from function
2024-07-14 14:50:55,288 : [40/147] Analyzing Function 'sub_403466', at 0x403466
2024-07-14 14:50:55,289 : Could not get get prototype of function sub_403466 at 0x403466
2024-07-14 14:50:55,289 : Could not check the args and return value but moving on because of self.analyze_if_unknown_prototype.
2024-07-14 14:50:56,940 : Function sub_403466 at 0x403466: Running angr callable with concrete arguments.
2024-07-14 14:50:58,423 : Exception: No paths returned from function
Traceback (most recent call last):
  File "simID_modified.py", line 474, in analyze_sample
    ret_val = check_func(*c_input)
  File "/home/analyst/.local/lib/python3.8/site-packages/angr/callable.py", line 74, in __call__
    self.perform_call(*args, prototype=prototype)
  File "/home/analyst/.local/lib/python3.8/site-packages/angr/callable.py", line 107, in perform_call
    raise AngrCallableError("No paths returned from function")
angr.errors.AngrCallableError: No paths returned from function
2024-07-14 14:50:58,427 : [41/147] Analyzing Function 'sub_4034b1', at 0x4034b1
2024-07-14 14:50:58,429 : Could not get get prototype of function sub_4034b1 at 0x4034b1
2024-07-14 14:50:58,429 : Could not check the args and return value but moving on because of self.analyze_if_unknown_prototype.
2024-07-14 14:50:59,944 : Function sub_4034b1 at 0x4034b1: Running angr callable with concrete arguments.
2024-07-14 14:51:01,368 : Function sub_4034b1 at 0x4034b1 has return value: <BV64 0xffffffff>
2024-07-14 14:51:01,370 : Function 'sub_4034b1' with 'dgaRamdo', at 4207793 has return bytes: b''
2024-07-14 14:51:01,371 : Function 'sub_4034b1' with 'dgaRamdo', at 4207793 has return value: 
2024-07-14 14:51:01,371 : Not a candidate function: 'sub_4034b1' at 0x4034b1, has return vale: <BV64 0xffffffff>
2024-07-14 14:51:01,371 : [42/147] Analyzing Function 'ord', at 0x4034c0
2024-07-14 14:51:01,372 : Could not get get prototype of function ord at 0x4034c0
2024-07-14 14:51:01,372 : Could not check the args and return value but moving on because of self.analyze_if_unknown_prototype.
2024-07-14 14:51:02,805 : Function ord at 0x4034c0: Running angr callable with concrete arguments.
2024-07-14 14:51:04,478 : Function ord at 0x4034c0 has return value: <BV64 0xffffffff>
2024-07-14 14:51:04,479 : Function 'ord' with 'dgaRamdo', at 4207808 has return bytes: b''
2024-07-14 14:51:04,480 : Function 'ord' with 'dgaRamdo', at 4207808 has return value: 
2024-07-14 14:51:04,480 : Not a candidate function: 'ord' at 0x4034c0, has return vale: <BV64 0xffffffff>
2024-07-14 14:51:04,480 : [43/147] Analyzing Function 'sub_4034c8', at 0x4034c8
2024-07-14 14:51:04,481 : Could not get get prototype of function sub_4034c8 at 0x4034c8
2024-07-14 14:51:04,481 : Could not check the args and return value but moving on because of self.analyze_if_unknown_prototype.
2024-07-14 14:51:05,932 : Function sub_4034c8 at 0x4034c8: Running angr callable with concrete arguments.
2024-07-14 14:51:07,496 : Function sub_4034c8 at 0x4034c8 has return value: <BV64 0x0>
2024-07-14 14:51:07,502 : Function 'sub_4034c8' with 'dgaRamdo', at 4207816 has return bytes: b''
2024-07-14 14:51:07,503 : Function 'sub_4034c8' with 'dgaRamdo', at 4207816 has return value: 
2024-07-14 14:51:07,503 : Not a candidate function: 'sub_4034c8' at 0x4034c8, has return vale: <BV64 0x0>
2024-07-14 14:51:07,503 : [44/147] Analyzing Function 'llist_getLast', at 0x4034d0
2024-07-14 14:51:07,504 : Could not get get prototype of function llist_getLast at 0x4034d0
2024-07-14 14:51:07,504 : Could not check the args and return value but moving on because of self.analyze_if_unknown_prototype.
2024-07-14 14:51:09,112 : Function llist_getLast at 0x4034d0: Running angr callable with concrete arguments.
2024-07-14 14:51:10,573 : Function llist_getLast at 0x4034d0 has return value: <BV64 0x0>
2024-07-14 14:51:10,576 : Function 'llist_getLast' with 'dgaRamdo', at 4207824 has return bytes: b''
2024-07-14 14:51:10,577 : Function 'llist_getLast' with 'dgaRamdo', at 4207824 has return value: 
2024-07-14 14:51:10,577 : Not a candidate function: 'llist_getLast' at 0x4034d0, has return vale: <BV64 0x0>
2024-07-14 14:51:10,577 : [45/147] Analyzing Function 'sub_4034ed', at 0x4034ed
2024-07-14 14:51:10,578 : Could not get get prototype of function sub_4034ed at 0x4034ed
2024-07-14 14:51:10,578 : Could not check the args and return value but moving on because of self.analyze_if_unknown_prototype.
2024-07-14 14:51:12,036 : Function sub_4034ed at 0x4034ed: Running angr callable with concrete arguments.
2024-07-14 14:51:13,742 : Exception: No paths returned from function
Traceback (most recent call last):
  File "simID_modified.py", line 474, in analyze_sample
    ret_val = check_func(*c_input)
  File "/home/analyst/.local/lib/python3.8/site-packages/angr/callable.py", line 74, in __call__
    self.perform_call(*args, prototype=prototype)
  File "/home/analyst/.local/lib/python3.8/site-packages/angr/callable.py", line 107, in perform_call
    raise AngrCallableError("No paths returned from function")
angr.errors.AngrCallableError: No paths returned from function
2024-07-14 14:51:13,743 : [46/147] Analyzing Function 'sub_40350b', at 0x40350b
2024-07-14 14:51:13,743 : Could not get get prototype of function sub_40350b at 0x40350b
2024-07-14 14:51:13,743 : Could not check the args and return value but moving on because of self.analyze_if_unknown_prototype.
2024-07-14 14:51:15,147 : Function sub_40350b at 0x40350b: Running angr callable with concrete arguments.
2024-07-14 14:51:16,786 : Exception: No paths returned from function
Traceback (most recent call last):
  File "simID_modified.py", line 474, in analyze_sample
    ret_val = check_func(*c_input)
  File "/home/analyst/.local/lib/python3.8/site-packages/angr/callable.py", line 74, in __call__
    self.perform_call(*args, prototype=prototype)
  File "/home/analyst/.local/lib/python3.8/site-packages/angr/callable.py", line 107, in perform_call
    raise AngrCallableError("No paths returned from function")
angr.errors.AngrCallableError: No paths returned from function
2024-07-14 14:51:16,787 : [47/147] Analyzing Function 'sub_403551', at 0x403551
2024-07-14 14:51:16,788 : Could not get get prototype of function sub_403551 at 0x403551
2024-07-14 14:51:16,788 : Could not check the args and return value but moving on because of self.analyze_if_unknown_prototype.
2024-07-14 14:51:18,494 : Function sub_403551 at 0x403551: Running angr callable with concrete arguments.
2024-07-14 14:51:20,014 : Function sub_403551 at 0x403551 has return value: <BV64 0xc0000000>
2024-07-14 14:51:20,017 : Function 'sub_403551' with 'dgaRamdo', at 4207953 has return bytes: b'\x10'
2024-07-14 14:51:20,017 : Function 'sub_403551' with 'dgaRamdo', at 4207953 has return value: 
2024-07-14 14:51:20,017 : Not a candidate function: 'sub_403551' at 0x403551, has return vale: <BV64 0xc0000000>
2024-07-14 14:51:20,018 : [48/147] Analyzing Function 'init', at 0x403560
2024-07-14 14:51:20,018 : Could not get get prototype of function init at 0x403560
2024-07-14 14:51:20,018 : Could not check the args and return value but moving on because of self.analyze_if_unknown_prototype.
2024-07-14 14:51:21,489 : Function init at 0x403560: Running angr callable with concrete arguments.
2024-07-14 14:51:23,282 : Function init at 0x403560 has return value: <BV64 0xc0000000>
2024-07-14 14:51:23,283 : Function 'init' with 'dgaRamdo', at 4207968 has return bytes: b'\x10'
2024-07-14 14:51:23,284 : Function 'init' with 'dgaRamdo', at 4207968 has return value: 
2024-07-14 14:51:23,284 : Not a candidate function: 'init' at 0x403560, has return vale: <BV64 0xc0000000>
2024-07-14 14:51:23,284 : [49/147] Analyzing Function 'sub_403593', at 0x403593
2024-07-14 14:51:23,284 : Could not get get prototype of function sub_403593 at 0x403593
2024-07-14 14:51:23,284 : Could not check the args and return value but moving on because of self.analyze_if_unknown_prototype.
2024-07-14 14:51:24,662 : Function sub_403593 at 0x403593: Running angr callable with concrete arguments.
2024-07-14 14:51:26,153 : Function sub_403593 at 0x403593 has return value: <BV64 0x0>
2024-07-14 14:51:26,159 : Function 'sub_403593' with 'dgaRamdo', at 4208019 has return bytes: b''
2024-07-14 14:51:26,159 : Function 'sub_403593' with 'dgaRamdo', at 4208019 has return value: 
2024-07-14 14:51:26,159 : Not a candidate function: 'sub_403593' at 0x403593, has return vale: <BV64 0x0>
2024-07-14 14:51:26,160 : [50/147] Analyzing Function 'init_program', at 0x4035a0
2024-07-14 14:51:26,160 : Could not get get prototype of function init_program at 0x4035a0
2024-07-14 14:51:26,160 : Could not check the args and return value but moving on because of self.analyze_if_unknown_prototype.
2024-07-14 14:51:27,743 : Function init_program at 0x4035a0: Running angr callable with concrete arguments.
2024-07-14 14:51:29,228 : Function init_program at 0x4035a0 has return value: <BV64 0x0>
2024-07-14 14:51:29,235 : Function 'init_program' with 'dgaRamdo', at 4208032 has return bytes: b''
2024-07-14 14:51:29,239 : Function 'init_program' with 'dgaRamdo', at 4208032 has return value: 
2024-07-14 14:51:29,240 : Not a candidate function: 'init_program' at 0x4035a0, has return vale: <BV64 0x0>
2024-07-14 14:51:29,240 : [51/147] Analyzing Function 'sub_4035a5', at 0x4035a5
2024-07-14 14:51:29,240 : Could not get get prototype of function sub_4035a5 at 0x4035a5
2024-07-14 14:51:29,241 : Could not check the args and return value but moving on because of self.analyze_if_unknown_prototype.
2024-07-14 14:51:30,659 : Function sub_4035a5 at 0x4035a5: Running angr callable with concrete arguments.
2024-07-14 14:51:32,420 : Function sub_4035a5 at 0x4035a5 has return value: <BV64 0xc0000000>
2024-07-14 14:51:32,427 : Function 'sub_4035a5' with 'dgaRamdo', at 4208037 has return bytes: b''
2024-07-14 14:51:32,428 : Function 'sub_4035a5' with 'dgaRamdo', at 4208037 has return value: 
2024-07-14 14:51:32,428 : Not a candidate function: 'sub_4035a5' at 0x4035a5, has return vale: <BV64 0xc0000000>
2024-07-14 14:51:32,428 : [52/147] Analyzing Function 'joinChr', at 0x4035b0
2024-07-14 14:51:32,429 : Could not get get prototype of function joinChr at 0x4035b0
2024-07-14 14:51:32,429 : Could not check the args and return value but moving on because of self.analyze_if_unknown_prototype.
2024-07-14 14:51:33,864 : Function joinChr at 0x4035b0: Running angr callable with concrete arguments.
2024-07-14 14:51:35,627 : Function joinChr at 0x4035b0 has return value: <BV64 0xc0000000>
2024-07-14 14:51:35,627 : Function 'joinChr' with 'dgaRamdo', at 4208048 has return bytes: b''
2024-07-14 14:51:35,628 : Function 'joinChr' with 'dgaRamdo', at 4208048 has return value: 
2024-07-14 14:51:35,629 : Not a candidate function: 'joinChr' at 0x4035b0, has return vale: <BV64 0xc0000000>
2024-07-14 14:51:35,630 : [53/147] Analyzing Function 'sub_403602', at 0x403602
2024-07-14 14:51:35,630 : Could not get get prototype of function sub_403602 at 0x403602
2024-07-14 14:51:35,631 : Could not check the args and return value but moving on because of self.analyze_if_unknown_prototype.
2024-07-14 14:51:37,007 : Function sub_403602 at 0x403602: Running angr callable with concrete arguments.
2024-07-14 14:51:38,495 : Function sub_403602 at 0x403602 has return value: <BV64 0xc0000000>
2024-07-14 14:51:38,497 : Function 'sub_403602' with 'dgaRamdo', at 4208130 has return bytes: b'\x8a'
2024-07-14 14:51:38,499 : Could not decode the return value <BV64 0xc0000000> of function sub_403602 at 0x403602. Because of 'utf-8' codec can't decode byte 0x8a in position 0: invalid start byte
Traceback (most recent call last):
  File "simID_modified.py", line 478, in analyze_sample
    comparison = self.output_comparison(expected_output, db_data[str(arg_nb)][arg_str][func_name]['output_type'], ret_val, func_name, func.name, func.addr, check_func.result_state)
  File "simID_modified.py", line 286, in output_comparison
    ret_val = ret_bytes.decode("utf-8")
UnicodeDecodeError: 'utf-8' codec can't decode byte 0x8a in position 0: invalid start byte
2024-07-14 14:51:38,500 : [54/147] Analyzing Function 'chr', at 0x403610
2024-07-14 14:51:38,501 : Could not get get prototype of function chr at 0x403610
2024-07-14 14:51:38,502 : Could not check the args and return value but moving on because of self.analyze_if_unknown_prototype.
2024-07-14 14:51:40,211 : Function chr at 0x403610: Running angr callable with concrete arguments.
2024-07-14 14:51:41,660 : Function chr at 0x403610 has return value: <BV64 0xc0000000>
2024-07-14 14:51:41,660 : Function 'chr' with 'dgaRamdo', at 4208144 has return bytes: b'\x8a'
2024-07-14 14:51:41,661 : Could not decode the return value <BV64 0xc0000000> of function chr at 0x403610. Because of 'utf-8' codec can't decode byte 0x8a in position 0: invalid start byte
Traceback (most recent call last):
  File "simID_modified.py", line 478, in analyze_sample
    comparison = self.output_comparison(expected_output, db_data[str(arg_nb)][arg_str][func_name]['output_type'], ret_val, func_name, func.name, func.addr, check_func.result_state)
  File "simID_modified.py", line 286, in output_comparison
    ret_val = ret_bytes.decode("utf-8")
UnicodeDecodeError: 'utf-8' codec can't decode byte 0x8a in position 0: invalid start byte
2024-07-14 14:51:41,661 : [55/147] Analyzing Function 'sub_403629', at 0x403629
2024-07-14 14:51:41,661 : Could not get get prototype of function sub_403629 at 0x403629
2024-07-14 14:51:41,661 : Could not check the args and return value but moving on because of self.analyze_if_unknown_prototype.
2024-07-14 14:51:43,097 : Function sub_403629 at 0x403629: Running angr callable with concrete arguments.
2024-07-14 15:09:08,031 : Function sub_403629 at 0x403629 has return value: <BV64 0x7fffffffffe9ba2>
2024-07-14 15:09:08,033 : Function 'sub_403629' with 'dgaRamdo', at 4208169 has return bytes: b'kusumyekqaaskcqw.org'
2024-07-14 15:09:08,034 : Function 'sub_403629' with 'dgaRamdo', at 4208169 has return value: kusumyekqaaskcqw.org
2024-07-14 15:09:08,035 : Starting analysis of ./samples/dgaramdo_tigress_vir_O3
2024-07-14 15:09:08,682 : dgaRamdo is a candidate
2024-07-14 15:09:08,682 : Processing argument struct sSelf at position 0
2024-07-14 15:09:08,682 : dgaRamdo has struct, reconstructing.
2024-07-14 15:09:08,682 : Struct value : {
  .seed = 876543,
  .nr = 0,
  .generateddomains = 0,
  .lastdomain = '',
  .domainhistory = ''
}
2024-07-14 15:09:08,683 : [1/151] Analyzing Function '_init', at 0x403000
2024-07-14 15:09:08,684 : Could not get get prototype of function _init at 0x403000
2024-07-14 15:09:08,684 : Could not check the args and return value but moving on because of self.analyze_if_unknown_prototype.
2024-07-14 15:09:09,547 : Function _init at 0x403000: Running angr callable with concrete arguments.
2024-07-14 15:09:10,418 : Function _init at 0x403000 has return value: <BV64 0x0>
2024-07-14 15:09:10,419 : Function '_init' with 'dgaRamdo', at 4206592 has return bytes: b''
2024-07-14 15:09:10,419 : Function '_init' with 'dgaRamdo', at 4206592 has return value: 
2024-07-14 15:09:10,419 : Not a candidate function: '_init' at 0x403000, has return vale: <BV64 0x0>
2024-07-14 15:09:10,419 : [2/151] Analyzing Function 'sub_403010', at 0x403010
2024-07-14 15:09:10,419 : Could not get get prototype of function sub_403010 at 0x403010
2024-07-14 15:09:10,419 : Could not check the args and return value but moving on because of self.analyze_if_unknown_prototype.
2024-07-14 15:09:11,286 : Function sub_403010 at 0x403010: Running angr callable with concrete arguments.
2024-07-14 15:09:12,167 : Exception: No paths returned from function
Traceback (most recent call last):
  File "simID_modified.py", line 474, in analyze_sample
    ret_val = check_func(*c_input)
  File "/home/analyst/.local/lib/python3.8/site-packages/angr/callable.py", line 74, in __call__
    self.perform_call(*args, prototype=prototype)
  File "/home/analyst/.local/lib/python3.8/site-packages/angr/callable.py", line 107, in perform_call
    raise AngrCallableError("No paths returned from function")
angr.errors.AngrCallableError: No paths returned from function
2024-07-14 15:09:12,168 : [3/151] Analyzing Function 'sub_40301c', at 0x40301c
2024-07-14 15:09:12,168 : Could not get get prototype of function sub_40301c at 0x40301c
2024-07-14 15:09:12,168 : Could not check the args and return value but moving on because of self.analyze_if_unknown_prototype.
2024-07-14 15:09:13,123 : Function sub_40301c at 0x40301c: Running angr callable with concrete arguments.
2024-07-14 15:09:13,990 : Function sub_40301c at 0x40301c has return value: <BV64 0x8a>
2024-07-14 15:09:13,992 : Function 'sub_40301c' with 'dgaRamdo', at 4206620 has return bytes: b''
2024-07-14 15:09:13,992 : Function 'sub_40301c' with 'dgaRamdo', at 4206620 has return value: 
2024-07-14 15:09:13,992 : Not a candidate function: 'sub_40301c' at 0x40301c, has return vale: <BV64 0x8a>
2024-07-14 15:09:13,992 : [4/151] Analyzing Function 'putchar', at 0x403020
2024-07-14 15:09:13,992 : Function putchar at 0x403020 has args int
2024-07-14 15:09:13,992 : Function putchar at 0x403020 has return type :  int (32 bits)
2024-07-14 15:09:14,838 : Function putchar at 0x403020: Running angr callable with concrete arguments.
2024-07-14 15:09:15,662 : Function putchar at 0x403020 has return value: <BV64 0x8a>
2024-07-14 15:09:15,663 : Function 'putchar' with 'dgaRamdo', at 4206624 has return bytes: b''
2024-07-14 15:09:15,664 : Function 'putchar' with 'dgaRamdo', at 4206624 has return value: 
2024-07-14 15:09:15,664 : Not a candidate function: 'putchar' at 0x403020, has return vale: <BV64 0x8a>
2024-07-14 15:09:15,664 : [5/151] Analyzing Function 'strcpy', at 0x403030
2024-07-14 15:09:15,664 : [5/151] Skipping Function 'strcpy', at 0x403030, because of arguments
2024-07-14 15:09:15,665 : [6/151] Analyzing Function 'puts', at 0x403040
2024-07-14 15:09:15,665 : Function puts at 0x403040 has args char *
2024-07-14 15:09:15,665 : Function puts at 0x403040 has return type :  int (32 bits)
2024-07-14 15:09:16,477 : Function puts at 0x403040: Running angr callable with concrete arguments.
2024-07-14 15:09:17,436 : Function puts at 0x403040 has return value: <BV64 0x4>
2024-07-14 15:09:17,437 : Function 'puts' with 'dgaRamdo', at 4206656 has return bytes: b''
2024-07-14 15:09:17,437 : Function 'puts' with 'dgaRamdo', at 4206656 has return value: 
2024-07-14 15:09:17,437 : Not a candidate function: 'puts' at 0x403040, has return vale: <BV64 0x4>
2024-07-14 15:09:17,437 : [7/151] Analyzing Function 'malloc', at 0x403050
2024-07-14 15:09:17,437 : Function malloc at 0x403050 has args unsigned long
2024-07-14 15:09:17,437 : Function malloc at 0x403050 has return type :  void*
2024-07-14 15:09:18,233 : Function malloc at 0x403050: Running angr callable with concrete arguments.
2024-07-14 15:09:19,046 : Function malloc at 0x403050 has return value: <BV64 0xc0000000>
2024-07-14 15:09:19,047 : Function 'malloc' with 'dgaRamdo', at 4206672 has return bytes: b''
2024-07-14 15:09:19,048 : Function 'malloc' with 'dgaRamdo', at 4206672 has return value: 
2024-07-14 15:09:19,048 : Not a candidate function: 'malloc' at 0x403050, has return vale: <BV64 0xc0000000>
2024-07-14 15:09:19,048 : [8/151] Analyzing Function '__stack_chk_fail', at 0x403060
2024-07-14 15:09:19,048 : [8/151] Skipping Function '__stack_chk_fail', at 0x403060, because of arguments
2024-07-14 15:09:19,049 : [9/151] Analyzing Function 'atof', at 0x403070
2024-07-14 15:09:19,049 : Function atof at 0x403070 has args char *
2024-07-14 15:09:19,051 : Function atof at 0x403070 has return type :  double
2024-07-14 15:09:19,846 : Function atof at 0x403070: Running angr callable with concrete arguments.
2024-07-14 15:09:20,658 : Function atof at 0x403070 has return value: <BV64 0x0>
2024-07-14 15:09:20,659 : Function 'atof' with 'dgaRamdo', at 4206704 has return bytes: b''
2024-07-14 15:09:20,659 : Function 'atof' with 'dgaRamdo', at 4206704 has return value: 
2024-07-14 15:09:20,659 : Not a candidate function: 'atof' at 0x403070, has return vale: <BV64 0x0>
2024-07-14 15:09:20,659 : [10/151] Analyzing Function 'strcat', at 0x403080
2024-07-14 15:09:20,659 : [10/151] Skipping Function 'strcat', at 0x403080, because of arguments
2024-07-14 15:09:20,659 : [11/151] Analyzing Function 'fwrite', at 0x403090
2024-07-14 15:09:20,659 : [11/151] Skipping Function 'fwrite', at 0x403090, because of arguments
2024-07-14 15:09:20,659 : [12/151] Analyzing Function '__libc_start_main', at 0x4030a0
2024-07-14 15:09:20,660 : [12/151] Skipping Function '__libc_start_main', at 0x4030a0, because of arguments
2024-07-14 15:09:20,660 : [13/151] Analyzing Function 'free', at 0x4030b0
2024-07-14 15:09:20,660 : Function free at 0x4030b0 has args void*
2024-07-14 15:09:20,660 : Function free at 0x4030b0 has return type :  void
2024-07-14 15:09:21,457 : Function free at 0x4030b0: Running angr callable with concrete arguments.
2024-07-14 15:09:22,289 : Function free at 0x4030b0 has return value: <BV64 0x0>
2024-07-14 15:09:22,290 : Function 'free' with 'dgaRamdo', at 4206768 has return bytes: b''
2024-07-14 15:09:22,290 : Function 'free' with 'dgaRamdo', at 4206768 has return value: 
2024-07-14 15:09:22,290 : Not a candidate function: 'free' at 0x4030b0, has return vale: <BV64 0x0>
2024-07-14 15:09:22,290 : [14/151] Analyzing Function '__cxa_finalize', at 0x4030c0
2024-07-14 15:09:22,291 : [14/151] Skipping Function '__cxa_finalize', at 0x4030c0, because of arguments
2024-07-14 15:09:22,291 : [15/151] Analyzing Function 'main', at 0x4030d0
2024-07-14 15:09:22,291 : Could not get get prototype of function main at 0x4030d0
2024-07-14 15:09:22,291 : Could not check the args and return value but moving on because of self.analyze_if_unknown_prototype.
2024-07-14 15:09:23,281 : Function main at 0x4030d0: Running angr callable with concrete arguments.
2024-07-14 15:09:24,333 : Exception: BVV() takes either an integer value and a size or a string of bytes
Traceback (most recent call last):
  File "simID_modified.py", line 474, in analyze_sample
    ret_val = check_func(*c_input)
  File "/home/analyst/.local/lib/python3.8/site-packages/angr/callable.py", line 74, in __call__
    self.perform_call(*args, prototype=prototype)
  File "/home/analyst/.local/lib/python3.8/site-packages/angr/callable.py", line 103, in perform_call
    caller.run(step_func=step_func if self._concrete_only else None).unstash(from_stash="deadended")
  File "/home/analyst/.local/lib/python3.8/site-packages/angr/sim_manager.py", line 360, in run
    self.step(stash=stash, **kwargs)
  File "/home/analyst/.local/lib/python3.8/site-packages/angr/misc/hookset.py", line 96, in __call__
    result = current_hook(self.func.__self__, *args, **kwargs)
  File "/home/analyst/.local/lib/python3.8/site-packages/angr/exploration_techniques/suggestions.py", line 43, in step
    simgr.step(stash=stash, **kwargs)
  File "/home/analyst/.local/lib/python3.8/site-packages/angr/misc/hookset.py", line 101, in __call__
    return self.func(*args, **kwargs)
  File "/home/analyst/.local/lib/python3.8/site-packages/angr/sim_manager.py", line 469, in step
    successors = self.step_state(state, successor_func=successor_func, error_list=error_list, **run_args)
  File "/home/analyst/.local/lib/python3.8/site-packages/angr/sim_manager.py", line 510, in step_state
    successors = self.successors(state, successor_func=successor_func, **run_args)
  File "/home/analyst/.local/lib/python3.8/site-packages/angr/sim_manager.py", line 560, in successors
    return self._project.factory.successors(state, **run_args)
  File "/home/analyst/.local/lib/python3.8/site-packages/angr/factory.py", line 79, in successors
    return self.default_engine.process(*args, **kwargs)
  File "/home/analyst/.local/lib/python3.8/site-packages/angr/engines/vex/light/slicing.py", line 20, in process
    return super().process(*args, **kwargs)
  File "/home/analyst/.local/lib/python3.8/site-packages/angr/engines/engine.py", line 163, in process
    self.process_successors(self.successors, **kwargs)
  File "/home/analyst/.local/lib/python3.8/site-packages/angr/engines/failure.py", line 24, in process_successors
    return super().process_successors(successors, **kwargs)
  File "/home/analyst/.local/lib/python3.8/site-packages/angr/engines/syscall.py", line 26, in process_successors
    return super().process_successors(successors, **kwargs)
  File "/home/analyst/.local/lib/python3.8/site-packages/angr/engines/hook.py", line 56, in process_successors
    return super().process_successors(successors, procedure=procedure, **kwargs)
  File "/home/analyst/.local/lib/python3.8/site-packages/angr/engines/unicorn.py", line 389, in process_successors
    return super().process_successors(successors, **kwargs)
  File "/home/analyst/.local/lib/python3.8/site-packages/angr/engines/soot/engine.py", line 68, in process_successors
    return super().process_successors(successors, **kwargs)
  File "/home/analyst/.local/lib/python3.8/site-packages/angr/engines/vex/heavy/heavy.py", line 174, in process_successors
    self.handle_vex_block(irsb)
  File "/home/analyst/.local/lib/python3.8/site-packages/angr/engines/vex/heavy/super_fastpath.py", line 25, in handle_vex_block
    super().handle_vex_block(irsb)
  File "/home/analyst/.local/lib/python3.8/site-packages/angr/engines/vex/light/slicing.py", line 26, in handle_vex_block
    super().handle_vex_block(irsb)
  File "/home/analyst/.local/lib/python3.8/site-packages/angr/engines/vex/heavy/actions.py", line 31, in handle_vex_block
    super().handle_vex_block(irsb)
  File "/home/analyst/.local/lib/python3.8/site-packages/angr/engines/vex/heavy/inspect.py", line 49, in handle_vex_block
    super().handle_vex_block(irsb)
  File "/home/analyst/.local/lib/python3.8/site-packages/angr/engines/vex/light/light.py", line 548, in handle_vex_block
    self._handle_vex_stmt(stmt)
  File "/home/analyst/.local/lib/python3.8/site-packages/angr/engines/vex/light/slicing.py", line 30, in _handle_vex_stmt
    super()._handle_vex_stmt(stmt)
  File "/home/analyst/.local/lib/python3.8/site-packages/angr/engines/vex/heavy/inspect.py", line 44, in _handle_vex_stmt
    super()._handle_vex_stmt(stmt)
  File "/home/analyst/.local/lib/python3.8/site-packages/angr/engines/vex/light/resilience.py", line 39, in inner
    return getattr(super(VEXResilienceMixin, self), func)(*iargs, **ikwargs)
  File "/home/analyst/.local/lib/python3.8/site-packages/angr/engines/vex/heavy/heavy.py", line 248, in _handle_vex_stmt
    super()._handle_vex_stmt(stmt)
  File "/home/analyst/.local/lib/python3.8/site-packages/angr/engines/vex/light/light.py", line 52, in _handle_vex_stmt
    handler(stmt)
  File "/home/analyst/.local/lib/python3.8/site-packages/angr/engines/vex/light/light.py", line 203, in _handle_vex_stmt_WrTmp
    self._perform_vex_stmt_WrTmp(stmt.tmp, self._analyze_vex_stmt_WrTmp_data(stmt.data))
  File "/home/analyst/.local/lib/python3.8/site-packages/angr/engines/vex/light/light.py", line 200, in _analyze_vex_stmt_WrTmp_data
    return self._handle_vex_expr(*a, **kw)
  File "/home/analyst/.local/lib/python3.8/site-packages/angr/engines/vex/heavy/inspect.py", line 35, in _handle_vex_expr
    return super()._handle_vex_expr(expr)
  File "/home/analyst/.local/lib/python3.8/site-packages/angr/engines/vex/light/light.py", line 57, in _handle_vex_expr
    return self._instrument_vex_expr(result)
  File "/home/analyst/.local/lib/python3.8/site-packages/angr/engines/vex/heavy/actions.py", line 46, in _instrument_vex_expr
    return super()._instrument_vex_expr(result[0]), result[1]
  File "/home/analyst/.local/lib/python3.8/site-packages/angr/engines/vex/heavy/inspect.py", line 38, in _instrument_vex_expr
    result = super()._instrument_vex_expr(result)
  File "/home/analyst/.local/lib/python3.8/site-packages/angr/engines/vex/heavy/heavy.py", line 343, in _instrument_vex_expr
    concrete_value = self.state.solver.BVV(self.state.solver.eval(result), len(result))
  File "/home/analyst/.local/lib/python3.8/site-packages/angr/state_plugins/solver.py", line 93, in wrapped_f
    return f(*args, **kwargs)
  File "/home/analyst/.local/lib/python3.8/site-packages/angr/state_plugins/sim_action_object.py", line 61, in ast_stripper
    return f(*new_args, **new_kwargs)
  File "/home/analyst/.local/lib/python3.8/site-packages/claripy/ast/bv.py", line 291, in BVV
    raise TypeError("BVV() takes either an integer value and a size or a string of bytes")
TypeError: BVV() takes either an integer value and a size or a string of bytes
2024-07-14 15:09:24,334 : [16/151] Analyzing Function '_start', at 0x403223
2024-07-14 15:09:24,334 : Could not get get prototype of function _start at 0x403223
2024-07-14 15:09:24,335 : Could not check the args and return value but moving on because of self.analyze_if_unknown_prototype.
2024-07-14 15:09:25,297 : Function _start at 0x403223: Running angr callable with concrete arguments.
2024-07-14 15:09:26,218 : Exception: BVV() takes either an integer value and a size or a string of bytes
Traceback (most recent call last):
  File "simID_modified.py", line 474, in analyze_sample
    ret_val = check_func(*c_input)
  File "/home/analyst/.local/lib/python3.8/site-packages/angr/callable.py", line 74, in __call__
    self.perform_call(*args, prototype=prototype)
  File "/home/analyst/.local/lib/python3.8/site-packages/angr/callable.py", line 103, in perform_call
    caller.run(step_func=step_func if self._concrete_only else None).unstash(from_stash="deadended")
  File "/home/analyst/.local/lib/python3.8/site-packages/angr/sim_manager.py", line 360, in run
    self.step(stash=stash, **kwargs)
  File "/home/analyst/.local/lib/python3.8/site-packages/angr/misc/hookset.py", line 96, in __call__
    result = current_hook(self.func.__self__, *args, **kwargs)
  File "/home/analyst/.local/lib/python3.8/site-packages/angr/exploration_techniques/suggestions.py", line 43, in step
    simgr.step(stash=stash, **kwargs)
  File "/home/analyst/.local/lib/python3.8/site-packages/angr/misc/hookset.py", line 101, in __call__
    return self.func(*args, **kwargs)
  File "/home/analyst/.local/lib/python3.8/site-packages/angr/sim_manager.py", line 469, in step
    successors = self.step_state(state, successor_func=successor_func, error_list=error_list, **run_args)
  File "/home/analyst/.local/lib/python3.8/site-packages/angr/sim_manager.py", line 510, in step_state
    successors = self.successors(state, successor_func=successor_func, **run_args)
  File "/home/analyst/.local/lib/python3.8/site-packages/angr/sim_manager.py", line 560, in successors
    return self._project.factory.successors(state, **run_args)
  File "/home/analyst/.local/lib/python3.8/site-packages/angr/factory.py", line 79, in successors
    return self.default_engine.process(*args, **kwargs)
  File "/home/analyst/.local/lib/python3.8/site-packages/angr/engines/vex/light/slicing.py", line 20, in process
    return super().process(*args, **kwargs)
  File "/home/analyst/.local/lib/python3.8/site-packages/angr/engines/engine.py", line 163, in process
    self.process_successors(self.successors, **kwargs)
  File "/home/analyst/.local/lib/python3.8/site-packages/angr/engines/failure.py", line 24, in process_successors
    return super().process_successors(successors, **kwargs)
  File "/home/analyst/.local/lib/python3.8/site-packages/angr/engines/syscall.py", line 26, in process_successors
    return super().process_successors(successors, **kwargs)
  File "/home/analyst/.local/lib/python3.8/site-packages/angr/engines/hook.py", line 56, in process_successors
    return super().process_successors(successors, procedure=procedure, **kwargs)
  File "/home/analyst/.local/lib/python3.8/site-packages/angr/engines/unicorn.py", line 389, in process_successors
    return super().process_successors(successors, **kwargs)
  File "/home/analyst/.local/lib/python3.8/site-packages/angr/engines/soot/engine.py", line 68, in process_successors
    return super().process_successors(successors, **kwargs)
  File "/home/analyst/.local/lib/python3.8/site-packages/angr/engines/vex/heavy/heavy.py", line 174, in process_successors
    self.handle_vex_block(irsb)
  File "/home/analyst/.local/lib/python3.8/site-packages/angr/engines/vex/heavy/super_fastpath.py", line 25, in handle_vex_block
    super().handle_vex_block(irsb)
  File "/home/analyst/.local/lib/python3.8/site-packages/angr/engines/vex/light/slicing.py", line 26, in handle_vex_block
    super().handle_vex_block(irsb)
  File "/home/analyst/.local/lib/python3.8/site-packages/angr/engines/vex/heavy/actions.py", line 31, in handle_vex_block
    super().handle_vex_block(irsb)
  File "/home/analyst/.local/lib/python3.8/site-packages/angr/engines/vex/heavy/inspect.py", line 49, in handle_vex_block
    super().handle_vex_block(irsb)
  File "/home/analyst/.local/lib/python3.8/site-packages/angr/engines/vex/light/light.py", line 548, in handle_vex_block
    self._handle_vex_stmt(stmt)
  File "/home/analyst/.local/lib/python3.8/site-packages/angr/engines/vex/light/slicing.py", line 30, in _handle_vex_stmt
    super()._handle_vex_stmt(stmt)
  File "/home/analyst/.local/lib/python3.8/site-packages/angr/engines/vex/heavy/inspect.py", line 44, in _handle_vex_stmt
    super()._handle_vex_stmt(stmt)
  File "/home/analyst/.local/lib/python3.8/site-packages/angr/engines/vex/light/resilience.py", line 39, in inner
    return getattr(super(VEXResilienceMixin, self), func)(*iargs, **ikwargs)
  File "/home/analyst/.local/lib/python3.8/site-packages/angr/engines/vex/heavy/heavy.py", line 248, in _handle_vex_stmt
    super()._handle_vex_stmt(stmt)
  File "/home/analyst/.local/lib/python3.8/site-packages/angr/engines/vex/light/light.py", line 52, in _handle_vex_stmt
    handler(stmt)
  File "/home/analyst/.local/lib/python3.8/site-packages/angr/engines/vex/light/light.py", line 203, in _handle_vex_stmt_WrTmp
    self._perform_vex_stmt_WrTmp(stmt.tmp, self._analyze_vex_stmt_WrTmp_data(stmt.data))
  File "/home/analyst/.local/lib/python3.8/site-packages/angr/engines/vex/light/light.py", line 200, in _analyze_vex_stmt_WrTmp_data
    return self._handle_vex_expr(*a, **kw)
  File "/home/analyst/.local/lib/python3.8/site-packages/angr/engines/vex/heavy/inspect.py", line 35, in _handle_vex_expr
    return super()._handle_vex_expr(expr)
  File "/home/analyst/.local/lib/python3.8/site-packages/angr/engines/vex/light/light.py", line 57, in _handle_vex_expr
    return self._instrument_vex_expr(result)
  File "/home/analyst/.local/lib/python3.8/site-packages/angr/engines/vex/heavy/actions.py", line 46, in _instrument_vex_expr
    return super()._instrument_vex_expr(result[0]), result[1]
  File "/home/analyst/.local/lib/python3.8/site-packages/angr/engines/vex/heavy/inspect.py", line 38, in _instrument_vex_expr
    result = super()._instrument_vex_expr(result)
  File "/home/analyst/.local/lib/python3.8/site-packages/angr/engines/vex/heavy/heavy.py", line 343, in _instrument_vex_expr
    concrete_value = self.state.solver.BVV(self.state.solver.eval(result), len(result))
  File "/home/analyst/.local/lib/python3.8/site-packages/angr/state_plugins/solver.py", line 93, in wrapped_f
    return f(*args, **kwargs)
  File "/home/analyst/.local/lib/python3.8/site-packages/angr/state_plugins/sim_action_object.py", line 61, in ast_stripper
    return f(*new_args, **new_kwargs)
  File "/home/analyst/.local/lib/python3.8/site-packages/claripy/ast/bv.py", line 291, in BVV
    raise TypeError("BVV() takes either an integer value and a size or a string of bytes")
TypeError: BVV() takes either an integer value and a size or a string of bytes
2024-07-14 15:09:26,219 : [17/151] Analyzing Function 'sub_403239', at 0x403239
2024-07-14 15:09:26,220 : Could not get get prototype of function sub_403239 at 0x403239
2024-07-14 15:09:26,220 : Could not check the args and return value but moving on because of self.analyze_if_unknown_prototype.
2024-07-14 15:09:27,027 : Function sub_403239 at 0x403239: Running angr callable with concrete arguments.
2024-07-14 15:09:27,925 : Exception: BVV() takes either an integer value and a size or a string of bytes
Traceback (most recent call last):
  File "simID_modified.py", line 474, in analyze_sample
    ret_val = check_func(*c_input)
  File "/home/analyst/.local/lib/python3.8/site-packages/angr/callable.py", line 74, in __call__
    self.perform_call(*args, prototype=prototype)
  File "/home/analyst/.local/lib/python3.8/site-packages/angr/callable.py", line 103, in perform_call
    caller.run(step_func=step_func if self._concrete_only else None).unstash(from_stash="deadended")
  File "/home/analyst/.local/lib/python3.8/site-packages/angr/sim_manager.py", line 360, in run
    self.step(stash=stash, **kwargs)
  File "/home/analyst/.local/lib/python3.8/site-packages/angr/misc/hookset.py", line 96, in __call__
    result = current_hook(self.func.__self__, *args, **kwargs)
  File "/home/analyst/.local/lib/python3.8/site-packages/angr/exploration_techniques/suggestions.py", line 43, in step
    simgr.step(stash=stash, **kwargs)
  File "/home/analyst/.local/lib/python3.8/site-packages/angr/misc/hookset.py", line 101, in __call__
    return self.func(*args, **kwargs)
  File "/home/analyst/.local/lib/python3.8/site-packages/angr/sim_manager.py", line 469, in step
    successors = self.step_state(state, successor_func=successor_func, error_list=error_list, **run_args)
  File "/home/analyst/.local/lib/python3.8/site-packages/angr/sim_manager.py", line 510, in step_state
    successors = self.successors(state, successor_func=successor_func, **run_args)
  File "/home/analyst/.local/lib/python3.8/site-packages/angr/sim_manager.py", line 560, in successors
    return self._project.factory.successors(state, **run_args)
  File "/home/analyst/.local/lib/python3.8/site-packages/angr/factory.py", line 79, in successors
    return self.default_engine.process(*args, **kwargs)
  File "/home/analyst/.local/lib/python3.8/site-packages/angr/engines/vex/light/slicing.py", line 20, in process
    return super().process(*args, **kwargs)
  File "/home/analyst/.local/lib/python3.8/site-packages/angr/engines/engine.py", line 163, in process
    self.process_successors(self.successors, **kwargs)
  File "/home/analyst/.local/lib/python3.8/site-packages/angr/engines/failure.py", line 24, in process_successors
    return super().process_successors(successors, **kwargs)
  File "/home/analyst/.local/lib/python3.8/site-packages/angr/engines/syscall.py", line 26, in process_successors
    return super().process_successors(successors, **kwargs)
  File "/home/analyst/.local/lib/python3.8/site-packages/angr/engines/hook.py", line 56, in process_successors
    return super().process_successors(successors, procedure=procedure, **kwargs)
  File "/home/analyst/.local/lib/python3.8/site-packages/angr/engines/unicorn.py", line 389, in process_successors
    return super().process_successors(successors, **kwargs)
  File "/home/analyst/.local/lib/python3.8/site-packages/angr/engines/soot/engine.py", line 68, in process_successors
    return super().process_successors(successors, **kwargs)
  File "/home/analyst/.local/lib/python3.8/site-packages/angr/engines/vex/heavy/heavy.py", line 174, in process_successors
    self.handle_vex_block(irsb)
  File "/home/analyst/.local/lib/python3.8/site-packages/angr/engines/vex/heavy/super_fastpath.py", line 25, in handle_vex_block
    super().handle_vex_block(irsb)
  File "/home/analyst/.local/lib/python3.8/site-packages/angr/engines/vex/light/slicing.py", line 26, in handle_vex_block
    super().handle_vex_block(irsb)
  File "/home/analyst/.local/lib/python3.8/site-packages/angr/engines/vex/heavy/actions.py", line 31, in handle_vex_block
    super().handle_vex_block(irsb)
  File "/home/analyst/.local/lib/python3.8/site-packages/angr/engines/vex/heavy/inspect.py", line 49, in handle_vex_block
    super().handle_vex_block(irsb)
  File "/home/analyst/.local/lib/python3.8/site-packages/angr/engines/vex/light/light.py", line 548, in handle_vex_block
    self._handle_vex_stmt(stmt)
  File "/home/analyst/.local/lib/python3.8/site-packages/angr/engines/vex/light/slicing.py", line 30, in _handle_vex_stmt
    super()._handle_vex_stmt(stmt)
  File "/home/analyst/.local/lib/python3.8/site-packages/angr/engines/vex/heavy/inspect.py", line 44, in _handle_vex_stmt
    super()._handle_vex_stmt(stmt)
  File "/home/analyst/.local/lib/python3.8/site-packages/angr/engines/vex/light/resilience.py", line 39, in inner
    return getattr(super(VEXResilienceMixin, self), func)(*iargs, **ikwargs)
  File "/home/analyst/.local/lib/python3.8/site-packages/angr/engines/vex/heavy/heavy.py", line 248, in _handle_vex_stmt
    super()._handle_vex_stmt(stmt)
  File "/home/analyst/.local/lib/python3.8/site-packages/angr/engines/vex/light/light.py", line 52, in _handle_vex_stmt
    handler(stmt)
  File "/home/analyst/.local/lib/python3.8/site-packages/angr/engines/vex/light/light.py", line 203, in _handle_vex_stmt_WrTmp
    self._perform_vex_stmt_WrTmp(stmt.tmp, self._analyze_vex_stmt_WrTmp_data(stmt.data))
  File "/home/analyst/.local/lib/python3.8/site-packages/angr/engines/vex/light/light.py", line 200, in _analyze_vex_stmt_WrTmp_data
    return self._handle_vex_expr(*a, **kw)
  File "/home/analyst/.local/lib/python3.8/site-packages/angr/engines/vex/heavy/inspect.py", line 35, in _handle_vex_expr
    return super()._handle_vex_expr(expr)
  File "/home/analyst/.local/lib/python3.8/site-packages/angr/engines/vex/light/light.py", line 57, in _handle_vex_expr
    return self._instrument_vex_expr(result)
  File "/home/analyst/.local/lib/python3.8/site-packages/angr/engines/vex/heavy/actions.py", line 46, in _instrument_vex_expr
    return super()._instrument_vex_expr(result[0]), result[1]
  File "/home/analyst/.local/lib/python3.8/site-packages/angr/engines/vex/heavy/inspect.py", line 38, in _instrument_vex_expr
    result = super()._instrument_vex_expr(result)
  File "/home/analyst/.local/lib/python3.8/site-packages/angr/engines/vex/heavy/heavy.py", line 343, in _instrument_vex_expr
    concrete_value = self.state.solver.BVV(self.state.solver.eval(result), len(result))
  File "/home/analyst/.local/lib/python3.8/site-packages/angr/state_plugins/solver.py", line 93, in wrapped_f
    return f(*args, **kwargs)
  File "/home/analyst/.local/lib/python3.8/site-packages/angr/state_plugins/sim_action_object.py", line 61, in ast_stripper
    return f(*new_args, **new_kwargs)
  File "/home/analyst/.local/lib/python3.8/site-packages/claripy/ast/bv.py", line 291, in BVV
    raise TypeError("BVV() takes either an integer value and a size or a string of bytes")
TypeError: BVV() takes either an integer value and a size or a string of bytes
2024-07-14 15:09:27,926 : [18/151] Analyzing Function '_start_c', at 0x403240
2024-07-14 15:09:27,926 : Could not get get prototype of function _start_c at 0x403240
2024-07-14 15:09:27,926 : Could not check the args and return value but moving on because of self.analyze_if_unknown_prototype.
2024-07-14 15:09:28,716 : Function _start_c at 0x403240: Running angr callable with concrete arguments.
2024-07-14 15:09:29,622 : Exception: BVV() takes either an integer value and a size or a string of bytes
Traceback (most recent call last):
  File "simID_modified.py", line 474, in analyze_sample
    ret_val = check_func(*c_input)
  File "/home/analyst/.local/lib/python3.8/site-packages/angr/callable.py", line 74, in __call__
    self.perform_call(*args, prototype=prototype)
  File "/home/analyst/.local/lib/python3.8/site-packages/angr/callable.py", line 103, in perform_call
    caller.run(step_func=step_func if self._concrete_only else None).unstash(from_stash="deadended")
  File "/home/analyst/.local/lib/python3.8/site-packages/angr/sim_manager.py", line 360, in run
    self.step(stash=stash, **kwargs)
  File "/home/analyst/.local/lib/python3.8/site-packages/angr/misc/hookset.py", line 96, in __call__
    result = current_hook(self.func.__self__, *args, **kwargs)
  File "/home/analyst/.local/lib/python3.8/site-packages/angr/exploration_techniques/suggestions.py", line 43, in step
    simgr.step(stash=stash, **kwargs)
  File "/home/analyst/.local/lib/python3.8/site-packages/angr/misc/hookset.py", line 101, in __call__
    return self.func(*args, **kwargs)
  File "/home/analyst/.local/lib/python3.8/site-packages/angr/sim_manager.py", line 469, in step
    successors = self.step_state(state, successor_func=successor_func, error_list=error_list, **run_args)
  File "/home/analyst/.local/lib/python3.8/site-packages/angr/sim_manager.py", line 510, in step_state
    successors = self.successors(state, successor_func=successor_func, **run_args)
  File "/home/analyst/.local/lib/python3.8/site-packages/angr/sim_manager.py", line 560, in successors
    return self._project.factory.successors(state, **run_args)
  File "/home/analyst/.local/lib/python3.8/site-packages/angr/factory.py", line 79, in successors
    return self.default_engine.process(*args, **kwargs)
  File "/home/analyst/.local/lib/python3.8/site-packages/angr/engines/vex/light/slicing.py", line 20, in process
    return super().process(*args, **kwargs)
  File "/home/analyst/.local/lib/python3.8/site-packages/angr/engines/engine.py", line 163, in process
    self.process_successors(self.successors, **kwargs)
  File "/home/analyst/.local/lib/python3.8/site-packages/angr/engines/failure.py", line 24, in process_successors
    return super().process_successors(successors, **kwargs)
  File "/home/analyst/.local/lib/python3.8/site-packages/angr/engines/syscall.py", line 26, in process_successors
    return super().process_successors(successors, **kwargs)
  File "/home/analyst/.local/lib/python3.8/site-packages/angr/engines/hook.py", line 56, in process_successors
    return super().process_successors(successors, procedure=procedure, **kwargs)
  File "/home/analyst/.local/lib/python3.8/site-packages/angr/engines/unicorn.py", line 389, in process_successors
    return super().process_successors(successors, **kwargs)
  File "/home/analyst/.local/lib/python3.8/site-packages/angr/engines/soot/engine.py", line 68, in process_successors
    return super().process_successors(successors, **kwargs)
  File "/home/analyst/.local/lib/python3.8/site-packages/angr/engines/vex/heavy/heavy.py", line 174, in process_successors
    self.handle_vex_block(irsb)
  File "/home/analyst/.local/lib/python3.8/site-packages/angr/engines/vex/heavy/super_fastpath.py", line 25, in handle_vex_block
    super().handle_vex_block(irsb)
  File "/home/analyst/.local/lib/python3.8/site-packages/angr/engines/vex/light/slicing.py", line 26, in handle_vex_block
    super().handle_vex_block(irsb)
  File "/home/analyst/.local/lib/python3.8/site-packages/angr/engines/vex/heavy/actions.py", line 31, in handle_vex_block
    super().handle_vex_block(irsb)
  File "/home/analyst/.local/lib/python3.8/site-packages/angr/engines/vex/heavy/inspect.py", line 49, in handle_vex_block
    super().handle_vex_block(irsb)
  File "/home/analyst/.local/lib/python3.8/site-packages/angr/engines/vex/light/light.py", line 548, in handle_vex_block
    self._handle_vex_stmt(stmt)
  File "/home/analyst/.local/lib/python3.8/site-packages/angr/engines/vex/light/slicing.py", line 30, in _handle_vex_stmt
    super()._handle_vex_stmt(stmt)
  File "/home/analyst/.local/lib/python3.8/site-packages/angr/engines/vex/heavy/inspect.py", line 44, in _handle_vex_stmt
    super()._handle_vex_stmt(stmt)
  File "/home/analyst/.local/lib/python3.8/site-packages/angr/engines/vex/light/resilience.py", line 39, in inner
    return getattr(super(VEXResilienceMixin, self), func)(*iargs, **ikwargs)
  File "/home/analyst/.local/lib/python3.8/site-packages/angr/engines/vex/heavy/heavy.py", line 248, in _handle_vex_stmt
    super()._handle_vex_stmt(stmt)
  File "/home/analyst/.local/lib/python3.8/site-packages/angr/engines/vex/light/light.py", line 52, in _handle_vex_stmt
    handler(stmt)
  File "/home/analyst/.local/lib/python3.8/site-packages/angr/engines/vex/light/light.py", line 203, in _handle_vex_stmt_WrTmp
    self._perform_vex_stmt_WrTmp(stmt.tmp, self._analyze_vex_stmt_WrTmp_data(stmt.data))
  File "/home/analyst/.local/lib/python3.8/site-packages/angr/engines/vex/light/light.py", line 200, in _analyze_vex_stmt_WrTmp_data
    return self._handle_vex_expr(*a, **kw)
  File "/home/analyst/.local/lib/python3.8/site-packages/angr/engines/vex/heavy/inspect.py", line 35, in _handle_vex_expr
    return super()._handle_vex_expr(expr)
  File "/home/analyst/.local/lib/python3.8/site-packages/angr/engines/vex/light/light.py", line 57, in _handle_vex_expr
    return self._instrument_vex_expr(result)
  File "/home/analyst/.local/lib/python3.8/site-packages/angr/engines/vex/heavy/actions.py", line 46, in _instrument_vex_expr
    return super()._instrument_vex_expr(result[0]), result[1]
  File "/home/analyst/.local/lib/python3.8/site-packages/angr/engines/vex/heavy/inspect.py", line 38, in _instrument_vex_expr
    result = super()._instrument_vex_expr(result)
  File "/home/analyst/.local/lib/python3.8/site-packages/angr/engines/vex/heavy/heavy.py", line 343, in _instrument_vex_expr
    concrete_value = self.state.solver.BVV(self.state.solver.eval(result), len(result))
  File "/home/analyst/.local/lib/python3.8/site-packages/angr/state_plugins/solver.py", line 93, in wrapped_f
    return f(*args, **kwargs)
  File "/home/analyst/.local/lib/python3.8/site-packages/angr/state_plugins/sim_action_object.py", line 61, in ast_stripper
    return f(*new_args, **new_kwargs)
  File "/home/analyst/.local/lib/python3.8/site-packages/claripy/ast/bv.py", line 291, in BVV
    raise TypeError("BVV() takes either an integer value and a size or a string of bytes")
TypeError: BVV() takes either an integer value and a size or a string of bytes
2024-07-14 15:09:29,626 : [19/151] Analyzing Function 'sub_403268', at 0x403268
2024-07-14 15:09:29,627 : Could not get get prototype of function sub_403268 at 0x403268
2024-07-14 15:09:29,627 : Could not check the args and return value but moving on because of self.analyze_if_unknown_prototype.
2024-07-14 15:09:30,696 : Function sub_403268 at 0x403268: Running angr callable with concrete arguments.
2024-07-14 15:09:34,895 : Function sub_403268 at 0x403268 has return value: <BV64 0x406e70>
2024-07-14 15:09:34,899 : Function 'sub_403268' with 'dgaRamdo', at 4207208 has return bytes: b''
2024-07-14 15:09:34,899 : Function 'sub_403268' with 'dgaRamdo', at 4207208 has return value: 
2024-07-14 15:09:34,899 : Not a candidate function: 'sub_403268' at 0x403268, has return vale: <BV64 0x406e70>
2024-07-14 15:09:34,899 : [20/151] Analyzing Function 'deregister_tm_clones', at 0x403270
2024-07-14 15:09:34,899 : Could not get get prototype of function deregister_tm_clones at 0x403270
2024-07-14 15:09:34,899 : Could not check the args and return value but moving on because of self.analyze_if_unknown_prototype.
2024-07-14 15:09:35,753 : Function deregister_tm_clones at 0x403270: Running angr callable with concrete arguments.
2024-07-14 15:09:36,723 : Function deregister_tm_clones at 0x403270 has return value: <BV64 0x406e70>
2024-07-14 15:09:36,726 : Function 'deregister_tm_clones' with 'dgaRamdo', at 4207216 has return bytes: b''
2024-07-14 15:09:36,727 : Function 'deregister_tm_clones' with 'dgaRamdo', at 4207216 has return value: 
2024-07-14 15:09:36,727 : Not a candidate function: 'deregister_tm_clones' at 0x403270, has return vale: <BV64 0x406e70>
2024-07-14 15:09:36,727 : [21/151] Analyzing Function 'sub_403299', at 0x403299
2024-07-14 15:09:36,727 : Could not get get prototype of function sub_403299 at 0x403299
2024-07-14 15:09:36,727 : Could not check the args and return value but moving on because of self.analyze_if_unknown_prototype.
2024-07-14 15:09:37,555 : Function sub_403299 at 0x403299: Running angr callable with concrete arguments.
2024-07-14 15:09:38,392 : Function sub_403299 at 0x403299 has return value: <BV64 0x0>
2024-07-14 15:09:38,393 : Function 'sub_403299' with 'dgaRamdo', at 4207257 has return bytes: b''
2024-07-14 15:09:38,393 : Function 'sub_403299' with 'dgaRamdo', at 4207257 has return value: 
2024-07-14 15:09:38,393 : Not a candidate function: 'sub_403299' at 0x403299, has return vale: <BV64 0x0>
2024-07-14 15:09:38,394 : [22/151] Analyzing Function 'register_tm_clones', at 0x4032a0
2024-07-14 15:09:38,394 : Could not get get prototype of function register_tm_clones at 0x4032a0
2024-07-14 15:09:38,394 : Could not check the args and return value but moving on because of self.analyze_if_unknown_prototype.
2024-07-14 15:09:39,280 : Function register_tm_clones at 0x4032a0: Running angr callable with concrete arguments.
2024-07-14 15:09:40,136 : Function register_tm_clones at 0x4032a0 has return value: <BV64 0x0>
2024-07-14 15:09:40,136 : Function 'register_tm_clones' with 'dgaRamdo', at 4207264 has return bytes: b''
2024-07-14 15:09:40,136 : Function 'register_tm_clones' with 'dgaRamdo', at 4207264 has return value: 
2024-07-14 15:09:40,136 : Not a candidate function: 'register_tm_clones' at 0x4032a0, has return vale: <BV64 0x0>
2024-07-14 15:09:40,137 : [23/151] Analyzing Function 'sub_4032d9', at 0x4032d9
2024-07-14 15:09:40,137 : Could not get get prototype of function sub_4032d9 at 0x4032d9
2024-07-14 15:09:40,137 : Could not check the args and return value but moving on because of self.analyze_if_unknown_prototype.
2024-07-14 15:09:41,067 : Function sub_4032d9 at 0x4032d9: Running angr callable with concrete arguments.
2024-07-14 15:09:41,977 : Function sub_4032d9 at 0x4032d9 has return value: <BV64 0x406e70>
2024-07-14 15:09:41,979 : Function 'sub_4032d9' with 'dgaRamdo', at 4207321 has return bytes: b'\x01'
2024-07-14 15:09:41,979 : Function 'sub_4032d9' with 'dgaRamdo', at 4207321 has return value: 
2024-07-14 15:09:41,979 : Not a candidate function: 'sub_4032d9' at 0x4032d9, has return vale: <BV64 0x406e70>
2024-07-14 15:09:41,979 : [24/151] Analyzing Function '__do_global_dtors_aux', at 0x4032e0
2024-07-14 15:09:41,980 : Could not get get prototype of function __do_global_dtors_aux at 0x4032e0
2024-07-14 15:09:41,980 : Could not check the args and return value but moving on because of self.analyze_if_unknown_prototype.
2024-07-14 15:09:42,824 : Function __do_global_dtors_aux at 0x4032e0: Running angr callable with concrete arguments.
2024-07-14 15:09:43,684 : Function __do_global_dtors_aux at 0x4032e0 has return value: <BV64 0x406e70>
2024-07-14 15:09:43,684 : Function '__do_global_dtors_aux' with 'dgaRamdo', at 4207328 has return bytes: b'\x01'
2024-07-14 15:09:43,685 : Function '__do_global_dtors_aux' with 'dgaRamdo', at 4207328 has return value: 
2024-07-14 15:09:43,685 : Not a candidate function: '__do_global_dtors_aux' at 0x4032e0, has return vale: <BV64 0x406e70>
2024-07-14 15:09:43,685 : [25/151] Analyzing Function 'sub_403315', at 0x403315
2024-07-14 15:09:43,685 : Could not get get prototype of function sub_403315 at 0x403315
2024-07-14 15:09:43,685 : Could not check the args and return value but moving on because of self.analyze_if_unknown_prototype.
2024-07-14 15:09:44,551 : Function sub_403315 at 0x403315: Running angr callable with concrete arguments.
2024-07-14 15:09:45,395 : Function sub_403315 at 0x403315 has return value: <BV64 0x0>
2024-07-14 15:09:45,395 : Function 'sub_403315' with 'dgaRamdo', at 4207381 has return bytes: b''
2024-07-14 15:09:45,396 : Function 'sub_403315' with 'dgaRamdo', at 4207381 has return value: 
2024-07-14 15:09:45,396 : Not a candidate function: 'sub_403315' at 0x403315, has return vale: <BV64 0x0>
2024-07-14 15:09:45,396 : [26/151] Analyzing Function 'sub_403319', at 0x403319
2024-07-14 15:09:45,397 : Could not get get prototype of function sub_403319 at 0x403319
2024-07-14 15:09:45,398 : Could not check the args and return value but moving on because of self.analyze_if_unknown_prototype.
2024-07-14 15:09:46,276 : Function sub_403319 at 0x403319: Running angr callable with concrete arguments.
2024-07-14 15:09:47,123 : Function sub_403319 at 0x403319 has return value: <BV64 0x0>
2024-07-14 15:09:47,123 : Function 'sub_403319' with 'dgaRamdo', at 4207385 has return bytes: b''
2024-07-14 15:09:47,124 : Function 'sub_403319' with 'dgaRamdo', at 4207385 has return value: 
2024-07-14 15:09:47,124 : Not a candidate function: 'sub_403319' at 0x403319, has return vale: <BV64 0x0>
2024-07-14 15:09:47,124 : [27/151] Analyzing Function 'frame_dummy', at 0x403320
2024-07-14 15:09:47,124 : Could not get get prototype of function frame_dummy at 0x403320
2024-07-14 15:09:47,124 : Could not check the args and return value but moving on because of self.analyze_if_unknown_prototype.
2024-07-14 15:09:47,975 : Function frame_dummy at 0x403320: Running angr callable with concrete arguments.
2024-07-14 15:09:48,862 : Function frame_dummy at 0x403320 has return value: <BV64 0x0>
2024-07-14 15:09:48,862 : Function 'frame_dummy' with 'dgaRamdo', at 4207392 has return bytes: b''
2024-07-14 15:09:48,863 : Function 'frame_dummy' with 'dgaRamdo', at 4207392 has return value: 
2024-07-14 15:09:48,863 : Not a candidate function: 'frame_dummy' at 0x403320, has return vale: <BV64 0x0>
2024-07-14 15:09:48,863 : [28/151] Analyzing Function 'sub_403329', at 0x403329
2024-07-14 15:09:48,863 : Could not get get prototype of function sub_403329 at 0x403329
2024-07-14 15:09:48,863 : Could not check the args and return value but moving on because of self.analyze_if_unknown_prototype.
2024-07-14 15:09:49,684 : Function sub_403329 at 0x403329: Running angr callable with concrete arguments.
2024-07-14 15:09:50,552 : Function sub_403329 at 0x403329 has return value: <BV64 0x1>
2024-07-14 15:09:50,553 : Function 'sub_403329' with 'dgaRamdo', at 4207401 has return bytes: b''
2024-07-14 15:09:50,553 : Function 'sub_403329' with 'dgaRamdo', at 4207401 has return value: 
2024-07-14 15:09:50,553 : Not a candidate function: 'sub_403329' at 0x403329, has return vale: <BV64 0x1>
2024-07-14 15:09:50,553 : [29/151] Analyzing Function 'llist_append', at 0x403330
2024-07-14 15:09:50,553 : Could not get get prototype of function llist_append at 0x403330
2024-07-14 15:09:50,553 : Could not check the args and return value but moving on because of self.analyze_if_unknown_prototype.
2024-07-14 15:09:51,576 : Function llist_append at 0x403330: Running angr callable with concrete arguments.
2024-07-14 15:09:52,439 : Function llist_append at 0x403330 has return value: <BV64 0x1>
2024-07-14 15:09:52,440 : Function 'llist_append' with 'dgaRamdo', at 4207408 has return bytes: b''
2024-07-14 15:09:52,440 : Function 'llist_append' with 'dgaRamdo', at 4207408 has return value: 
2024-07-14 15:09:52,441 : Not a candidate function: 'llist_append' at 0x403330, has return vale: <BV64 0x1>
2024-07-14 15:09:52,442 : [30/151] Analyzing Function 'sub_40336a', at 0x40336a
2024-07-14 15:09:52,442 : Could not get get prototype of function sub_40336a at 0x40336a
2024-07-14 15:09:52,442 : Could not check the args and return value but moving on because of self.analyze_if_unknown_prototype.
2024-07-14 15:09:53,273 : Function sub_40336a at 0x40336a: Running angr callable with concrete arguments.
2024-07-14 15:09:54,207 : Exception: No paths returned from function
Traceback (most recent call last):
  File "simID_modified.py", line 474, in analyze_sample
    ret_val = check_func(*c_input)
  File "/home/analyst/.local/lib/python3.8/site-packages/angr/callable.py", line 74, in __call__
    self.perform_call(*args, prototype=prototype)
  File "/home/analyst/.local/lib/python3.8/site-packages/angr/callable.py", line 107, in perform_call
    raise AngrCallableError("No paths returned from function")
angr.errors.AngrCallableError: No paths returned from function
2024-07-14 15:09:54,208 : [31/151] Analyzing Function 'sub_40339b', at 0x40339b
2024-07-14 15:09:54,208 : Could not get get prototype of function sub_40339b at 0x40339b
2024-07-14 15:09:54,208 : Could not check the args and return value but moving on because of self.analyze_if_unknown_prototype.
2024-07-14 15:09:55,096 : Function sub_40339b at 0x40339b: Running angr callable with concrete arguments.
2024-07-14 15:09:56,051 : Exception: No paths returned from function
Traceback (most recent call last):
  File "simID_modified.py", line 474, in analyze_sample
    ret_val = check_func(*c_input)
  File "/home/analyst/.local/lib/python3.8/site-packages/angr/callable.py", line 74, in __call__
    self.perform_call(*args, prototype=prototype)
  File "/home/analyst/.local/lib/python3.8/site-packages/angr/callable.py", line 107, in perform_call
    raise AngrCallableError("No paths returned from function")
angr.errors.AngrCallableError: No paths returned from function
2024-07-14 15:09:56,052 : [32/151] Analyzing Function 'sub_4033b7', at 0x4033b7
2024-07-14 15:09:56,052 : Could not get get prototype of function sub_4033b7 at 0x4033b7
2024-07-14 15:09:56,052 : Could not check the args and return value but moving on because of self.analyze_if_unknown_prototype.
2024-07-14 15:09:56,971 : Function sub_4033b7 at 0x4033b7: Running angr callable with concrete arguments.
2024-07-14 15:09:57,816 : Exception: No paths returned from function
Traceback (most recent call last):
  File "simID_modified.py", line 474, in analyze_sample
    ret_val = check_func(*c_input)
  File "/home/analyst/.local/lib/python3.8/site-packages/angr/callable.py", line 74, in __call__
    self.perform_call(*args, prototype=prototype)
  File "/home/analyst/.local/lib/python3.8/site-packages/angr/callable.py", line 107, in perform_call
    raise AngrCallableError("No paths returned from function")
angr.errors.AngrCallableError: No paths returned from function
2024-07-14 15:09:57,816 : [33/151] Analyzing Function 'sub_4033cd', at 0x4033cd
2024-07-14 15:09:57,817 : Could not get get prototype of function sub_4033cd at 0x4033cd
2024-07-14 15:09:57,817 : Could not check the args and return value but moving on because of self.analyze_if_unknown_prototype.
2024-07-14 15:09:58,637 : Function sub_4033cd at 0x4033cd: Running angr callable with concrete arguments.
2024-07-14 15:09:59,535 : Exception: No paths returned from function
Traceback (most recent call last):
  File "simID_modified.py", line 474, in analyze_sample
    ret_val = check_func(*c_input)
  File "/home/analyst/.local/lib/python3.8/site-packages/angr/callable.py", line 74, in __call__
    self.perform_call(*args, prototype=prototype)
  File "/home/analyst/.local/lib/python3.8/site-packages/angr/callable.py", line 107, in perform_call
    raise AngrCallableError("No paths returned from function")
angr.errors.AngrCallableError: No paths returned from function
2024-07-14 15:09:59,537 : [34/151] Analyzing Function 'sub_4033d5', at 0x4033d5
2024-07-14 15:09:59,539 : Could not get get prototype of function sub_4033d5 at 0x4033d5
2024-07-14 15:09:59,539 : Could not check the args and return value but moving on because of self.analyze_if_unknown_prototype.
2024-07-14 15:10:00,379 : Function sub_4033d5 at 0x4033d5: Running angr callable with concrete arguments.
2024-07-14 15:10:01,231 : Exception: No paths returned from function
Traceback (most recent call last):
  File "simID_modified.py", line 474, in analyze_sample
    ret_val = check_func(*c_input)
  File "/home/analyst/.local/lib/python3.8/site-packages/angr/callable.py", line 74, in __call__
    self.perform_call(*args, prototype=prototype)
  File "/home/analyst/.local/lib/python3.8/site-packages/angr/callable.py", line 107, in perform_call
    raise AngrCallableError("No paths returned from function")
angr.errors.AngrCallableError: No paths returned from function
2024-07-14 15:10:01,232 : [35/151] Analyzing Function 'sub_4033fc', at 0x4033fc
2024-07-14 15:10:01,232 : Could not get get prototype of function sub_4033fc at 0x4033fc
2024-07-14 15:10:01,233 : Could not check the args and return value but moving on because of self.analyze_if_unknown_prototype.
2024-07-14 15:10:02,115 : Function sub_4033fc at 0x4033fc: Running angr callable with concrete arguments.
2024-07-14 15:10:02,972 : Function sub_4033fc at 0x4033fc has return value: <BV64 0xc0000000>
2024-07-14 15:10:02,974 : Function 'sub_4033fc' with 'dgaRamdo', at 4207612 has return bytes: b'\x10'
2024-07-14 15:10:02,974 : Function 'sub_4033fc' with 'dgaRamdo', at 4207612 has return value: 
2024-07-14 15:10:02,974 : Not a candidate function: 'sub_4033fc' at 0x4033fc, has return vale: <BV64 0xc0000000>
2024-07-14 15:10:02,974 : [36/151] Analyzing Function 'llist_create', at 0x403400
2024-07-14 15:10:02,974 : Could not get get prototype of function llist_create at 0x403400
2024-07-14 15:10:02,975 : Could not check the args and return value but moving on because of self.analyze_if_unknown_prototype.
2024-07-14 15:10:03,798 : Function llist_create at 0x403400: Running angr callable with concrete arguments.
2024-07-14 15:10:04,711 : Function llist_create at 0x403400 has return value: <BV64 0xc0000000>
2024-07-14 15:10:04,713 : Function 'llist_create' with 'dgaRamdo', at 4207616 has return bytes: b'\x10'
2024-07-14 15:10:04,713 : Function 'llist_create' with 'dgaRamdo', at 4207616 has return value: 
2024-07-14 15:10:04,714 : Not a candidate function: 'llist_create' at 0x403400, has return vale: <BV64 0xc0000000>
2024-07-14 15:10:04,715 : [37/151] Analyzing Function 'sub_40343f', at 0x40343f
2024-07-14 15:10:04,715 : Could not get get prototype of function sub_40343f at 0x40343f
2024-07-14 15:10:04,716 : Could not check the args and return value but moving on because of self.analyze_if_unknown_prototype.
2024-07-14 15:10:05,531 : Function sub_40343f at 0x40343f: Running angr callable with concrete arguments.
2024-07-14 15:10:06,443 : Function sub_40343f at 0x40343f has return value: <BV64 0x0>
2024-07-14 15:10:06,445 : Function 'sub_40343f' with 'dgaRamdo', at 4207679 has return bytes: b''
2024-07-14 15:10:06,447 : Function 'sub_40343f' with 'dgaRamdo', at 4207679 has return value: 
2024-07-14 15:10:06,447 : Not a candidate function: 'sub_40343f' at 0x40343f, has return vale: <BV64 0x0>
2024-07-14 15:10:06,447 : [38/151] Analyzing Function 'llist_getIndex', at 0x403440
2024-07-14 15:10:06,448 : Could not get get prototype of function llist_getIndex at 0x403440
2024-07-14 15:10:06,448 : Could not check the args and return value but moving on because of self.analyze_if_unknown_prototype.
2024-07-14 15:10:07,476 : Function llist_getIndex at 0x403440: Running angr callable with concrete arguments.
2024-07-14 15:10:08,461 : Function llist_getIndex at 0x403440 has return value: <BV64 0x0>
2024-07-14 15:10:08,461 : Function 'llist_getIndex' with 'dgaRamdo', at 4207680 has return bytes: b''
2024-07-14 15:10:08,462 : Function 'llist_getIndex' with 'dgaRamdo', at 4207680 has return value: 
2024-07-14 15:10:08,462 : Not a candidate function: 'llist_getIndex' at 0x403440, has return vale: <BV64 0x0>
2024-07-14 15:10:08,462 : [39/151] Analyzing Function 'sub_40345f', at 0x40345f
2024-07-14 15:10:08,462 : Could not get get prototype of function sub_40345f at 0x40345f
2024-07-14 15:10:08,463 : Could not check the args and return value but moving on because of self.analyze_if_unknown_prototype.
2024-07-14 15:10:09,548 : Function sub_40345f at 0x40345f: Running angr callable with concrete arguments.
2024-07-14 15:10:10,519 : Exception: No paths returned from function
Traceback (most recent call last):
  File "simID_modified.py", line 474, in analyze_sample
    ret_val = check_func(*c_input)
  File "/home/analyst/.local/lib/python3.8/site-packages/angr/callable.py", line 74, in __call__
    self.perform_call(*args, prototype=prototype)
  File "/home/analyst/.local/lib/python3.8/site-packages/angr/callable.py", line 107, in perform_call
    raise AngrCallableError("No paths returned from function")
angr.errors.AngrCallableError: No paths returned from function
2024-07-14 15:10:10,520 : [40/151] Analyzing Function 'sub_403483', at 0x403483
2024-07-14 15:10:10,520 : Could not get get prototype of function sub_403483 at 0x403483
2024-07-14 15:10:10,520 : Could not check the args and return value but moving on because of self.analyze_if_unknown_prototype.
2024-07-14 15:10:11,459 : Function sub_403483 at 0x403483: Running angr callable with concrete arguments.
2024-07-14 15:10:12,445 : Exception: No paths returned from function
Traceback (most recent call last):
  File "simID_modified.py", line 474, in analyze_sample
    ret_val = check_func(*c_input)
  File "/home/analyst/.local/lib/python3.8/site-packages/angr/callable.py", line 74, in __call__
    self.perform_call(*args, prototype=prototype)
  File "/home/analyst/.local/lib/python3.8/site-packages/angr/callable.py", line 107, in perform_call
    raise AngrCallableError("No paths returned from function")
angr.errors.AngrCallableError: No paths returned from function
2024-07-14 15:10:12,446 : [41/151] Analyzing Function 'sub_4034c9', at 0x4034c9
2024-07-14 15:10:12,447 : Could not get get prototype of function sub_4034c9 at 0x4034c9
2024-07-14 15:10:12,447 : Could not check the args and return value but moving on because of self.analyze_if_unknown_prototype.
2024-07-14 15:10:13,353 : Function sub_4034c9 at 0x4034c9: Running angr callable with concrete arguments.
2024-07-14 15:10:14,189 : Function sub_4034c9 at 0x4034c9 has return value: <BV64 0xffffffff>
2024-07-14 15:10:14,191 : Function 'sub_4034c9' with 'dgaRamdo', at 4207817 has return bytes: b''
2024-07-14 15:10:14,191 : Function 'sub_4034c9' with 'dgaRamdo', at 4207817 has return value: 
2024-07-14 15:10:14,191 : Not a candidate function: 'sub_4034c9' at 0x4034c9, has return vale: <BV64 0xffffffff>
2024-07-14 15:10:14,191 : [42/151] Analyzing Function 'ord', at 0x4034d0
2024-07-14 15:10:14,191 : Could not get get prototype of function ord at 0x4034d0
2024-07-14 15:10:14,191 : Could not check the args and return value but moving on because of self.analyze_if_unknown_prototype.
2024-07-14 15:10:15,076 : Function ord at 0x4034d0: Running angr callable with concrete arguments.
2024-07-14 15:10:15,955 : Function ord at 0x4034d0 has return value: <BV64 0xffffffff>
2024-07-14 15:10:15,956 : Function 'ord' with 'dgaRamdo', at 4207824 has return bytes: b''
2024-07-14 15:10:15,956 : Function 'ord' with 'dgaRamdo', at 4207824 has return value: 
2024-07-14 15:10:15,956 : Not a candidate function: 'ord' at 0x4034d0, has return vale: <BV64 0xffffffff>
2024-07-14 15:10:15,956 : [43/151] Analyzing Function 'sub_4034d8', at 0x4034d8
2024-07-14 15:10:15,957 : Could not get get prototype of function sub_4034d8 at 0x4034d8
2024-07-14 15:10:15,957 : Could not check the args and return value but moving on because of self.analyze_if_unknown_prototype.
2024-07-14 15:10:16,742 : Function sub_4034d8 at 0x4034d8: Running angr callable with concrete arguments.
2024-07-14 15:10:17,635 : Function sub_4034d8 at 0x4034d8 has return value: <BV64 0x0>
2024-07-14 15:10:17,636 : Function 'sub_4034d8' with 'dgaRamdo', at 4207832 has return bytes: b''
2024-07-14 15:10:17,636 : Function 'sub_4034d8' with 'dgaRamdo', at 4207832 has return value: 
2024-07-14 15:10:17,637 : Not a candidate function: 'sub_4034d8' at 0x4034d8, has return vale: <BV64 0x0>
2024-07-14 15:10:17,637 : [44/151] Analyzing Function 'llist_getLast', at 0x4034e0
2024-07-14 15:10:17,637 : Could not get get prototype of function llist_getLast at 0x4034e0
2024-07-14 15:10:17,637 : Could not check the args and return value but moving on because of self.analyze_if_unknown_prototype.
2024-07-14 15:10:18,435 : Function llist_getLast at 0x4034e0: Running angr callable with concrete arguments.
2024-07-14 15:10:19,275 : Function llist_getLast at 0x4034e0 has return value: <BV64 0x0>
2024-07-14 15:10:19,276 : Function 'llist_getLast' with 'dgaRamdo', at 4207840 has return bytes: b''
2024-07-14 15:10:19,276 : Function 'llist_getLast' with 'dgaRamdo', at 4207840 has return value: 
2024-07-14 15:10:19,276 : Not a candidate function: 'llist_getLast' at 0x4034e0, has return vale: <BV64 0x0>
2024-07-14 15:10:19,276 : [45/151] Analyzing Function 'sub_4034fd', at 0x4034fd
2024-07-14 15:10:19,276 : Could not get get prototype of function sub_4034fd at 0x4034fd
2024-07-14 15:10:19,276 : Could not check the args and return value but moving on because of self.analyze_if_unknown_prototype.
2024-07-14 15:10:20,122 : Function sub_4034fd at 0x4034fd: Running angr callable with concrete arguments.
2024-07-14 15:10:20,949 : Exception: No paths returned from function
Traceback (most recent call last):
  File "simID_modified.py", line 474, in analyze_sample
    ret_val = check_func(*c_input)
  File "/home/analyst/.local/lib/python3.8/site-packages/angr/callable.py", line 74, in __call__
    self.perform_call(*args, prototype=prototype)
  File "/home/analyst/.local/lib/python3.8/site-packages/angr/callable.py", line 107, in perform_call
    raise AngrCallableError("No paths returned from function")
angr.errors.AngrCallableError: No paths returned from function
2024-07-14 15:10:20,949 : [46/151] Analyzing Function 'sub_40351a', at 0x40351a
2024-07-14 15:10:20,950 : Could not get get prototype of function sub_40351a at 0x40351a
2024-07-14 15:10:20,950 : Could not check the args and return value but moving on because of self.analyze_if_unknown_prototype.
2024-07-14 15:10:21,756 : Function sub_40351a at 0x40351a: Running angr callable with concrete arguments.
2024-07-14 15:10:22,655 : Exception: No paths returned from function
Traceback (most recent call last):
  File "simID_modified.py", line 474, in analyze_sample
    ret_val = check_func(*c_input)
  File "/home/analyst/.local/lib/python3.8/site-packages/angr/callable.py", line 74, in __call__
    self.perform_call(*args, prototype=prototype)
  File "/home/analyst/.local/lib/python3.8/site-packages/angr/callable.py", line 107, in perform_call
    raise AngrCallableError("No paths returned from function")
angr.errors.AngrCallableError: No paths returned from function
2024-07-14 15:10:22,657 : [47/151] Analyzing Function 'sub_403561', at 0x403561
2024-07-14 15:10:22,658 : Could not get get prototype of function sub_403561 at 0x403561
2024-07-14 15:10:22,658 : Could not check the args and return value but moving on because of self.analyze_if_unknown_prototype.
2024-07-14 15:10:23,439 : Function sub_403561 at 0x403561: Running angr callable with concrete arguments.
2024-07-14 15:10:24,265 : Function sub_403561 at 0x403561 has return value: <BV64 0xc0000010>
2024-07-14 15:10:24,266 : Function 'sub_403561' with 'dgaRamdo', at 4207969 has return bytes: b''
2024-07-14 15:10:24,266 : Function 'sub_403561' with 'dgaRamdo', at 4207969 has return value: 
2024-07-14 15:10:24,266 : Not a candidate function: 'sub_403561' at 0x403561, has return vale: <BV64 0xc0000010>
2024-07-14 15:10:24,266 : [48/151] Analyzing Function 'init', at 0x403570
2024-07-14 15:10:24,268 : Could not get get prototype of function init at 0x403570
2024-07-14 15:10:24,268 : Could not check the args and return value but moving on because of self.analyze_if_unknown_prototype.
2024-07-14 15:10:25,112 : Function init at 0x403570: Running angr callable with concrete arguments.
2024-07-14 15:10:25,968 : Function init at 0x403570 has return value: <BV64 0xc0000010>
2024-07-14 15:10:25,969 : Function 'init' with 'dgaRamdo', at 4207984 has return bytes: b''
2024-07-14 15:10:25,969 : Function 'init' with 'dgaRamdo', at 4207984 has return value: 
2024-07-14 15:10:25,969 : Not a candidate function: 'init' at 0x403570, has return vale: <BV64 0xc0000010>
2024-07-14 15:10:25,969 : [49/151] Analyzing Function 'sub_4035c4', at 0x4035c4
2024-07-14 15:10:25,969 : Could not get get prototype of function sub_4035c4 at 0x4035c4
2024-07-14 15:10:25,969 : Could not check the args and return value but moving on because of self.analyze_if_unknown_prototype.
2024-07-14 15:10:26,824 : Function sub_4035c4 at 0x4035c4: Running angr callable with concrete arguments.
2024-07-14 15:10:27,648 : Function sub_4035c4 at 0x4035c4 has return value: <BV64 0x0>
2024-07-14 15:10:27,650 : Function 'sub_4035c4' with 'dgaRamdo', at 4208068 has return bytes: b''
2024-07-14 15:10:27,651 : Function 'sub_4035c4' with 'dgaRamdo', at 4208068 has return value: 
2024-07-14 15:10:27,651 : Not a candidate function: 'sub_4035c4' at 0x4035c4, has return vale: <BV64 0x0>
2024-07-14 15:10:27,651 : [50/151] Analyzing Function 'init_program', at 0x4035d0
2024-07-14 15:10:27,651 : Could not get get prototype of function init_program at 0x4035d0
2024-07-14 15:10:27,651 : Could not check the args and return value but moving on because of self.analyze_if_unknown_prototype.
2024-07-14 15:10:28,432 : Function init_program at 0x4035d0: Running angr callable with concrete arguments.
2024-07-14 15:10:29,301 : Function init_program at 0x4035d0 has return value: <BV64 0x0>
2024-07-14 15:10:29,302 : Function 'init_program' with 'dgaRamdo', at 4208080 has return bytes: b''
2024-07-14 15:10:29,302 : Function 'init_program' with 'dgaRamdo', at 4208080 has return value: 
2024-07-14 15:10:29,302 : Not a candidate function: 'init_program' at 0x4035d0, has return vale: <BV64 0x0>
2024-07-14 15:10:29,302 : [51/151] Analyzing Function 'sub_4035d5', at 0x4035d5
2024-07-14 15:10:29,303 : Could not get get prototype of function sub_4035d5 at 0x4035d5
2024-07-14 15:10:29,303 : Could not check the args and return value but moving on because of self.analyze_if_unknown_prototype.
2024-07-14 15:10:30,140 : Function sub_4035d5 at 0x4035d5: Running angr callable with concrete arguments.
2024-07-14 15:10:31,095 : Function sub_4035d5 at 0x4035d5 has return value: <BV64 0xc0000000>
2024-07-14 15:10:31,096 : Function 'sub_4035d5' with 'dgaRamdo', at 4208085 has return bytes: b''
2024-07-14 15:10:31,097 : Function 'sub_4035d5' with 'dgaRamdo', at 4208085 has return value: 
2024-07-14 15:10:31,097 : Not a candidate function: 'sub_4035d5' at 0x4035d5, has return vale: <BV64 0xc0000000>
2024-07-14 15:10:31,098 : [52/151] Analyzing Function 'joinChr', at 0x4035e0
2024-07-14 15:10:31,098 : Could not get get prototype of function joinChr at 0x4035e0
2024-07-14 15:10:31,098 : Could not check the args and return value but moving on because of self.analyze_if_unknown_prototype.
2024-07-14 15:10:32,141 : Function joinChr at 0x4035e0: Running angr callable with concrete arguments.
2024-07-14 15:10:33,023 : Function joinChr at 0x4035e0 has return value: <BV64 0xc0000000>
2024-07-14 15:10:33,024 : Function 'joinChr' with 'dgaRamdo', at 4208096 has return bytes: b''
2024-07-14 15:10:33,024 : Function 'joinChr' with 'dgaRamdo', at 4208096 has return value: 
2024-07-14 15:10:33,024 : Not a candidate function: 'joinChr' at 0x4035e0, has return vale: <BV64 0xc0000000>
2024-07-14 15:10:33,025 : [53/151] Analyzing Function 'sub_403632', at 0x403632
2024-07-14 15:10:33,025 : Could not get get prototype of function sub_403632 at 0x403632
2024-07-14 15:10:33,025 : Could not check the args and return value but moving on because of self.analyze_if_unknown_prototype.
2024-07-14 15:10:33,911 : Function sub_403632 at 0x403632: Running angr callable with concrete arguments.
2024-07-14 15:10:34,896 : Function sub_403632 at 0x403632 has return value: <BV64 0xc0000000>
2024-07-14 15:10:34,896 : Function 'sub_403632' with 'dgaRamdo', at 4208178 has return bytes: b'\x8a'
2024-07-14 15:10:34,897 : Could not decode the return value <BV64 0xc0000000> of function sub_403632 at 0x403632. Because of 'utf-8' codec can't decode byte 0x8a in position 0: invalid start byte
Traceback (most recent call last):
  File "simID_modified.py", line 478, in analyze_sample
    comparison = self.output_comparison(expected_output, db_data[str(arg_nb)][arg_str][func_name]['output_type'], ret_val, func_name, func.name, func.addr, check_func.result_state)
  File "simID_modified.py", line 286, in output_comparison
    ret_val = ret_bytes.decode("utf-8")
UnicodeDecodeError: 'utf-8' codec can't decode byte 0x8a in position 0: invalid start byte
2024-07-14 15:10:34,897 : [54/151] Analyzing Function 'chr', at 0x403640
2024-07-14 15:10:34,897 : Could not get get prototype of function chr at 0x403640
2024-07-14 15:10:34,897 : Could not check the args and return value but moving on because of self.analyze_if_unknown_prototype.
2024-07-14 15:10:35,784 : Function chr at 0x403640: Running angr callable with concrete arguments.
2024-07-14 15:10:36,715 : Function chr at 0x403640 has return value: <BV64 0xc0000000>
2024-07-14 15:10:36,716 : Function 'chr' with 'dgaRamdo', at 4208192 has return bytes: b'\x8a'
2024-07-14 15:10:36,716 : Could not decode the return value <BV64 0xc0000000> of function chr at 0x403640. Because of 'utf-8' codec can't decode byte 0x8a in position 0: invalid start byte
Traceback (most recent call last):
  File "simID_modified.py", line 478, in analyze_sample
    comparison = self.output_comparison(expected_output, db_data[str(arg_nb)][arg_str][func_name]['output_type'], ret_val, func_name, func.name, func.addr, check_func.result_state)
  File "simID_modified.py", line 286, in output_comparison
    ret_val = ret_bytes.decode("utf-8")
UnicodeDecodeError: 'utf-8' codec can't decode byte 0x8a in position 0: invalid start byte
2024-07-14 15:10:36,717 : [55/151] Analyzing Function 'sub_403659', at 0x403659
2024-07-14 15:10:36,717 : Could not get get prototype of function sub_403659 at 0x403659
2024-07-14 15:10:36,717 : Could not check the args and return value but moving on because of self.analyze_if_unknown_prototype.
2024-07-14 15:10:37,613 : Function sub_403659 at 0x403659: Running angr callable with concrete arguments.
2024-07-14 15:19:47,907 : Function sub_403659 at 0x403659 has return value: <BV64 0x7fffffffffe9ba2>
2024-07-14 15:19:47,913 : Function 'sub_403659' with 'dgaRamdo', at 4208217 has return bytes: b'kusumyekqaaskcqw.org'
2024-07-14 15:19:47,913 : Function 'sub_403659' with 'dgaRamdo', at 4208217 has return value: kusumyekqaaskcqw.org
2024-07-14 15:19:47,916 : ********************************************************************************
2024-07-14 15:19:47,917 : End: 2024-07-14 15:19:47.917232
